<!DOCTYPE html PUBLIC "-//W3C//DTD XHTML 1.1//EN" "https://www.w3.org/TR/xhtml11/DTD/xhtml11.dtd">
<html xmlns="https://www.w3.org/1999/xhtml">
<head>
<meta http-equiv="content-type" content="text/html; charset=UTF-8"/>
<title>TestNG Report</title>
<style type="text/css">table {margin-bottom:10px;border-collapse:collapse;empty-cells:show}th,td {border:1px solid #009;padding:.25em .5em}th {vertical-align:bottom}td {vertical-align:top}table a {font-weight:bold}.stripe td {background-color: #E6EBF9}.num {text-align:right}.passedodd td {background-color: #3F3}.passedeven td {background-color: #0A0}.skippedodd td {background-color: #DDD}.skippedeven td {background-color: #CCC}.failedodd td,.attn {background-color: #F33}.failedeven td,.stripe .attn {background-color: #D00}.stacktrace {white-space:pre;font-family:monospace}.totop {font-size:85%;text-align:center;border-bottom:2px solid #000}.invisible {display:none}</style>
</head>
<body>
<table>
<tr><th>Test</th><th># Passed</th><th># Skipped</th><th># Retried</th><th># Failed</th><th>Time (ms)</th><th>Included Groups</th><th>Excluded Groups</th></tr>
<tr><th colspan="8">All Test Suite</th></tr>
<tr><td><a href="#t0">D:/Shopizer_test/shopizertest</a></td><td class="num">70</td><td class="num">0</td><td class="num">0</td><td class="num attn">19</td><td class="num">5,149,337</td><td></td><td></td></tr>
</table>
<table id='summary'><thead><tr><th>Class</th><th>Method</th><th>Start</th><th>Time (ms)</th></tr></thead><tbody><tr><th colspan="4">All Test Suite</th></tr></tbody><tbody id="t0"><tr><th colspan="4">D:/Shopizer_test/shopizertest &#8212; failed</th></tr><tr class="failedeven"><td rowspan="3">ShopizerAdmin.TestCase.CustomerManagement.CustomerManagementTest</td><td><a href="#m0">AddCustomer</a></td><td rowspan="1">1690389617478</td><td rowspan="1">58243</td></tr><tr class="failedeven"><td><a href="#m1">EditCustomer</a></td><td rowspan="1">1690389680091</td><td rowspan="1">31055</td></tr><tr class="failedeven"><td><a href="#m2">RemoveCustomer</a></td><td rowspan="1">1690389715571</td><td rowspan="1">31097</td></tr><tr class="failedodd"><td rowspan="1">ShopizerAdmin.TestCase.InventoryManagement.BrandTest.BrandTest</td><td><a href="#m3">SearchByName</a></td><td rowspan="1">1690385806504</td><td rowspan="1">35364</td></tr><tr class="failedeven"><td rowspan="1">ShopizerAdmin.TestCase.InventoryManagement.ProductOptionsTest.OptionsTest.OptionsTest</td><td><a href="#m4">SearchByName</a></td><td rowspan="1">1690386243657</td><td rowspan="1">35359</td></tr><tr class="failedodd"><td rowspan="1">ShopizerAdmin.TestCase.InventoryManagement.ProductOptionsTest.ValuesTest.ValuesTest</td><td><a href="#m5">ValuesTest</a></td><td rowspan="1">1690386390051</td><td rowspan="1">41827</td></tr><tr class="failedeven"><td rowspan="1">ShopizerAdmin.TestCase.InventoryManagement.ProductsGroupsTest.ProductsGroupsTest</td><td><a href="#m6">ProductsGroupsSameID</a></td><td rowspan="1">1690388806692</td><td rowspan="1">15531</td></tr><tr class="failedodd"><td rowspan="1">ShopizerAdmin.TestCase.InventoryManagement.ProductsTest.ProductsTest</td><td><a href="#m7">EditProduct</a></td><td rowspan="1">1690388664862</td><td rowspan="1">38781</td></tr><tr class="failedeven"><td rowspan="1">ShopizerAdmin.TestCase.InventoryManagement.ProductsTypesTest.ProductsTypesTest</td><td><a href="#m8">EditProductsTypes</a></td><td rowspan="1">1690385622541</td><td rowspan="1">15819</td></tr><tr class="failedodd"><td rowspan="2">ShopizerAdmin.TestCase.ShippingManagement.ExpeditionTest.ExpeditionTest</td><td><a href="#m9">CountryUnselect</a></td><td rowspan="1">1690389101493</td><td rowspan="1">16679</td></tr><tr class="failedodd"><td><a href="#m10">DomesticSelect</a></td><td rowspan="1">1690389060257</td><td rowspan="1">12729</td></tr><tr class="failedeven"><td rowspan="1">ShopizerAdmin.TestCase.TaxManagement.RateTest.RateTest</td><td><a href="#m11">AddTaxRate</a></td><td rowspan="1">1690389469881</td><td rowspan="1">28501</td></tr><tr class="failedodd"><td rowspan="1">ShopizerAdmin.TestCase.UserManagement.UserManagementTest</td><td><a href="#m12">EditUser</a></td><td rowspan="1">1690385428784</td><td rowspan="1">13847</td></tr><tr class="failedeven"><td rowspan="3">ShopizerUser.TestCase.CartTest.CartTest</td><td><a href="#m13">RemoveAllProductsFromCart</a></td><td rowspan="1">1690390205323</td><td rowspan="1">13095</td></tr><tr class="failedeven"><td><a href="#m14">RemoveProductFromCart</a></td><td rowspan="1">1690390133037</td><td rowspan="1">12827</td></tr><tr class="failedeven"><td><a href="#m15">RemoveProductFromMiniCart</a></td><td rowspan="1">1690390150551</td><td rowspan="1">11699</td></tr><tr class="failedodd"><td rowspan="1">ShopizerUser.TestCase.CheckoutTest.CheckoutTest</td><td><a href="#m16">CheckoutTest</a></td><td rowspan="1">1690390223003</td><td rowspan="1">25524</td></tr><tr class="failedeven"><td rowspan="2">ShopizerUser.TestCase.ProductInforTest.ProductInforTest</td><td><a href="#m17">AddReview</a></td><td rowspan="1">1690390083834</td><td rowspan="1">20089</td></tr><tr class="failedeven"><td><a href="#m18">ProductInfor</a></td><td rowspan="1">1690390048045</td><td rowspan="1">31258</td></tr><tr><th colspan="4">D:/Shopizer_test/shopizertest &#8212; passed</th></tr><tr class="passedeven"><td rowspan="3">ShopizerAdmin.TestCase.ContentManagement.BoxesTest.BoxesTest</td><td><a href="#m19">AddBox</a></td><td rowspan="1">1690388978555</td><td rowspan="1">17898</td></tr><tr class="passedeven"><td><a href="#m20">EditBox</a></td><td rowspan="1">1690389000938</td><td rowspan="1">15803</td></tr><tr class="passedeven"><td><a href="#m21">RemoveBox</a></td><td rowspan="1">1690389021312</td><td rowspan="1">34470</td></tr><tr class="passedodd"><td rowspan="3">ShopizerAdmin.TestCase.ContentManagement.PagesTest.PagesTest</td><td><a href="#m22">AddPage</a></td><td rowspan="1">1690388888319</td><td rowspan="1">27585</td></tr><tr class="passedodd"><td><a href="#m23">EditPage</a></td><td rowspan="1">1690388920422</td><td rowspan="1">14831</td></tr><tr class="passedodd"><td><a href="#m24">RemovePage</a></td><td rowspan="1">1690388939685</td><td rowspan="1">34404</td></tr><tr class="passedeven"><td rowspan="5">ShopizerAdmin.TestCase.InventoryManagement.BrandTest.BrandTest</td><td><a href="#m25">AddBrandSameID</a></td><td rowspan="1">1690385866063</td><td rowspan="1">41126</td></tr><tr class="passedeven"><td><a href="#m26">BrandTest</a></td><td rowspan="1">1690385685545</td><td rowspan="1">116348</td></tr><tr class="passedeven"><td><a href="#m27">EditBrand</a></td><td rowspan="1">1690385911910</td><td rowspan="1">16797</td></tr><tr class="passedeven"><td><a href="#m28">RemoveBrand</a></td><td rowspan="1">1690385933553</td><td rowspan="1">35578</td></tr><tr class="passedeven"><td><a href="#m29">SearchByCode</a></td><td rowspan="1">1690385846334</td><td rowspan="1">15306</td></tr><tr class="passedodd"><td rowspan="5">ShopizerAdmin.TestCase.InventoryManagement.CategoryTest.CategoryTest</td><td><a href="#m30">AddCategorySameID</a></td><td rowspan="1">1690386068551</td><td rowspan="1">41941</td></tr><tr class="passedodd"><td><a href="#m31">CategoryTest</a></td><td rowspan="1">1690385973651</td><td rowspan="1">69179</td></tr><tr class="passedodd"><td><a href="#m32">EditCategory</a></td><td rowspan="1">1690386114990</td><td rowspan="1">16955</td></tr><tr class="passedodd"><td><a href="#m33">RemoveCategory</a></td><td rowspan="1">1690386136511</td><td rowspan="1">35546</td></tr><tr class="passedodd"><td><a href="#m34">SearchByName</a></td><td rowspan="1">1690386048643</td><td rowspan="1">15505</td></tr><tr class="passedeven"><td rowspan="4">ShopizerAdmin.TestCase.InventoryManagement.ProductOptionsTest.OptionsTest.OptionsTest</td><td><a href="#m35">AddOptionsSameID</a></td><td rowspan="1">1690386283461</td><td rowspan="1">39698</td></tr><tr class="passedeven"><td><a href="#m36">EditOptions</a></td><td rowspan="1">1690386327596</td><td rowspan="1">17989</td></tr><tr class="passedeven"><td><a href="#m37">OptionsTest</a></td><td rowspan="1">1690386176528</td><td rowspan="1">62065</td></tr><tr class="passedeven"><td><a href="#m38">RemoveOptions</a></td><td rowspan="1">1690386350115</td><td rowspan="1">35479</td></tr><tr class="passedodd"><td rowspan="4">ShopizerAdmin.TestCase.InventoryManagement.ProductsGroupsTest.ProductsGroupsTest</td><td><a href="#m39">EditProductsGroups</a></td><td rowspan="1">1690388826668</td><td rowspan="1">16965</td></tr><tr class="passedodd"><td><a href="#m40">ProductsGroupsTest</a></td><td rowspan="1">1690388749165</td><td rowspan="1">32542</td></tr><tr class="passedodd"><td><a href="#m41">RemoveProductsGroups</a></td><td rowspan="1">1690388848231</td><td rowspan="1">35571</td></tr><tr class="passedodd"><td><a href="#m42">SearchByCode</a></td><td rowspan="1">1690388786266</td><td rowspan="1">15711</td></tr><tr class="passedeven"><td rowspan="5">ShopizerAdmin.TestCase.InventoryManagement.ProductsTest.ProductsTest</td><td><a href="#m43">AddProductSameID</a></td><td rowspan="1">1690388604562</td><td rowspan="1">55857</td></tr><tr class="passedeven"><td><a href="#m44">ProductsTest</a></td><td rowspan="1">1690386436356</td><td rowspan="1">2123980</td></tr><tr class="passedeven"><td><a href="#m45">RemoveProduct</a></td><td rowspan="1">1690388708298</td><td rowspan="1">36456</td></tr><tr class="passedeven"><td><a href="#m46">SearchByID</a></td><td rowspan="1">1690388565045</td><td rowspan="1">15354</td></tr><tr class="passedeven"><td><a href="#m47">SearchByName</a></td><td rowspan="1">1690388584802</td><td rowspan="1">15377</td></tr><tr class="passedodd"><td rowspan="4">ShopizerAdmin.TestCase.InventoryManagement.ProductsTypesTest.ProductsTypesTest</td><td><a href="#m48">ProductsTypesSameID</a></td><td rowspan="1">1690385577110</td><td rowspan="1">40776</td></tr><tr class="passedodd"><td><a href="#m49">ProductsTypesTest</a></td><td rowspan="1">1690385484215</td><td rowspan="1">68416</td></tr><tr class="passedodd"><td><a href="#m50">RemoveProductsTypes</a></td><td rowspan="1">1690385645759</td><td rowspan="1">35379</td></tr><tr class="passedodd"><td><a href="#m51">SearchByCode</a></td><td rowspan="1">1690385557134</td><td rowspan="1">15465</td></tr><tr class="passedeven"><td rowspan="3">ShopizerAdmin.TestCase.Login.LoginTest</td><td><a href="#m52">LoginTest</a></td><td rowspan="1">1690385149522</td><td rowspan="1">8387</td></tr><tr class="passedeven"><td><a href="#m53">LoginWithInvalidEmail</a></td><td rowspan="1">1690385105333</td><td rowspan="1">27839</td></tr><tr class="passedeven"><td><a href="#m54">LoginWithWrongPassword</a></td><td rowspan="1">1690385137867</td><td rowspan="1">7039</td></tr><tr class="passedodd"><td rowspan="1">ShopizerAdmin.TestCase.ShippingManagement.ExpeditionTest.ExpeditionTest</td><td><a href="#m55">CountrySelect</a></td><td rowspan="1">1690389078139</td><td rowspan="1">18942</td></tr><tr class="passedeven"><td rowspan="4">ShopizerAdmin.TestCase.ShippingManagement.PackagingTest.PackagingTest</td><td><a href="#m56">AddBox</a></td><td rowspan="1">1690389154767</td><td rowspan="1">92485</td></tr><tr class="passedeven"><td><a href="#m57">AddBoxSameCode</a></td><td rowspan="1">1690389251783</td><td rowspan="1">44962</td></tr><tr class="passedeven"><td><a href="#m58">EditBox</a></td><td rowspan="1">1690389301179</td><td rowspan="1">16627</td></tr><tr class="passedeven"><td><a href="#m59">RemoveBox</a></td><td rowspan="1">1690389322465</td><td rowspan="1">33536</td></tr><tr class="passedodd"><td rowspan="1">ShopizerAdmin.TestCase.ShippingManagement.ShippingOriginTest.ShippingOriginTest</td><td><a href="#m60">AddShippingOrigin</a></td><td rowspan="1">1690389122871</td><td rowspan="1">27458</td></tr><tr class="passedeven"><td rowspan="5">ShopizerAdmin.TestCase.StoreManagement.StoreManagementTest</td><td><a href="#m61">EditStore</a></td><td rowspan="1">1690385234778</td><td rowspan="1">14821</td></tr><tr class="passedeven"><td><a href="#m62">RemoveStore</a></td><td rowspan="1">1690385254163</td><td rowspan="1">34467</td></tr><tr class="passedeven"><td><a href="#m63">SearchByEmail</a></td><td rowspan="1">1690385215649</td><td rowspan="1">14645</td></tr><tr class="passedeven"><td><a href="#m64">SearchByName</a></td><td rowspan="1">1690385196238</td><td rowspan="1">14807</td></tr><tr class="passedeven"><td><a href="#m65">StoreTest</a></td><td rowspan="1">1690385162879</td><td rowspan="1">28743</td></tr><tr class="passedodd"><td rowspan="4">ShopizerAdmin.TestCase.TaxManagement.ClassTest.ClassTest</td><td><a href="#m66">AddClass</a></td><td rowspan="1">1690389360413</td><td rowspan="1">48402</td></tr><tr class="passedodd"><td><a href="#m67">AddClassSameCode</a></td><td rowspan="1">1690389413276</td><td rowspan="1">15453</td></tr><tr class="passedodd"><td><a href="#m68">EditClass</a></td><td rowspan="1">1690389433394</td><td rowspan="1">14558</td></tr><tr class="passedodd"><td><a href="#m69">RemoveClass</a></td><td rowspan="1">1690389452531</td><td rowspan="1">12935</td></tr><tr class="passedeven"><td rowspan="3">ShopizerAdmin.TestCase.TaxManagement.RateTest.RateTest</td><td><a href="#m70">AddTaxRateSameCode</a></td><td rowspan="1">1690389502840</td><td rowspan="1">49362</td></tr><tr class="passedeven"><td><a href="#m71">EditRate</a></td><td rowspan="1">1690389556678</td><td rowspan="1">18541</td></tr><tr class="passedeven"><td><a href="#m72">RemoveRate</a></td><td rowspan="1">1690389579676</td><td rowspan="1">33295</td></tr><tr class="passedodd"><td rowspan="6">ShopizerAdmin.TestCase.UserManagement.UserManagementTest</td><td><a href="#m73">AddUserTest</a></td><td rowspan="1">1690385345060</td><td rowspan="1">40506</td></tr><tr class="passedodd"><td><a href="#m74">AddUserWithInvalidEmail</a></td><td rowspan="1">1690385293791</td><td rowspan="1">18889</td></tr><tr class="passedodd"><td><a href="#m75">AddUserWithWrongPassword</a></td><td rowspan="1">1690385317445</td><td rowspan="1">23128</td></tr><tr class="passedodd"><td><a href="#m76">RemoveUser</a></td><td rowspan="1">1690385447280</td><td rowspan="1">32472</td></tr><tr class="passedodd"><td><a href="#m77">SearchByEmail</a></td><td rowspan="1">1690385409075</td><td rowspan="1">14607</td></tr><tr class="passedodd"><td><a href="#m78">SearchByName</a></td><td rowspan="1">1690385390071</td><td rowspan="1">14467</td></tr><tr class="passedeven"><td rowspan="1">ShopizerUser.TestCase.AccountTest.AccountTest</td><td><a href="#m79">UpdateBillingAddress</a></td><td rowspan="1">1690389927331</td><td rowspan="1">115999</td></tr><tr class="passedodd"><td rowspan="2">ShopizerUser.TestCase.CartTest.CartTest</td><td><a href="#m80">AddCartTest</a></td><td rowspan="1">1690390108470</td><td rowspan="1">20074</td></tr><tr class="passedodd"><td><a href="#m81">RemoveProductFromCartByQuantity</a></td><td rowspan="1">1690390166713</td><td rowspan="1">32904</td></tr><tr class="passedeven"><td rowspan="3">ShopizerUser.TestCase.Login.LoginTest</td><td><a href="#m82">LoginTest</a></td><td rowspan="1">1690389913641</td><td rowspan="1">9279</td></tr><tr class="passedeven"><td><a href="#m83">LoginWithInvalidEmail</a></td><td rowspan="1">1690389887946</td><td rowspan="1">7895</td></tr><tr class="passedeven"><td><a href="#m84">LoginWithWrongPassword</a></td><td rowspan="1">1690389900223</td><td rowspan="1">8982</td></tr><tr class="passedodd"><td rowspan="4">ShopizerUser.TestCase.Register.RegisterTest</td><td><a href="#m85">RegisterTest</a></td><td rowspan="1">1690389778520</td><td rowspan="1">84971</td></tr><tr class="passedodd"><td><a href="#m86">RegisterWithInvalidEmail</a></td><td rowspan="1">1690389751192</td><td rowspan="1">8338</td></tr><tr class="passedodd"><td><a href="#m87">RegisterWithSameEmail</a></td><td rowspan="1">1690389868022</td><td rowspan="1">15553</td></tr><tr class="passedodd"><td><a href="#m88">RegisterWithWrongPassword</a></td><td rowspan="1">1690389763978</td><td rowspan="1">10137</td></tr></tbody>
</table>
<h2>D:/Shopizer_test/shopizertest</h2><h3 id="m0">ShopizerAdmin.TestCase.CustomerManagement.CustomerManagementTest#AddCustomer</h3><table class="result"><tr><th>Exception</th></tr><tr><td><div class="stacktrace">org.openqa.selenium.NoSuchElementException: no such element: Unable to locate element: {&quot;method&quot;:&quot;xpath&quot;,&quot;selector&quot;:&quot;/html[1]/body[1]/ngx-app[1]/div[1]/ngx-pages[1]/ngx-sample-layout[1]/nb-layout[1]/div[1]/div[1]/div[1]/div[1]/div[1]/nb-layout-column[1]/ngx-customer[1]/div[1]/div[1]/ngx-list[1]/nb-card[1]/nb-card-body[1]/div[1]/ng2-smart-table[1]/table[1]/tbody[1]/tr[1]/td[3]/ng2-smart-table-cell[1]/table-cell-view-mode[1]/div[1]/div[1]&quot;}
  (Session info: chrome=115.0.5790.110)
For documentation on this error, please visit: https://www.seleniumhq.org/exceptions/no_such_element.html
Build info: version: &apos;3.141.59&apos;, revision: &apos;e82be7d358&apos;, time: &apos;2018-11-14T08:17:03&apos;
System info: host: &apos;DESKTOP-EU216N6&apos;, ip: &apos;192.168.1.106&apos;, os.name: &apos;Windows 10&apos;, os.arch: &apos;amd64&apos;, os.version: &apos;10.0&apos;, java.version: &apos;15.0.2&apos;
Driver info: org.openqa.selenium.chrome.ChromeDriver
Capabilities {acceptInsecureCerts: false, browserName: chrome, browserVersion: 115.0.5790.110, chrome: {chromedriverVersion: 114.0.5735.90 (386bc09e8f4f..., userDataDir: C:\Users\ANHTU~1\AppData\Lo...}, goog:chromeOptions: {debuggerAddress: localhost:55338}, javascriptEnabled: true, networkConnectionEnabled: false, pageLoadStrategy: normal, platform: WINDOWS, platformName: WINDOWS, proxy: Proxy(), setWindowRect: true, strictFileInteractability: false, timeouts: {implicit: 0, pageLoad: 300000, script: 30000}, unhandledPromptBehavior: dismiss and notify, webauthn:extension:credBlob: true, webauthn:extension:largeBlob: true, webauthn:extension:minPinLength: true, webauthn:extension:prf: true, webauthn:virtualAuthenticators: true}
Session ID: ee8bfe372205a63475695e9c97878a60
*** Element info: {Using=xpath, value=/html[1]/body[1]/ngx-app[1]/div[1]/ngx-pages[1]/ngx-sample-layout[1]/nb-layout[1]/div[1]/div[1]/div[1]/div[1]/div[1]/nb-layout-column[1]/ngx-customer[1]/div[1]/div[1]/ngx-list[1]/nb-card[1]/nb-card-body[1]/div[1]/ng2-smart-table[1]/table[1]/tbody[1]/tr[1]/td[3]/ng2-smart-table-cell[1]/table-cell-view-mode[1]/div[1]/div[1]}
	at jdk.internal.reflect.GeneratedConstructorAccessor56.newInstance(Unknown Source)
	at java.base/jdk.internal.reflect.DelegatingConstructorAccessorImpl.newInstance(DelegatingConstructorAccessorImpl.java:45)
	at java.base/java.lang.reflect.Constructor.newInstanceWithCaller(Constructor.java:500)
	at java.base/java.lang.reflect.Constructor.newInstance(Constructor.java:481)
	at org.openqa.selenium.remote.http.W3CHttpResponseCodec.createException(W3CHttpResponseCodec.java:187)
	at org.openqa.selenium.remote.http.W3CHttpResponseCodec.decode(W3CHttpResponseCodec.java:122)
	at org.openqa.selenium.remote.http.W3CHttpResponseCodec.decode(W3CHttpResponseCodec.java:49)
	at org.openqa.selenium.remote.HttpCommandExecutor.execute(HttpCommandExecutor.java:158)
	at org.openqa.selenium.remote.service.DriverCommandExecutor.execute(DriverCommandExecutor.java:83)
	at org.openqa.selenium.remote.RemoteWebDriver.execute(RemoteWebDriver.java:552)
	at org.openqa.selenium.remote.RemoteWebDriver.findElement(RemoteWebDriver.java:323)
	at org.openqa.selenium.remote.RemoteWebDriver.findElementByXPath(RemoteWebDriver.java:428)
	at org.openqa.selenium.By$ByXPath.findElement(By.java:353)
	at org.openqa.selenium.remote.RemoteWebDriver.findElement(RemoteWebDriver.java:315)
	at Initialization.ValidateHelper.getText(ValidateHelper.java:80)
	at ShopizerAdmin.Pages.CustomerManagementPage.CustomerManagementPage.ListCheck(CustomerManagementPage.java:68)
	at ShopizerAdmin.Pages.CustomerManagementPage.CustomerManagementPage.AddCustomer(CustomerManagementPage.java:65)
	at ShopizerAdmin.TestCase.CustomerManagement.CustomerManagementTest.AddCustomer(CustomerManagementTest.java:21)
	at java.base/jdk.internal.reflect.NativeMethodAccessorImpl.invoke0(Native Method)
	at java.base/jdk.internal.reflect.NativeMethodAccessorImpl.invoke(NativeMethodAccessorImpl.java:64)
	at java.base/jdk.internal.reflect.DelegatingMethodAccessorImpl.invoke(DelegatingMethodAccessorImpl.java:43)
	at java.base/java.lang.reflect.Method.invoke(Method.java:564)
	at org.testng.internal.MethodInvocationHelper.invokeMethod(MethodInvocationHelper.java:133)
	at org.testng.internal.TestInvoker.invokeMethod(TestInvoker.java:598)
	at org.testng.internal.TestInvoker.invokeTestMethod(TestInvoker.java:173)
	at org.testng.internal.MethodRunner.runInSequence(MethodRunner.java:46)
	at org.testng.internal.TestInvoker$MethodInvocationAgent.invoke(TestInvoker.java:824)
	at org.testng.internal.TestInvoker.invokeTestMethods(TestInvoker.java:146)
	at org.testng.internal.TestMethodWorker.invokeTestMethods(TestMethodWorker.java:146)
	at org.testng.internal.TestMethodWorker.run(TestMethodWorker.java:128)
	at java.base/java.util.ArrayList.forEach(ArrayList.java:1511)
	at org.testng.TestRunner.privateRun(TestRunner.java:794)
	at org.testng.TestRunner.run(TestRunner.java:596)
	at org.testng.SuiteRunner.runTest(SuiteRunner.java:377)
	at org.testng.SuiteRunner.runSequentially(SuiteRunner.java:371)
	at org.testng.SuiteRunner.privateRun(SuiteRunner.java:332)
	at org.testng.SuiteRunner.run(SuiteRunner.java:276)
	at org.testng.SuiteRunnerWorker.runSuite(SuiteRunnerWorker.java:53)
	at org.testng.SuiteRunnerWorker.run(SuiteRunnerWorker.java:96)
	at org.testng.TestNG.runSuitesSequentially(TestNG.java:1212)
	at org.testng.TestNG.runSuitesLocally(TestNG.java:1134)
	at org.testng.TestNG.runSuites(TestNG.java:1063)
	at org.testng.TestNG.run(TestNG.java:1031)
	at com.intellij.rt.testng.IDEARemoteTestNG.run(IDEARemoteTestNG.java:66)
	at com.intellij.rt.testng.RemoteTestNGStarter.main(RemoteTestNGStarter.java:109)
</div></td></tr></table><p class="totop"><a href="#summary">back to summary</a></p>
<h3 id="m1">ShopizerAdmin.TestCase.CustomerManagement.CustomerManagementTest#EditCustomer</h3><table class="result"><tr><th>Exception</th></tr><tr><td><div class="stacktrace">org.openqa.selenium.NoSuchElementException: no such element: Unable to locate element: {&quot;method&quot;:&quot;xpath&quot;,&quot;selector&quot;:&quot;/html[1]/body[1]/ngx-app[1]/div[1]/ngx-pages[1]/ngx-sample-layout[1]/nb-layout[1]/div[1]/div[1]/div[1]/div[1]/div[1]/nb-layout-column[1]/ngx-customer[1]/div[1]/div[1]/ngx-list[1]/nb-card[1]/nb-card-body[1]/div[1]/ng2-smart-table[1]/table[1]/tbody[1]/tr[1]/td[6]/ng2-st-tbody-custom[1]/a[1]/i[1]&quot;}
  (Session info: chrome=115.0.5790.110)
For documentation on this error, please visit: https://www.seleniumhq.org/exceptions/no_such_element.html
Build info: version: &apos;3.141.59&apos;, revision: &apos;e82be7d358&apos;, time: &apos;2018-11-14T08:17:03&apos;
System info: host: &apos;DESKTOP-EU216N6&apos;, ip: &apos;192.168.1.106&apos;, os.name: &apos;Windows 10&apos;, os.arch: &apos;amd64&apos;, os.version: &apos;10.0&apos;, java.version: &apos;15.0.2&apos;
Driver info: org.openqa.selenium.chrome.ChromeDriver
Capabilities {acceptInsecureCerts: false, browserName: chrome, browserVersion: 115.0.5790.110, chrome: {chromedriverVersion: 114.0.5735.90 (386bc09e8f4f..., userDataDir: C:\Users\ANHTU~1\AppData\Lo...}, goog:chromeOptions: {debuggerAddress: localhost:55395}, javascriptEnabled: true, networkConnectionEnabled: false, pageLoadStrategy: normal, platform: WINDOWS, platformName: WINDOWS, proxy: Proxy(), setWindowRect: true, strictFileInteractability: false, timeouts: {implicit: 0, pageLoad: 300000, script: 30000}, unhandledPromptBehavior: dismiss and notify, webauthn:extension:credBlob: true, webauthn:extension:largeBlob: true, webauthn:extension:minPinLength: true, webauthn:extension:prf: true, webauthn:virtualAuthenticators: true}
Session ID: 5ae880f84561edce1d12a7756c342b57
*** Element info: {Using=xpath, value=/html[1]/body[1]/ngx-app[1]/div[1]/ngx-pages[1]/ngx-sample-layout[1]/nb-layout[1]/div[1]/div[1]/div[1]/div[1]/div[1]/nb-layout-column[1]/ngx-customer[1]/div[1]/div[1]/ngx-list[1]/nb-card[1]/nb-card-body[1]/div[1]/ng2-smart-table[1]/table[1]/tbody[1]/tr[1]/td[6]/ng2-st-tbody-custom[1]/a[1]/i[1]}
	at jdk.internal.reflect.GeneratedConstructorAccessor56.newInstance(Unknown Source)
	at java.base/jdk.internal.reflect.DelegatingConstructorAccessorImpl.newInstance(DelegatingConstructorAccessorImpl.java:45)
	at java.base/java.lang.reflect.Constructor.newInstanceWithCaller(Constructor.java:500)
	at java.base/java.lang.reflect.Constructor.newInstance(Constructor.java:481)
	at org.openqa.selenium.remote.http.W3CHttpResponseCodec.createException(W3CHttpResponseCodec.java:187)
	at org.openqa.selenium.remote.http.W3CHttpResponseCodec.decode(W3CHttpResponseCodec.java:122)
	at org.openqa.selenium.remote.http.W3CHttpResponseCodec.decode(W3CHttpResponseCodec.java:49)
	at org.openqa.selenium.remote.HttpCommandExecutor.execute(HttpCommandExecutor.java:158)
	at org.openqa.selenium.remote.service.DriverCommandExecutor.execute(DriverCommandExecutor.java:83)
	at org.openqa.selenium.remote.RemoteWebDriver.execute(RemoteWebDriver.java:552)
	at org.openqa.selenium.remote.RemoteWebDriver.findElement(RemoteWebDriver.java:323)
	at org.openqa.selenium.remote.RemoteWebDriver.findElementByXPath(RemoteWebDriver.java:428)
	at org.openqa.selenium.By$ByXPath.findElement(By.java:353)
	at org.openqa.selenium.remote.RemoteWebDriver.findElement(RemoteWebDriver.java:315)
	at Initialization.ValidateHelper.clickElement(ValidateHelper.java:45)
	at ShopizerAdmin.Pages.CustomerManagementPage.CustomerManagementPage.EditCustomer(CustomerManagementPage.java:75)
	at ShopizerAdmin.TestCase.CustomerManagement.CustomerManagementTest.EditCustomer(CustomerManagementTest.java:32)
	at java.base/jdk.internal.reflect.NativeMethodAccessorImpl.invoke0(Native Method)
	at java.base/jdk.internal.reflect.NativeMethodAccessorImpl.invoke(NativeMethodAccessorImpl.java:64)
	at java.base/jdk.internal.reflect.DelegatingMethodAccessorImpl.invoke(DelegatingMethodAccessorImpl.java:43)
	at java.base/java.lang.reflect.Method.invoke(Method.java:564)
	at org.testng.internal.MethodInvocationHelper.invokeMethod(MethodInvocationHelper.java:133)
	at org.testng.internal.TestInvoker.invokeMethod(TestInvoker.java:598)
	at org.testng.internal.TestInvoker.invokeTestMethod(TestInvoker.java:173)
	at org.testng.internal.MethodRunner.runInSequence(MethodRunner.java:46)
	at org.testng.internal.TestInvoker$MethodInvocationAgent.invoke(TestInvoker.java:824)
	at org.testng.internal.TestInvoker.invokeTestMethods(TestInvoker.java:146)
	at org.testng.internal.TestMethodWorker.invokeTestMethods(TestMethodWorker.java:146)
	at org.testng.internal.TestMethodWorker.run(TestMethodWorker.java:128)
	at java.base/java.util.ArrayList.forEach(ArrayList.java:1511)
	at org.testng.TestRunner.privateRun(TestRunner.java:794)
	at org.testng.TestRunner.run(TestRunner.java:596)
	at org.testng.SuiteRunner.runTest(SuiteRunner.java:377)
	at org.testng.SuiteRunner.runSequentially(SuiteRunner.java:371)
	at org.testng.SuiteRunner.privateRun(SuiteRunner.java:332)
	at org.testng.SuiteRunner.run(SuiteRunner.java:276)
	at org.testng.SuiteRunnerWorker.runSuite(SuiteRunnerWorker.java:53)
	at org.testng.SuiteRunnerWorker.run(SuiteRunnerWorker.java:96)
	at org.testng.TestNG.runSuitesSequentially(TestNG.java:1212)
	at org.testng.TestNG.runSuitesLocally(TestNG.java:1134)
	at org.testng.TestNG.runSuites(TestNG.java:1063)
	at org.testng.TestNG.run(TestNG.java:1031)
	at com.intellij.rt.testng.IDEARemoteTestNG.run(IDEARemoteTestNG.java:66)
	at com.intellij.rt.testng.RemoteTestNGStarter.main(RemoteTestNGStarter.java:109)
</div></td></tr></table><p class="totop"><a href="#summary">back to summary</a></p>
<h3 id="m2">ShopizerAdmin.TestCase.CustomerManagement.CustomerManagementTest#RemoveCustomer</h3><table class="result"><tr><th>Exception</th></tr><tr><td><div class="stacktrace">org.openqa.selenium.NoSuchElementException: no such element: Unable to locate element: {&quot;method&quot;:&quot;xpath&quot;,&quot;selector&quot;:&quot;/html[1]/body[1]/ngx-app[1]/div[1]/ngx-pages[1]/ngx-sample-layout[1]/nb-layout[1]/div[1]/div[1]/div[1]/div[1]/div[1]/nb-layout-column[1]/ngx-customer[1]/div[1]/div[1]/ngx-list[1]/nb-card[1]/nb-card-body[1]/div[1]/ng2-smart-table[1]/table[1]/tbody[1]/tr[1]/td[6]/ng2-st-tbody-custom[1]/a[2]/i[1]&quot;}
  (Session info: chrome=115.0.5790.110)
For documentation on this error, please visit: https://www.seleniumhq.org/exceptions/no_such_element.html
Build info: version: &apos;3.141.59&apos;, revision: &apos;e82be7d358&apos;, time: &apos;2018-11-14T08:17:03&apos;
System info: host: &apos;DESKTOP-EU216N6&apos;, ip: &apos;192.168.1.106&apos;, os.name: &apos;Windows 10&apos;, os.arch: &apos;amd64&apos;, os.version: &apos;10.0&apos;, java.version: &apos;15.0.2&apos;
Driver info: org.openqa.selenium.chrome.ChromeDriver
Capabilities {acceptInsecureCerts: false, browserName: chrome, browserVersion: 115.0.5790.110, chrome: {chromedriverVersion: 114.0.5735.90 (386bc09e8f4f..., userDataDir: C:\Users\ANHTU~1\AppData\Lo...}, goog:chromeOptions: {debuggerAddress: localhost:55425}, javascriptEnabled: true, networkConnectionEnabled: false, pageLoadStrategy: normal, platform: WINDOWS, platformName: WINDOWS, proxy: Proxy(), setWindowRect: true, strictFileInteractability: false, timeouts: {implicit: 0, pageLoad: 300000, script: 30000}, unhandledPromptBehavior: dismiss and notify, webauthn:extension:credBlob: true, webauthn:extension:largeBlob: true, webauthn:extension:minPinLength: true, webauthn:extension:prf: true, webauthn:virtualAuthenticators: true}
Session ID: 7a1ac4950593d2363ac069d73de94dba
*** Element info: {Using=xpath, value=/html[1]/body[1]/ngx-app[1]/div[1]/ngx-pages[1]/ngx-sample-layout[1]/nb-layout[1]/div[1]/div[1]/div[1]/div[1]/div[1]/nb-layout-column[1]/ngx-customer[1]/div[1]/div[1]/ngx-list[1]/nb-card[1]/nb-card-body[1]/div[1]/ng2-smart-table[1]/table[1]/tbody[1]/tr[1]/td[6]/ng2-st-tbody-custom[1]/a[2]/i[1]}
	at jdk.internal.reflect.GeneratedConstructorAccessor56.newInstance(Unknown Source)
	at java.base/jdk.internal.reflect.DelegatingConstructorAccessorImpl.newInstance(DelegatingConstructorAccessorImpl.java:45)
	at java.base/java.lang.reflect.Constructor.newInstanceWithCaller(Constructor.java:500)
	at java.base/java.lang.reflect.Constructor.newInstance(Constructor.java:481)
	at org.openqa.selenium.remote.http.W3CHttpResponseCodec.createException(W3CHttpResponseCodec.java:187)
	at org.openqa.selenium.remote.http.W3CHttpResponseCodec.decode(W3CHttpResponseCodec.java:122)
	at org.openqa.selenium.remote.http.W3CHttpResponseCodec.decode(W3CHttpResponseCodec.java:49)
	at org.openqa.selenium.remote.HttpCommandExecutor.execute(HttpCommandExecutor.java:158)
	at org.openqa.selenium.remote.service.DriverCommandExecutor.execute(DriverCommandExecutor.java:83)
	at org.openqa.selenium.remote.RemoteWebDriver.execute(RemoteWebDriver.java:552)
	at org.openqa.selenium.remote.RemoteWebDriver.findElement(RemoteWebDriver.java:323)
	at org.openqa.selenium.remote.RemoteWebDriver.findElementByXPath(RemoteWebDriver.java:428)
	at org.openqa.selenium.By$ByXPath.findElement(By.java:353)
	at org.openqa.selenium.remote.RemoteWebDriver.findElement(RemoteWebDriver.java:315)
	at Initialization.ValidateHelper.clickElement(ValidateHelper.java:45)
	at ShopizerAdmin.Pages.CustomerManagementPage.CustomerManagementPage.RemoveCustomer(CustomerManagementPage.java:85)
	at ShopizerAdmin.TestCase.CustomerManagement.CustomerManagementTest.RemoveCustomer(CustomerManagementTest.java:42)
	at java.base/jdk.internal.reflect.NativeMethodAccessorImpl.invoke0(Native Method)
	at java.base/jdk.internal.reflect.NativeMethodAccessorImpl.invoke(NativeMethodAccessorImpl.java:64)
	at java.base/jdk.internal.reflect.DelegatingMethodAccessorImpl.invoke(DelegatingMethodAccessorImpl.java:43)
	at java.base/java.lang.reflect.Method.invoke(Method.java:564)
	at org.testng.internal.MethodInvocationHelper.invokeMethod(MethodInvocationHelper.java:133)
	at org.testng.internal.TestInvoker.invokeMethod(TestInvoker.java:598)
	at org.testng.internal.TestInvoker.invokeTestMethod(TestInvoker.java:173)
	at org.testng.internal.MethodRunner.runInSequence(MethodRunner.java:46)
	at org.testng.internal.TestInvoker$MethodInvocationAgent.invoke(TestInvoker.java:824)
	at org.testng.internal.TestInvoker.invokeTestMethods(TestInvoker.java:146)
	at org.testng.internal.TestMethodWorker.invokeTestMethods(TestMethodWorker.java:146)
	at org.testng.internal.TestMethodWorker.run(TestMethodWorker.java:128)
	at java.base/java.util.ArrayList.forEach(ArrayList.java:1511)
	at org.testng.TestRunner.privateRun(TestRunner.java:794)
	at org.testng.TestRunner.run(TestRunner.java:596)
	at org.testng.SuiteRunner.runTest(SuiteRunner.java:377)
	at org.testng.SuiteRunner.runSequentially(SuiteRunner.java:371)
	at org.testng.SuiteRunner.privateRun(SuiteRunner.java:332)
	at org.testng.SuiteRunner.run(SuiteRunner.java:276)
	at org.testng.SuiteRunnerWorker.runSuite(SuiteRunnerWorker.java:53)
	at org.testng.SuiteRunnerWorker.run(SuiteRunnerWorker.java:96)
	at org.testng.TestNG.runSuitesSequentially(TestNG.java:1212)
	at org.testng.TestNG.runSuitesLocally(TestNG.java:1134)
	at org.testng.TestNG.runSuites(TestNG.java:1063)
	at org.testng.TestNG.run(TestNG.java:1031)
	at com.intellij.rt.testng.IDEARemoteTestNG.run(IDEARemoteTestNG.java:66)
	at com.intellij.rt.testng.RemoteTestNGStarter.main(RemoteTestNGStarter.java:109)
</div></td></tr></table><p class="totop"><a href="#summary">back to summary</a></p>
<h3 id="m3">ShopizerAdmin.TestCase.InventoryManagement.BrandTest.BrandTest#SearchByName</h3><table class="result"><tr><th>Exception</th></tr><tr><td><div class="stacktrace">java.lang.AssertionError: expected [true] but found [false]
	at org.testng.Assert.fail(Assert.java:99)
	at org.testng.Assert.failNotEquals(Assert.java:1037)
	at org.testng.Assert.assertTrue(Assert.java:45)
	at org.testng.Assert.assertTrue(Assert.java:55)
	at ShopizerAdmin.Pages.InventoryManagementPage.BrandsPage.BrandPage.SearchByName(BrandPage.java:75)
	at ShopizerAdmin.TestCase.InventoryManagement.BrandTest.BrandTest.SearchByName(BrandTest.java:35)
	at java.base/jdk.internal.reflect.NativeMethodAccessorImpl.invoke0(Native Method)
	at java.base/jdk.internal.reflect.NativeMethodAccessorImpl.invoke(NativeMethodAccessorImpl.java:64)
	at java.base/jdk.internal.reflect.DelegatingMethodAccessorImpl.invoke(DelegatingMethodAccessorImpl.java:43)
	at java.base/java.lang.reflect.Method.invoke(Method.java:564)
	at org.testng.internal.MethodInvocationHelper.invokeMethod(MethodInvocationHelper.java:133)
	at org.testng.internal.TestInvoker.invokeMethod(TestInvoker.java:598)
	at org.testng.internal.TestInvoker.invokeTestMethod(TestInvoker.java:173)
	at org.testng.internal.MethodRunner.runInSequence(MethodRunner.java:46)
	at org.testng.internal.TestInvoker$MethodInvocationAgent.invoke(TestInvoker.java:824)
	at org.testng.internal.TestInvoker.invokeTestMethods(TestInvoker.java:146)
	at org.testng.internal.TestMethodWorker.invokeTestMethods(TestMethodWorker.java:146)
	at org.testng.internal.TestMethodWorker.run(TestMethodWorker.java:128)
	at java.base/java.util.ArrayList.forEach(ArrayList.java:1511)
	at org.testng.TestRunner.privateRun(TestRunner.java:794)
	at org.testng.TestRunner.run(TestRunner.java:596)
	at org.testng.SuiteRunner.runTest(SuiteRunner.java:377)
	at org.testng.SuiteRunner.runSequentially(SuiteRunner.java:371)
	at org.testng.SuiteRunner.privateRun(SuiteRunner.java:332)
	at org.testng.SuiteRunner.run(SuiteRunner.java:276)
	at org.testng.SuiteRunnerWorker.runSuite(SuiteRunnerWorker.java:53)
	at org.testng.SuiteRunnerWorker.run(SuiteRunnerWorker.java:96)
	at org.testng.TestNG.runSuitesSequentially(TestNG.java:1212)
	at org.testng.TestNG.runSuitesLocally(TestNG.java:1134)
	at org.testng.TestNG.runSuites(TestNG.java:1063)
	at org.testng.TestNG.run(TestNG.java:1031)
	at com.intellij.rt.testng.IDEARemoteTestNG.run(IDEARemoteTestNG.java:66)
	at com.intellij.rt.testng.RemoteTestNGStarter.main(RemoteTestNGStarter.java:109)
</div></td></tr></table><p class="totop"><a href="#summary">back to summary</a></p>
<h3 id="m4">ShopizerAdmin.TestCase.InventoryManagement.ProductOptionsTest.OptionsTest.OptionsTest#SearchByName</h3><table class="result"><tr><th>Exception</th></tr><tr><td><div class="stacktrace">java.lang.AssertionError: expected [true] but found [false]
	at org.testng.Assert.fail(Assert.java:99)
	at org.testng.Assert.failNotEquals(Assert.java:1037)
	at org.testng.Assert.assertTrue(Assert.java:45)
	at org.testng.Assert.assertTrue(Assert.java:55)
	at ShopizerAdmin.Pages.InventoryManagementPage.ProductOptionsPage.OptionsPage.OptionsPage.SearchByName(OptionsPage.java:75)
	at ShopizerAdmin.TestCase.InventoryManagement.ProductOptionsTest.OptionsTest.OptionsTest.SearchByName(OptionsTest.java:34)
	at java.base/jdk.internal.reflect.NativeMethodAccessorImpl.invoke0(Native Method)
	at java.base/jdk.internal.reflect.NativeMethodAccessorImpl.invoke(NativeMethodAccessorImpl.java:64)
	at java.base/jdk.internal.reflect.DelegatingMethodAccessorImpl.invoke(DelegatingMethodAccessorImpl.java:43)
	at java.base/java.lang.reflect.Method.invoke(Method.java:564)
	at org.testng.internal.MethodInvocationHelper.invokeMethod(MethodInvocationHelper.java:133)
	at org.testng.internal.TestInvoker.invokeMethod(TestInvoker.java:598)
	at org.testng.internal.TestInvoker.invokeTestMethod(TestInvoker.java:173)
	at org.testng.internal.MethodRunner.runInSequence(MethodRunner.java:46)
	at org.testng.internal.TestInvoker$MethodInvocationAgent.invoke(TestInvoker.java:824)
	at org.testng.internal.TestInvoker.invokeTestMethods(TestInvoker.java:146)
	at org.testng.internal.TestMethodWorker.invokeTestMethods(TestMethodWorker.java:146)
	at org.testng.internal.TestMethodWorker.run(TestMethodWorker.java:128)
	at java.base/java.util.ArrayList.forEach(ArrayList.java:1511)
	at org.testng.TestRunner.privateRun(TestRunner.java:794)
	at org.testng.TestRunner.run(TestRunner.java:596)
	at org.testng.SuiteRunner.runTest(SuiteRunner.java:377)
	at org.testng.SuiteRunner.runSequentially(SuiteRunner.java:371)
	at org.testng.SuiteRunner.privateRun(SuiteRunner.java:332)
	at org.testng.SuiteRunner.run(SuiteRunner.java:276)
	at org.testng.SuiteRunnerWorker.runSuite(SuiteRunnerWorker.java:53)
	at org.testng.SuiteRunnerWorker.run(SuiteRunnerWorker.java:96)
	at org.testng.TestNG.runSuitesSequentially(TestNG.java:1212)
	at org.testng.TestNG.runSuitesLocally(TestNG.java:1134)
	at org.testng.TestNG.runSuites(TestNG.java:1063)
	at org.testng.TestNG.run(TestNG.java:1031)
	at com.intellij.rt.testng.IDEARemoteTestNG.run(IDEARemoteTestNG.java:66)
	at com.intellij.rt.testng.RemoteTestNGStarter.main(RemoteTestNGStarter.java:109)
</div></td></tr></table><p class="totop"><a href="#summary">back to summary</a></p>
<h3 id="m5">ShopizerAdmin.TestCase.InventoryManagement.ProductOptionsTest.ValuesTest.ValuesTest#ValuesTest</h3><table class="result"><tr><th>Exception</th></tr><tr><td><div class="stacktrace">org.openqa.selenium.NoSuchElementException: no such element: Unable to locate element: {&quot;method&quot;:&quot;xpath&quot;,&quot;selector&quot;:&quot;//a[@class=&apos;createBtn&apos;]&quot;}
  (Session info: chrome=115.0.5790.110)
For documentation on this error, please visit: https://www.seleniumhq.org/exceptions/no_such_element.html
Build info: version: &apos;3.141.59&apos;, revision: &apos;e82be7d358&apos;, time: &apos;2018-11-14T08:17:03&apos;
System info: host: &apos;DESKTOP-EU216N6&apos;, ip: &apos;192.168.1.106&apos;, os.name: &apos;Windows 10&apos;, os.arch: &apos;amd64&apos;, os.version: &apos;10.0&apos;, java.version: &apos;15.0.2&apos;
Driver info: org.openqa.selenium.chrome.ChromeDriver
Capabilities {acceptInsecureCerts: false, browserName: chrome, browserVersion: 115.0.5790.110, chrome: {chromedriverVersion: 114.0.5735.90 (386bc09e8f4f..., userDataDir: C:\Users\ANHTU~1\AppData\Lo...}, goog:chromeOptions: {debuggerAddress: localhost:53193}, javascriptEnabled: true, networkConnectionEnabled: false, pageLoadStrategy: normal, platform: WINDOWS, platformName: WINDOWS, proxy: Proxy(), setWindowRect: true, strictFileInteractability: false, timeouts: {implicit: 0, pageLoad: 300000, script: 30000}, unhandledPromptBehavior: dismiss and notify, webauthn:extension:credBlob: true, webauthn:extension:largeBlob: true, webauthn:extension:minPinLength: true, webauthn:extension:prf: true, webauthn:virtualAuthenticators: true}
Session ID: cefcb150bcc7f7b9f178bee9013a0b18
*** Element info: {Using=xpath, value=//a[@class=&apos;createBtn&apos;]}
	at java.base/jdk.internal.reflect.NativeConstructorAccessorImpl.newInstance0(Native Method)
	at java.base/jdk.internal.reflect.NativeConstructorAccessorImpl.newInstance(NativeConstructorAccessorImpl.java:64)
	at java.base/jdk.internal.reflect.DelegatingConstructorAccessorImpl.newInstance(DelegatingConstructorAccessorImpl.java:45)
	at java.base/java.lang.reflect.Constructor.newInstanceWithCaller(Constructor.java:500)
	at java.base/java.lang.reflect.Constructor.newInstance(Constructor.java:481)
	at org.openqa.selenium.remote.http.W3CHttpResponseCodec.createException(W3CHttpResponseCodec.java:187)
	at org.openqa.selenium.remote.http.W3CHttpResponseCodec.decode(W3CHttpResponseCodec.java:122)
	at org.openqa.selenium.remote.http.W3CHttpResponseCodec.decode(W3CHttpResponseCodec.java:49)
	at org.openqa.selenium.remote.HttpCommandExecutor.execute(HttpCommandExecutor.java:158)
	at org.openqa.selenium.remote.service.DriverCommandExecutor.execute(DriverCommandExecutor.java:83)
	at org.openqa.selenium.remote.RemoteWebDriver.execute(RemoteWebDriver.java:552)
	at org.openqa.selenium.remote.RemoteWebDriver.findElement(RemoteWebDriver.java:323)
	at org.openqa.selenium.remote.RemoteWebDriver.findElementByXPath(RemoteWebDriver.java:428)
	at org.openqa.selenium.By$ByXPath.findElement(By.java:353)
	at org.openqa.selenium.remote.RemoteWebDriver.findElement(RemoteWebDriver.java:315)
	at ShopizerAdmin.Pages.InventoryManagementPage.ProductOptionsPage.ValuesPage.ValuesPage.AddValue(ValuesPage.java:39)
	at ShopizerAdmin.TestCase.InventoryManagement.ProductOptionsTest.ValuesTest.ValuesTest.ValuesTest(ValuesTest.java:23)
	at java.base/jdk.internal.reflect.NativeMethodAccessorImpl.invoke0(Native Method)
	at java.base/jdk.internal.reflect.NativeMethodAccessorImpl.invoke(NativeMethodAccessorImpl.java:64)
	at java.base/jdk.internal.reflect.DelegatingMethodAccessorImpl.invoke(DelegatingMethodAccessorImpl.java:43)
	at java.base/java.lang.reflect.Method.invoke(Method.java:564)
	at org.testng.internal.MethodInvocationHelper.invokeMethod(MethodInvocationHelper.java:133)
	at org.testng.internal.TestInvoker.invokeMethod(TestInvoker.java:598)
	at org.testng.internal.TestInvoker.invokeTestMethod(TestInvoker.java:173)
	at org.testng.internal.MethodRunner.runInSequence(MethodRunner.java:46)
	at org.testng.internal.TestInvoker$MethodInvocationAgent.invoke(TestInvoker.java:824)
	at org.testng.internal.TestInvoker.invokeTestMethods(TestInvoker.java:146)
	at org.testng.internal.TestMethodWorker.invokeTestMethods(TestMethodWorker.java:146)
	at org.testng.internal.TestMethodWorker.run(TestMethodWorker.java:128)
	at java.base/java.util.ArrayList.forEach(ArrayList.java:1511)
	at org.testng.TestRunner.privateRun(TestRunner.java:794)
	at org.testng.TestRunner.run(TestRunner.java:596)
	at org.testng.SuiteRunner.runTest(SuiteRunner.java:377)
	at org.testng.SuiteRunner.runSequentially(SuiteRunner.java:371)
	at org.testng.SuiteRunner.privateRun(SuiteRunner.java:332)
	at org.testng.SuiteRunner.run(SuiteRunner.java:276)
	at org.testng.SuiteRunnerWorker.runSuite(SuiteRunnerWorker.java:53)
	at org.testng.SuiteRunnerWorker.run(SuiteRunnerWorker.java:96)
	at org.testng.TestNG.runSuitesSequentially(TestNG.java:1212)
	at org.testng.TestNG.runSuitesLocally(TestNG.java:1134)
	at org.testng.TestNG.runSuites(TestNG.java:1063)
	at org.testng.TestNG.run(TestNG.java:1031)
	at com.intellij.rt.testng.IDEARemoteTestNG.run(IDEARemoteTestNG.java:66)
	at com.intellij.rt.testng.RemoteTestNGStarter.main(RemoteTestNGStarter.java:109)
</div></td></tr></table><p class="totop"><a href="#summary">back to summary</a></p>
<h3 id="m6">ShopizerAdmin.TestCase.InventoryManagement.ProductsGroupsTest.ProductsGroupsTest#ProductsGroupsSameID</h3><table class="result"><tr><th>Exception</th></tr><tr><td><div class="stacktrace">java.lang.AssertionError: expected [false] but found [true]
	at org.testng.Assert.fail(Assert.java:99)
	at org.testng.Assert.failNotEquals(Assert.java:1037)
	at org.testng.Assert.assertFalse(Assert.java:67)
	at org.testng.Assert.assertFalse(Assert.java:77)
	at ShopizerAdmin.Pages.InventoryManagementPage.ProductsGroupsPage.ProductsGroupsPage.AddProductsGroupsSameID(ProductsGroupsPage.java:89)
	at ShopizerAdmin.TestCase.InventoryManagement.ProductsGroupsTest.ProductsGroupsTest.ProductsGroupsSameID(ProductsGroupsTest.java:45)
	at java.base/jdk.internal.reflect.NativeMethodAccessorImpl.invoke0(Native Method)
	at java.base/jdk.internal.reflect.NativeMethodAccessorImpl.invoke(NativeMethodAccessorImpl.java:64)
	at java.base/jdk.internal.reflect.DelegatingMethodAccessorImpl.invoke(DelegatingMethodAccessorImpl.java:43)
	at java.base/java.lang.reflect.Method.invoke(Method.java:564)
	at org.testng.internal.MethodInvocationHelper.invokeMethod(MethodInvocationHelper.java:133)
	at org.testng.internal.TestInvoker.invokeMethod(TestInvoker.java:598)
	at org.testng.internal.TestInvoker.invokeTestMethod(TestInvoker.java:173)
	at org.testng.internal.MethodRunner.runInSequence(MethodRunner.java:46)
	at org.testng.internal.TestInvoker$MethodInvocationAgent.invoke(TestInvoker.java:824)
	at org.testng.internal.TestInvoker.invokeTestMethods(TestInvoker.java:146)
	at org.testng.internal.TestMethodWorker.invokeTestMethods(TestMethodWorker.java:146)
	at org.testng.internal.TestMethodWorker.run(TestMethodWorker.java:128)
	at java.base/java.util.ArrayList.forEach(ArrayList.java:1511)
	at org.testng.TestRunner.privateRun(TestRunner.java:794)
	at org.testng.TestRunner.run(TestRunner.java:596)
	at org.testng.SuiteRunner.runTest(SuiteRunner.java:377)
	at org.testng.SuiteRunner.runSequentially(SuiteRunner.java:371)
	at org.testng.SuiteRunner.privateRun(SuiteRunner.java:332)
	at org.testng.SuiteRunner.run(SuiteRunner.java:276)
	at org.testng.SuiteRunnerWorker.runSuite(SuiteRunnerWorker.java:53)
	at org.testng.SuiteRunnerWorker.run(SuiteRunnerWorker.java:96)
	at org.testng.TestNG.runSuitesSequentially(TestNG.java:1212)
	at org.testng.TestNG.runSuitesLocally(TestNG.java:1134)
	at org.testng.TestNG.runSuites(TestNG.java:1063)
	at org.testng.TestNG.run(TestNG.java:1031)
	at com.intellij.rt.testng.IDEARemoteTestNG.run(IDEARemoteTestNG.java:66)
	at com.intellij.rt.testng.RemoteTestNGStarter.main(RemoteTestNGStarter.java:109)
</div></td></tr></table><p class="totop"><a href="#summary">back to summary</a></p>
<h3 id="m7">ShopizerAdmin.TestCase.InventoryManagement.ProductsTest.ProductsTest#EditProduct</h3><table class="result"><tr><th>Exception</th></tr><tr><td><div class="stacktrace">java.lang.AssertionError: expected [true] but found [false]
	at org.testng.Assert.fail(Assert.java:99)
	at org.testng.Assert.failNotEquals(Assert.java:1037)
	at org.testng.Assert.assertTrue(Assert.java:45)
	at org.testng.Assert.assertTrue(Assert.java:55)
	at ShopizerAdmin.Pages.InventoryManagementPage.ProductsPage.ProductsPage.EditProduct(ProductsPage.java:318)
	at ShopizerAdmin.TestCase.InventoryManagement.ProductsTest.ProductsTest.EditProduct(ProductsTest.java:81)
	at java.base/jdk.internal.reflect.NativeMethodAccessorImpl.invoke0(Native Method)
	at java.base/jdk.internal.reflect.NativeMethodAccessorImpl.invoke(NativeMethodAccessorImpl.java:64)
	at java.base/jdk.internal.reflect.DelegatingMethodAccessorImpl.invoke(DelegatingMethodAccessorImpl.java:43)
	at java.base/java.lang.reflect.Method.invoke(Method.java:564)
	at org.testng.internal.MethodInvocationHelper.invokeMethod(MethodInvocationHelper.java:133)
	at org.testng.internal.TestInvoker.invokeMethod(TestInvoker.java:598)
	at org.testng.internal.TestInvoker.invokeTestMethod(TestInvoker.java:173)
	at org.testng.internal.MethodRunner.runInSequence(MethodRunner.java:46)
	at org.testng.internal.TestInvoker$MethodInvocationAgent.invoke(TestInvoker.java:824)
	at org.testng.internal.TestInvoker.invokeTestMethods(TestInvoker.java:146)
	at org.testng.internal.TestMethodWorker.invokeTestMethods(TestMethodWorker.java:146)
	at org.testng.internal.TestMethodWorker.run(TestMethodWorker.java:128)
	at java.base/java.util.ArrayList.forEach(ArrayList.java:1511)
	at org.testng.TestRunner.privateRun(TestRunner.java:794)
	at org.testng.TestRunner.run(TestRunner.java:596)
	at org.testng.SuiteRunner.runTest(SuiteRunner.java:377)
	at org.testng.SuiteRunner.runSequentially(SuiteRunner.java:371)
	at org.testng.SuiteRunner.privateRun(SuiteRunner.java:332)
	at org.testng.SuiteRunner.run(SuiteRunner.java:276)
	at org.testng.SuiteRunnerWorker.runSuite(SuiteRunnerWorker.java:53)
	at org.testng.SuiteRunnerWorker.run(SuiteRunnerWorker.java:96)
	at org.testng.TestNG.runSuitesSequentially(TestNG.java:1212)
	at org.testng.TestNG.runSuitesLocally(TestNG.java:1134)
	at org.testng.TestNG.runSuites(TestNG.java:1063)
	at org.testng.TestNG.run(TestNG.java:1031)
	at com.intellij.rt.testng.IDEARemoteTestNG.run(IDEARemoteTestNG.java:66)
	at com.intellij.rt.testng.RemoteTestNGStarter.main(RemoteTestNGStarter.java:109)
</div></td></tr></table><p class="totop"><a href="#summary">back to summary</a></p>
<h3 id="m8">ShopizerAdmin.TestCase.InventoryManagement.ProductsTypesTest.ProductsTypesTest#EditProductsTypes</h3><table class="result"><tr><th>Exception</th></tr><tr><td><div class="stacktrace">java.lang.AssertionError: expected [Type 6] but found [Type 10]
	at org.testng.Assert.fail(Assert.java:99)
	at org.testng.Assert.failNotEquals(Assert.java:1037)
	at org.testng.Assert.assertEqualsImpl(Assert.java:140)
	at org.testng.Assert.assertEquals(Assert.java:122)
	at org.testng.Assert.assertEquals(Assert.java:629)
	at org.testng.Assert.assertEquals(Assert.java:639)
	at ShopizerAdmin.Pages.InventoryManagementPage.ProductTypesPage.ProductTypesPage.EditProductType(ProductTypesPage.java:113)
	at ShopizerAdmin.TestCase.InventoryManagement.ProductsTypesTest.ProductsTypesTest.EditProductsTypes(ProductsTypesTest.java:54)
	at java.base/jdk.internal.reflect.NativeMethodAccessorImpl.invoke0(Native Method)
	at java.base/jdk.internal.reflect.NativeMethodAccessorImpl.invoke(NativeMethodAccessorImpl.java:64)
	at java.base/jdk.internal.reflect.DelegatingMethodAccessorImpl.invoke(DelegatingMethodAccessorImpl.java:43)
	at java.base/java.lang.reflect.Method.invoke(Method.java:564)
	at org.testng.internal.MethodInvocationHelper.invokeMethod(MethodInvocationHelper.java:133)
	at org.testng.internal.TestInvoker.invokeMethod(TestInvoker.java:598)
	at org.testng.internal.TestInvoker.invokeTestMethod(TestInvoker.java:173)
	at org.testng.internal.MethodRunner.runInSequence(MethodRunner.java:46)
	at org.testng.internal.TestInvoker$MethodInvocationAgent.invoke(TestInvoker.java:824)
	at org.testng.internal.TestInvoker.invokeTestMethods(TestInvoker.java:146)
	at org.testng.internal.TestMethodWorker.invokeTestMethods(TestMethodWorker.java:146)
	at org.testng.internal.TestMethodWorker.run(TestMethodWorker.java:128)
	at java.base/java.util.ArrayList.forEach(ArrayList.java:1511)
	at org.testng.TestRunner.privateRun(TestRunner.java:794)
	at org.testng.TestRunner.run(TestRunner.java:596)
	at org.testng.SuiteRunner.runTest(SuiteRunner.java:377)
	at org.testng.SuiteRunner.runSequentially(SuiteRunner.java:371)
	at org.testng.SuiteRunner.privateRun(SuiteRunner.java:332)
	at org.testng.SuiteRunner.run(SuiteRunner.java:276)
	at org.testng.SuiteRunnerWorker.runSuite(SuiteRunnerWorker.java:53)
	at org.testng.SuiteRunnerWorker.run(SuiteRunnerWorker.java:96)
	at org.testng.TestNG.runSuitesSequentially(TestNG.java:1212)
	at org.testng.TestNG.runSuitesLocally(TestNG.java:1134)
	at org.testng.TestNG.runSuites(TestNG.java:1063)
	at org.testng.TestNG.run(TestNG.java:1031)
	at com.intellij.rt.testng.IDEARemoteTestNG.run(IDEARemoteTestNG.java:66)
	at com.intellij.rt.testng.RemoteTestNGStarter.main(RemoteTestNGStarter.java:109)
</div></td></tr></table><p class="totop"><a href="#summary">back to summary</a></p>
<h3 id="m9">ShopizerAdmin.TestCase.ShippingManagement.ExpeditionTest.ExpeditionTest#CountryUnselect</h3><table class="result"><tr><th>Exception</th></tr><tr><td><div class="stacktrace">java.lang.AssertionError: expected [false] but found [true]
	at org.testng.Assert.fail(Assert.java:99)
	at org.testng.Assert.failNotEquals(Assert.java:1037)
	at org.testng.Assert.assertFalse(Assert.java:67)
	at org.testng.Assert.assertFalse(Assert.java:77)
	at ShopizerAdmin.Pages.ShippingManagementPage.ExpeditionPage.ExpeditionPage.CountryUnselect(ExpeditionPage.java:74)
	at ShopizerAdmin.TestCase.ShippingManagement.ExpeditionTest.ExpeditionTest.CountryUnselect(ExpeditionTest.java:41)
	at java.base/jdk.internal.reflect.NativeMethodAccessorImpl.invoke0(Native Method)
	at java.base/jdk.internal.reflect.NativeMethodAccessorImpl.invoke(NativeMethodAccessorImpl.java:64)
	at java.base/jdk.internal.reflect.DelegatingMethodAccessorImpl.invoke(DelegatingMethodAccessorImpl.java:43)
	at java.base/java.lang.reflect.Method.invoke(Method.java:564)
	at org.testng.internal.MethodInvocationHelper.invokeMethod(MethodInvocationHelper.java:133)
	at org.testng.internal.TestInvoker.invokeMethod(TestInvoker.java:598)
	at org.testng.internal.TestInvoker.invokeTestMethod(TestInvoker.java:173)
	at org.testng.internal.MethodRunner.runInSequence(MethodRunner.java:46)
	at org.testng.internal.TestInvoker$MethodInvocationAgent.invoke(TestInvoker.java:824)
	at org.testng.internal.TestInvoker.invokeTestMethods(TestInvoker.java:146)
	at org.testng.internal.TestMethodWorker.invokeTestMethods(TestMethodWorker.java:146)
	at org.testng.internal.TestMethodWorker.run(TestMethodWorker.java:128)
	at java.base/java.util.ArrayList.forEach(ArrayList.java:1511)
	at org.testng.TestRunner.privateRun(TestRunner.java:794)
	at org.testng.TestRunner.run(TestRunner.java:596)
	at org.testng.SuiteRunner.runTest(SuiteRunner.java:377)
	at org.testng.SuiteRunner.runSequentially(SuiteRunner.java:371)
	at org.testng.SuiteRunner.privateRun(SuiteRunner.java:332)
	at org.testng.SuiteRunner.run(SuiteRunner.java:276)
	at org.testng.SuiteRunnerWorker.runSuite(SuiteRunnerWorker.java:53)
	at org.testng.SuiteRunnerWorker.run(SuiteRunnerWorker.java:96)
	at org.testng.TestNG.runSuitesSequentially(TestNG.java:1212)
	at org.testng.TestNG.runSuitesLocally(TestNG.java:1134)
	at org.testng.TestNG.runSuites(TestNG.java:1063)
	at org.testng.TestNG.run(TestNG.java:1031)
	at com.intellij.rt.testng.IDEARemoteTestNG.run(IDEARemoteTestNG.java:66)
	at com.intellij.rt.testng.RemoteTestNGStarter.main(RemoteTestNGStarter.java:109)
</div></td></tr></table><p class="totop"><a href="#summary">back to summary</a></p>
<h3 id="m10">ShopizerAdmin.TestCase.ShippingManagement.ExpeditionTest.ExpeditionTest#DomesticSelect</h3><table class="result"><tr><th>Exception</th></tr><tr><td><div class="stacktrace">java.lang.AssertionError: expected [true] but found [false]
	at org.testng.Assert.fail(Assert.java:99)
	at org.testng.Assert.failNotEquals(Assert.java:1037)
	at org.testng.Assert.assertTrue(Assert.java:45)
	at org.testng.Assert.assertTrue(Assert.java:55)
	at ShopizerAdmin.Pages.ShippingManagementPage.ExpeditionPage.ExpeditionPage.DomesticSelect(ExpeditionPage.java:33)
	at ShopizerAdmin.TestCase.ShippingManagement.ExpeditionTest.ExpeditionTest.DomesticSelect(ExpeditionTest.java:21)
	at java.base/jdk.internal.reflect.NativeMethodAccessorImpl.invoke0(Native Method)
	at java.base/jdk.internal.reflect.NativeMethodAccessorImpl.invoke(NativeMethodAccessorImpl.java:64)
	at java.base/jdk.internal.reflect.DelegatingMethodAccessorImpl.invoke(DelegatingMethodAccessorImpl.java:43)
	at java.base/java.lang.reflect.Method.invoke(Method.java:564)
	at org.testng.internal.MethodInvocationHelper.invokeMethod(MethodInvocationHelper.java:133)
	at org.testng.internal.TestInvoker.invokeMethod(TestInvoker.java:598)
	at org.testng.internal.TestInvoker.invokeTestMethod(TestInvoker.java:173)
	at org.testng.internal.MethodRunner.runInSequence(MethodRunner.java:46)
	at org.testng.internal.TestInvoker$MethodInvocationAgent.invoke(TestInvoker.java:824)
	at org.testng.internal.TestInvoker.invokeTestMethods(TestInvoker.java:146)
	at org.testng.internal.TestMethodWorker.invokeTestMethods(TestMethodWorker.java:146)
	at org.testng.internal.TestMethodWorker.run(TestMethodWorker.java:128)
	at java.base/java.util.ArrayList.forEach(ArrayList.java:1511)
	at org.testng.TestRunner.privateRun(TestRunner.java:794)
	at org.testng.TestRunner.run(TestRunner.java:596)
	at org.testng.SuiteRunner.runTest(SuiteRunner.java:377)
	at org.testng.SuiteRunner.runSequentially(SuiteRunner.java:371)
	at org.testng.SuiteRunner.privateRun(SuiteRunner.java:332)
	at org.testng.SuiteRunner.run(SuiteRunner.java:276)
	at org.testng.SuiteRunnerWorker.runSuite(SuiteRunnerWorker.java:53)
	at org.testng.SuiteRunnerWorker.run(SuiteRunnerWorker.java:96)
	at org.testng.TestNG.runSuitesSequentially(TestNG.java:1212)
	at org.testng.TestNG.runSuitesLocally(TestNG.java:1134)
	at org.testng.TestNG.runSuites(TestNG.java:1063)
	at org.testng.TestNG.run(TestNG.java:1031)
	at com.intellij.rt.testng.IDEARemoteTestNG.run(IDEARemoteTestNG.java:66)
	at com.intellij.rt.testng.RemoteTestNGStarter.main(RemoteTestNGStarter.java:109)
</div></td></tr></table><p class="totop"><a href="#summary">back to summary</a></p>
<h3 id="m11">ShopizerAdmin.TestCase.TaxManagement.RateTest.RateTest#AddTaxRate</h3><table class="result"><tr><th>Exception</th></tr><tr><td><div class="stacktrace">java.lang.AssertionError: expected [true] but found [false]
	at org.testng.Assert.fail(Assert.java:99)
	at org.testng.Assert.failNotEquals(Assert.java:1037)
	at org.testng.Assert.assertTrue(Assert.java:45)
	at org.testng.Assert.assertTrue(Assert.java:55)
	at ShopizerAdmin.Pages.TaxManagementPage.TaxRatePage.TaxRatePage.ListCheck(TaxRatePage.java:66)
	at ShopizerAdmin.Pages.TaxManagementPage.TaxRatePage.TaxRatePage.AddRate(TaxRatePage.java:59)
	at ShopizerAdmin.TestCase.TaxManagement.RateTest.RateTest.AddTaxRate(RateTest.java:21)
	at java.base/jdk.internal.reflect.NativeMethodAccessorImpl.invoke0(Native Method)
	at java.base/jdk.internal.reflect.NativeMethodAccessorImpl.invoke(NativeMethodAccessorImpl.java:64)
	at java.base/jdk.internal.reflect.DelegatingMethodAccessorImpl.invoke(DelegatingMethodAccessorImpl.java:43)
	at java.base/java.lang.reflect.Method.invoke(Method.java:564)
	at org.testng.internal.MethodInvocationHelper.invokeMethod(MethodInvocationHelper.java:133)
	at org.testng.internal.TestInvoker.invokeMethod(TestInvoker.java:598)
	at org.testng.internal.TestInvoker.invokeTestMethod(TestInvoker.java:173)
	at org.testng.internal.MethodRunner.runInSequence(MethodRunner.java:46)
	at org.testng.internal.TestInvoker$MethodInvocationAgent.invoke(TestInvoker.java:824)
	at org.testng.internal.TestInvoker.invokeTestMethods(TestInvoker.java:146)
	at org.testng.internal.TestMethodWorker.invokeTestMethods(TestMethodWorker.java:146)
	at org.testng.internal.TestMethodWorker.run(TestMethodWorker.java:128)
	at java.base/java.util.ArrayList.forEach(ArrayList.java:1511)
	at org.testng.TestRunner.privateRun(TestRunner.java:794)
	at org.testng.TestRunner.run(TestRunner.java:596)
	at org.testng.SuiteRunner.runTest(SuiteRunner.java:377)
	at org.testng.SuiteRunner.runSequentially(SuiteRunner.java:371)
	at org.testng.SuiteRunner.privateRun(SuiteRunner.java:332)
	at org.testng.SuiteRunner.run(SuiteRunner.java:276)
	at org.testng.SuiteRunnerWorker.runSuite(SuiteRunnerWorker.java:53)
	at org.testng.SuiteRunnerWorker.run(SuiteRunnerWorker.java:96)
	at org.testng.TestNG.runSuitesSequentially(TestNG.java:1212)
	at org.testng.TestNG.runSuitesLocally(TestNG.java:1134)
	at org.testng.TestNG.runSuites(TestNG.java:1063)
	at org.testng.TestNG.run(TestNG.java:1031)
	at com.intellij.rt.testng.IDEARemoteTestNG.run(IDEARemoteTestNG.java:66)
	at com.intellij.rt.testng.RemoteTestNGStarter.main(RemoteTestNGStarter.java:109)
</div></td></tr></table><p class="totop"><a href="#summary">back to summary</a></p>
<h3 id="m12">ShopizerAdmin.TestCase.UserManagement.UserManagementTest#EditUser</h3><table class="result"><tr><th>Exception</th></tr><tr><td><div class="stacktrace">java.lang.AssertionError: expected [true] but found [false]
	at org.testng.Assert.fail(Assert.java:99)
	at org.testng.Assert.failNotEquals(Assert.java:1037)
	at org.testng.Assert.assertTrue(Assert.java:45)
	at org.testng.Assert.assertTrue(Assert.java:55)
	at ShopizerAdmin.Pages.UserManagementPage.UserManagementPage.UserEdit(UserManagementPage.java:152)
	at ShopizerAdmin.TestCase.UserManagement.UserManagementTest.EditUser(UserManagementTest.java:74)
	at java.base/jdk.internal.reflect.NativeMethodAccessorImpl.invoke0(Native Method)
	at java.base/jdk.internal.reflect.NativeMethodAccessorImpl.invoke(NativeMethodAccessorImpl.java:64)
	at java.base/jdk.internal.reflect.DelegatingMethodAccessorImpl.invoke(DelegatingMethodAccessorImpl.java:43)
	at java.base/java.lang.reflect.Method.invoke(Method.java:564)
	at org.testng.internal.MethodInvocationHelper.invokeMethod(MethodInvocationHelper.java:133)
	at org.testng.internal.TestInvoker.invokeMethod(TestInvoker.java:598)
	at org.testng.internal.TestInvoker.invokeTestMethod(TestInvoker.java:173)
	at org.testng.internal.MethodRunner.runInSequence(MethodRunner.java:46)
	at org.testng.internal.TestInvoker$MethodInvocationAgent.invoke(TestInvoker.java:824)
	at org.testng.internal.TestInvoker.invokeTestMethods(TestInvoker.java:146)
	at org.testng.internal.TestMethodWorker.invokeTestMethods(TestMethodWorker.java:146)
	at org.testng.internal.TestMethodWorker.run(TestMethodWorker.java:128)
	at java.base/java.util.ArrayList.forEach(ArrayList.java:1511)
	at org.testng.TestRunner.privateRun(TestRunner.java:794)
	at org.testng.TestRunner.run(TestRunner.java:596)
	at org.testng.SuiteRunner.runTest(SuiteRunner.java:377)
	at org.testng.SuiteRunner.runSequentially(SuiteRunner.java:371)
	at org.testng.SuiteRunner.privateRun(SuiteRunner.java:332)
	at org.testng.SuiteRunner.run(SuiteRunner.java:276)
	at org.testng.SuiteRunnerWorker.runSuite(SuiteRunnerWorker.java:53)
	at org.testng.SuiteRunnerWorker.run(SuiteRunnerWorker.java:96)
	at org.testng.TestNG.runSuitesSequentially(TestNG.java:1212)
	at org.testng.TestNG.runSuitesLocally(TestNG.java:1134)
	at org.testng.TestNG.runSuites(TestNG.java:1063)
	at org.testng.TestNG.run(TestNG.java:1031)
	at com.intellij.rt.testng.IDEARemoteTestNG.run(IDEARemoteTestNG.java:66)
	at com.intellij.rt.testng.RemoteTestNGStarter.main(RemoteTestNGStarter.java:109)
</div></td></tr></table><p class="totop"><a href="#summary">back to summary</a></p>
<h3 id="m13">ShopizerUser.TestCase.CartTest.CartTest#RemoveAllProductsFromCart</h3><table class="result"><tr><th>Exception</th></tr><tr><td><div class="stacktrace">java.lang.AssertionError: expected [false] but found [true]
	at org.testng.Assert.fail(Assert.java:99)
	at org.testng.Assert.failNotEquals(Assert.java:1037)
	at org.testng.Assert.assertFalse(Assert.java:67)
	at org.testng.Assert.assertFalse(Assert.java:77)
	at ShopizerUser.Pages.CartPage.CartPage.RemoveAllProductsFromCart(CartPage.java:67)
	at ShopizerUser.TestCase.CartTest.CartTest.RemoveAllProductsFromCart(CartTest.java:70)
	at java.base/jdk.internal.reflect.NativeMethodAccessorImpl.invoke0(Native Method)
	at java.base/jdk.internal.reflect.NativeMethodAccessorImpl.invoke(NativeMethodAccessorImpl.java:64)
	at java.base/jdk.internal.reflect.DelegatingMethodAccessorImpl.invoke(DelegatingMethodAccessorImpl.java:43)
	at java.base/java.lang.reflect.Method.invoke(Method.java:564)
	at org.testng.internal.MethodInvocationHelper.invokeMethod(MethodInvocationHelper.java:133)
	at org.testng.internal.TestInvoker.invokeMethod(TestInvoker.java:598)
	at org.testng.internal.TestInvoker.invokeTestMethod(TestInvoker.java:173)
	at org.testng.internal.MethodRunner.runInSequence(MethodRunner.java:46)
	at org.testng.internal.TestInvoker$MethodInvocationAgent.invoke(TestInvoker.java:824)
	at org.testng.internal.TestInvoker.invokeTestMethods(TestInvoker.java:146)
	at org.testng.internal.TestMethodWorker.invokeTestMethods(TestMethodWorker.java:146)
	at org.testng.internal.TestMethodWorker.run(TestMethodWorker.java:128)
	at java.base/java.util.ArrayList.forEach(ArrayList.java:1511)
	at org.testng.TestRunner.privateRun(TestRunner.java:794)
	at org.testng.TestRunner.run(TestRunner.java:596)
	at org.testng.SuiteRunner.runTest(SuiteRunner.java:377)
	at org.testng.SuiteRunner.runSequentially(SuiteRunner.java:371)
	at org.testng.SuiteRunner.privateRun(SuiteRunner.java:332)
	at org.testng.SuiteRunner.run(SuiteRunner.java:276)
	at org.testng.SuiteRunnerWorker.runSuite(SuiteRunnerWorker.java:53)
	at org.testng.SuiteRunnerWorker.run(SuiteRunnerWorker.java:96)
	at org.testng.TestNG.runSuitesSequentially(TestNG.java:1212)
	at org.testng.TestNG.runSuitesLocally(TestNG.java:1134)
	at org.testng.TestNG.runSuites(TestNG.java:1063)
	at org.testng.TestNG.run(TestNG.java:1031)
	at com.intellij.rt.testng.IDEARemoteTestNG.run(IDEARemoteTestNG.java:66)
	at com.intellij.rt.testng.RemoteTestNGStarter.main(RemoteTestNGStarter.java:109)
</div></td></tr></table><p class="totop"><a href="#summary">back to summary</a></p>
<h3 id="m14">ShopizerUser.TestCase.CartTest.CartTest#RemoveProductFromCart</h3><table class="result"><tr><th>Exception</th></tr><tr><td><div class="stacktrace">java.lang.AssertionError: expected [false] but found [true]
	at org.testng.Assert.fail(Assert.java:99)
	at org.testng.Assert.failNotEquals(Assert.java:1037)
	at org.testng.Assert.assertFalse(Assert.java:67)
	at org.testng.Assert.assertFalse(Assert.java:77)
	at ShopizerUser.Pages.CartPage.CartPage.RemoveProductFromCart(CartPage.java:82)
	at ShopizerUser.TestCase.CartTest.CartTest.RemoveProductFromCart(CartTest.java:34)
	at java.base/jdk.internal.reflect.NativeMethodAccessorImpl.invoke0(Native Method)
	at java.base/jdk.internal.reflect.NativeMethodAccessorImpl.invoke(NativeMethodAccessorImpl.java:64)
	at java.base/jdk.internal.reflect.DelegatingMethodAccessorImpl.invoke(DelegatingMethodAccessorImpl.java:43)
	at java.base/java.lang.reflect.Method.invoke(Method.java:564)
	at org.testng.internal.MethodInvocationHelper.invokeMethod(MethodInvocationHelper.java:133)
	at org.testng.internal.TestInvoker.invokeMethod(TestInvoker.java:598)
	at org.testng.internal.TestInvoker.invokeTestMethod(TestInvoker.java:173)
	at org.testng.internal.MethodRunner.runInSequence(MethodRunner.java:46)
	at org.testng.internal.TestInvoker$MethodInvocationAgent.invoke(TestInvoker.java:824)
	at org.testng.internal.TestInvoker.invokeTestMethods(TestInvoker.java:146)
	at org.testng.internal.TestMethodWorker.invokeTestMethods(TestMethodWorker.java:146)
	at org.testng.internal.TestMethodWorker.run(TestMethodWorker.java:128)
	at java.base/java.util.ArrayList.forEach(ArrayList.java:1511)
	at org.testng.TestRunner.privateRun(TestRunner.java:794)
	at org.testng.TestRunner.run(TestRunner.java:596)
	at org.testng.SuiteRunner.runTest(SuiteRunner.java:377)
	at org.testng.SuiteRunner.runSequentially(SuiteRunner.java:371)
	at org.testng.SuiteRunner.privateRun(SuiteRunner.java:332)
	at org.testng.SuiteRunner.run(SuiteRunner.java:276)
	at org.testng.SuiteRunnerWorker.runSuite(SuiteRunnerWorker.java:53)
	at org.testng.SuiteRunnerWorker.run(SuiteRunnerWorker.java:96)
	at org.testng.TestNG.runSuitesSequentially(TestNG.java:1212)
	at org.testng.TestNG.runSuitesLocally(TestNG.java:1134)
	at org.testng.TestNG.runSuites(TestNG.java:1063)
	at org.testng.TestNG.run(TestNG.java:1031)
	at com.intellij.rt.testng.IDEARemoteTestNG.run(IDEARemoteTestNG.java:66)
	at com.intellij.rt.testng.RemoteTestNGStarter.main(RemoteTestNGStarter.java:109)
</div></td></tr></table><p class="totop"><a href="#summary">back to summary</a></p>
<h3 id="m15">ShopizerUser.TestCase.CartTest.CartTest#RemoveProductFromMiniCart</h3><table class="result"><tr><th>Exception</th></tr><tr><td><div class="stacktrace">java.lang.AssertionError: expected [false] but found [true]
	at org.testng.Assert.fail(Assert.java:99)
	at org.testng.Assert.failNotEquals(Assert.java:1037)
	at org.testng.Assert.assertFalse(Assert.java:67)
	at org.testng.Assert.assertFalse(Assert.java:77)
	at ShopizerUser.Pages.CartPage.CartPage.RemoveProductFromMiniCart(CartPage.java:96)
	at ShopizerUser.TestCase.CartTest.CartTest.RemoveProductFromMiniCart(CartTest.java:46)
	at java.base/jdk.internal.reflect.NativeMethodAccessorImpl.invoke0(Native Method)
	at java.base/jdk.internal.reflect.NativeMethodAccessorImpl.invoke(NativeMethodAccessorImpl.java:64)
	at java.base/jdk.internal.reflect.DelegatingMethodAccessorImpl.invoke(DelegatingMethodAccessorImpl.java:43)
	at java.base/java.lang.reflect.Method.invoke(Method.java:564)
	at org.testng.internal.MethodInvocationHelper.invokeMethod(MethodInvocationHelper.java:133)
	at org.testng.internal.TestInvoker.invokeMethod(TestInvoker.java:598)
	at org.testng.internal.TestInvoker.invokeTestMethod(TestInvoker.java:173)
	at org.testng.internal.MethodRunner.runInSequence(MethodRunner.java:46)
	at org.testng.internal.TestInvoker$MethodInvocationAgent.invoke(TestInvoker.java:824)
	at org.testng.internal.TestInvoker.invokeTestMethods(TestInvoker.java:146)
	at org.testng.internal.TestMethodWorker.invokeTestMethods(TestMethodWorker.java:146)
	at org.testng.internal.TestMethodWorker.run(TestMethodWorker.java:128)
	at java.base/java.util.ArrayList.forEach(ArrayList.java:1511)
	at org.testng.TestRunner.privateRun(TestRunner.java:794)
	at org.testng.TestRunner.run(TestRunner.java:596)
	at org.testng.SuiteRunner.runTest(SuiteRunner.java:377)
	at org.testng.SuiteRunner.runSequentially(SuiteRunner.java:371)
	at org.testng.SuiteRunner.privateRun(SuiteRunner.java:332)
	at org.testng.SuiteRunner.run(SuiteRunner.java:276)
	at org.testng.SuiteRunnerWorker.runSuite(SuiteRunnerWorker.java:53)
	at org.testng.SuiteRunnerWorker.run(SuiteRunnerWorker.java:96)
	at org.testng.TestNG.runSuitesSequentially(TestNG.java:1212)
	at org.testng.TestNG.runSuitesLocally(TestNG.java:1134)
	at org.testng.TestNG.runSuites(TestNG.java:1063)
	at org.testng.TestNG.run(TestNG.java:1031)
	at com.intellij.rt.testng.IDEARemoteTestNG.run(IDEARemoteTestNG.java:66)
	at com.intellij.rt.testng.RemoteTestNGStarter.main(RemoteTestNGStarter.java:109)
</div></td></tr></table><p class="totop"><a href="#summary">back to summary</a></p>
<h3 id="m16">ShopizerUser.TestCase.CheckoutTest.CheckoutTest#CheckoutTest</h3><table class="result"><tr><th>Exception</th></tr><tr><td><div class="stacktrace">java.lang.AssertionError: expected [false] but found [true]
	at org.testng.Assert.fail(Assert.java:99)
	at org.testng.Assert.failNotEquals(Assert.java:1037)
	at org.testng.Assert.assertFalse(Assert.java:67)
	at org.testng.Assert.assertFalse(Assert.java:77)
	at ShopizerUser.Pages.CheckoutPage.CheckoutPage.CheckoutTest(CheckoutPage.java:38)
	at ShopizerUser.TestCase.CheckoutTest.CheckoutTest.CheckoutTest(CheckoutTest.java:27)
	at java.base/jdk.internal.reflect.NativeMethodAccessorImpl.invoke0(Native Method)
	at java.base/jdk.internal.reflect.NativeMethodAccessorImpl.invoke(NativeMethodAccessorImpl.java:64)
	at java.base/jdk.internal.reflect.DelegatingMethodAccessorImpl.invoke(DelegatingMethodAccessorImpl.java:43)
	at java.base/java.lang.reflect.Method.invoke(Method.java:564)
	at org.testng.internal.MethodInvocationHelper.invokeMethod(MethodInvocationHelper.java:133)
	at org.testng.internal.TestInvoker.invokeMethod(TestInvoker.java:598)
	at org.testng.internal.TestInvoker.invokeTestMethod(TestInvoker.java:173)
	at org.testng.internal.MethodRunner.runInSequence(MethodRunner.java:46)
	at org.testng.internal.TestInvoker$MethodInvocationAgent.invoke(TestInvoker.java:824)
	at org.testng.internal.TestInvoker.invokeTestMethods(TestInvoker.java:146)
	at org.testng.internal.TestMethodWorker.invokeTestMethods(TestMethodWorker.java:146)
	at org.testng.internal.TestMethodWorker.run(TestMethodWorker.java:128)
	at java.base/java.util.ArrayList.forEach(ArrayList.java:1511)
	at org.testng.TestRunner.privateRun(TestRunner.java:794)
	at org.testng.TestRunner.run(TestRunner.java:596)
	at org.testng.SuiteRunner.runTest(SuiteRunner.java:377)
	at org.testng.SuiteRunner.runSequentially(SuiteRunner.java:371)
	at org.testng.SuiteRunner.privateRun(SuiteRunner.java:332)
	at org.testng.SuiteRunner.run(SuiteRunner.java:276)
	at org.testng.SuiteRunnerWorker.runSuite(SuiteRunnerWorker.java:53)
	at org.testng.SuiteRunnerWorker.run(SuiteRunnerWorker.java:96)
	at org.testng.TestNG.runSuitesSequentially(TestNG.java:1212)
	at org.testng.TestNG.runSuitesLocally(TestNG.java:1134)
	at org.testng.TestNG.runSuites(TestNG.java:1063)
	at org.testng.TestNG.run(TestNG.java:1031)
	at com.intellij.rt.testng.IDEARemoteTestNG.run(IDEARemoteTestNG.java:66)
	at com.intellij.rt.testng.RemoteTestNGStarter.main(RemoteTestNGStarter.java:109)
</div></td></tr></table><p class="totop"><a href="#summary">back to summary</a></p>
<h3 id="m17">ShopizerUser.TestCase.ProductInforTest.ProductInforTest#AddReview</h3><table class="result"><tr><th>Exception</th></tr><tr><td><div class="stacktrace">java.lang.AssertionError: expected [] but found [o p]
	at org.testng.Assert.fail(Assert.java:99)
	at org.testng.Assert.failNotEquals(Assert.java:1037)
	at org.testng.Assert.assertEqualsImpl(Assert.java:140)
	at org.testng.Assert.assertEquals(Assert.java:122)
	at org.testng.Assert.assertEquals(Assert.java:629)
	at org.testng.Assert.assertEquals(Assert.java:639)
	at ShopizerUser.Pages.ProductInforPage.ProductInforPage.AddReview(ProductInforPage.java:53)
	at ShopizerUser.TestCase.ProductInforTest.ProductInforTest.AddReview(ProductInforTest.java:33)
	at java.base/jdk.internal.reflect.NativeMethodAccessorImpl.invoke0(Native Method)
	at java.base/jdk.internal.reflect.NativeMethodAccessorImpl.invoke(NativeMethodAccessorImpl.java:64)
	at java.base/jdk.internal.reflect.DelegatingMethodAccessorImpl.invoke(DelegatingMethodAccessorImpl.java:43)
	at java.base/java.lang.reflect.Method.invoke(Method.java:564)
	at org.testng.internal.MethodInvocationHelper.invokeMethod(MethodInvocationHelper.java:133)
	at org.testng.internal.TestInvoker.invokeMethod(TestInvoker.java:598)
	at org.testng.internal.TestInvoker.invokeTestMethod(TestInvoker.java:173)
	at org.testng.internal.MethodRunner.runInSequence(MethodRunner.java:46)
	at org.testng.internal.TestInvoker$MethodInvocationAgent.invoke(TestInvoker.java:824)
	at org.testng.internal.TestInvoker.invokeTestMethods(TestInvoker.java:146)
	at org.testng.internal.TestMethodWorker.invokeTestMethods(TestMethodWorker.java:146)
	at org.testng.internal.TestMethodWorker.run(TestMethodWorker.java:128)
	at java.base/java.util.ArrayList.forEach(ArrayList.java:1511)
	at org.testng.TestRunner.privateRun(TestRunner.java:794)
	at org.testng.TestRunner.run(TestRunner.java:596)
	at org.testng.SuiteRunner.runTest(SuiteRunner.java:377)
	at org.testng.SuiteRunner.runSequentially(SuiteRunner.java:371)
	at org.testng.SuiteRunner.privateRun(SuiteRunner.java:332)
	at org.testng.SuiteRunner.run(SuiteRunner.java:276)
	at org.testng.SuiteRunnerWorker.runSuite(SuiteRunnerWorker.java:53)
	at org.testng.SuiteRunnerWorker.run(SuiteRunnerWorker.java:96)
	at org.testng.TestNG.runSuitesSequentially(TestNG.java:1212)
	at org.testng.TestNG.runSuitesLocally(TestNG.java:1134)
	at org.testng.TestNG.runSuites(TestNG.java:1063)
	at org.testng.TestNG.run(TestNG.java:1031)
	at com.intellij.rt.testng.IDEARemoteTestNG.run(IDEARemoteTestNG.java:66)
	at com.intellij.rt.testng.RemoteTestNGStarter.main(RemoteTestNGStarter.java:109)
</div></td></tr></table><p class="totop"><a href="#summary">back to summary</a></p>
<h3 id="m18">ShopizerUser.TestCase.ProductInforTest.ProductInforTest#ProductInfor</h3><table class="result"><tr><th>Exception</th></tr><tr><td><div class="stacktrace">org.openqa.selenium.NoSuchElementException: no such element: Unable to locate element: {&quot;method&quot;:&quot;xpath&quot;,&quot;selector&quot;:&quot;/html[1]/body[1]/div[1]/div[3]/div[1]/div[1]/div[2]/div[1]/h2[1]&quot;}
  (Session info: chrome=115.0.5790.110)
For documentation on this error, please visit: https://www.seleniumhq.org/exceptions/no_such_element.html
Build info: version: &apos;3.141.59&apos;, revision: &apos;e82be7d358&apos;, time: &apos;2018-11-14T08:17:03&apos;
System info: host: &apos;DESKTOP-EU216N6&apos;, ip: &apos;192.168.1.106&apos;, os.name: &apos;Windows 10&apos;, os.arch: &apos;amd64&apos;, os.version: &apos;10.0&apos;, java.version: &apos;15.0.2&apos;
Driver info: org.openqa.selenium.chrome.ChromeDriver
Capabilities {acceptInsecureCerts: false, browserName: chrome, browserVersion: 115.0.5790.110, chrome: {chromedriverVersion: 114.0.5735.90 (386bc09e8f4f..., userDataDir: C:\Users\ANHTU~1\AppData\Lo...}, goog:chromeOptions: {debuggerAddress: localhost:56008}, javascriptEnabled: true, networkConnectionEnabled: false, pageLoadStrategy: normal, platform: WINDOWS, platformName: WINDOWS, proxy: Proxy(), setWindowRect: true, strictFileInteractability: false, timeouts: {implicit: 0, pageLoad: 300000, script: 30000}, unhandledPromptBehavior: dismiss and notify, webauthn:extension:credBlob: true, webauthn:extension:largeBlob: true, webauthn:extension:minPinLength: true, webauthn:extension:prf: true, webauthn:virtualAuthenticators: true}
Session ID: 1154752770f4f4655b20f1b3edac8601
*** Element info: {Using=xpath, value=/html[1]/body[1]/div[1]/div[3]/div[1]/div[1]/div[2]/div[1]/h2[1]}
	at jdk.internal.reflect.GeneratedConstructorAccessor56.newInstance(Unknown Source)
	at java.base/jdk.internal.reflect.DelegatingConstructorAccessorImpl.newInstance(DelegatingConstructorAccessorImpl.java:45)
	at java.base/java.lang.reflect.Constructor.newInstanceWithCaller(Constructor.java:500)
	at java.base/java.lang.reflect.Constructor.newInstance(Constructor.java:481)
	at org.openqa.selenium.remote.http.W3CHttpResponseCodec.createException(W3CHttpResponseCodec.java:187)
	at org.openqa.selenium.remote.http.W3CHttpResponseCodec.decode(W3CHttpResponseCodec.java:122)
	at org.openqa.selenium.remote.http.W3CHttpResponseCodec.decode(W3CHttpResponseCodec.java:49)
	at org.openqa.selenium.remote.HttpCommandExecutor.execute(HttpCommandExecutor.java:158)
	at org.openqa.selenium.remote.service.DriverCommandExecutor.execute(DriverCommandExecutor.java:83)
	at org.openqa.selenium.remote.RemoteWebDriver.execute(RemoteWebDriver.java:552)
	at org.openqa.selenium.remote.RemoteWebDriver.findElement(RemoteWebDriver.java:323)
	at org.openqa.selenium.remote.RemoteWebDriver.findElementByXPath(RemoteWebDriver.java:428)
	at org.openqa.selenium.By$ByXPath.findElement(By.java:353)
	at org.openqa.selenium.remote.RemoteWebDriver.findElement(RemoteWebDriver.java:315)
	at Initialization.ValidateHelper.getText(ValidateHelper.java:80)
	at ShopizerUser.Pages.ProductInforPage.ProductInforPage.ProductInfor(ProductInforPage.java:34)
	at ShopizerUser.TestCase.ProductInforTest.ProductInforTest.ProductInfor(ProductInforTest.java:22)
	at java.base/jdk.internal.reflect.NativeMethodAccessorImpl.invoke0(Native Method)
	at java.base/jdk.internal.reflect.NativeMethodAccessorImpl.invoke(NativeMethodAccessorImpl.java:64)
	at java.base/jdk.internal.reflect.DelegatingMethodAccessorImpl.invoke(DelegatingMethodAccessorImpl.java:43)
	at java.base/java.lang.reflect.Method.invoke(Method.java:564)
	at org.testng.internal.MethodInvocationHelper.invokeMethod(MethodInvocationHelper.java:133)
	at org.testng.internal.TestInvoker.invokeMethod(TestInvoker.java:598)
	at org.testng.internal.TestInvoker.invokeTestMethod(TestInvoker.java:173)
	at org.testng.internal.MethodRunner.runInSequence(MethodRunner.java:46)
	at org.testng.internal.TestInvoker$MethodInvocationAgent.invoke(TestInvoker.java:824)
	at org.testng.internal.TestInvoker.invokeTestMethods(TestInvoker.java:146)
	at org.testng.internal.TestMethodWorker.invokeTestMethods(TestMethodWorker.java:146)
	at org.testng.internal.TestMethodWorker.run(TestMethodWorker.java:128)
	at java.base/java.util.ArrayList.forEach(ArrayList.java:1511)
	at org.testng.TestRunner.privateRun(TestRunner.java:794)
	at org.testng.TestRunner.run(TestRunner.java:596)
	at org.testng.SuiteRunner.runTest(SuiteRunner.java:377)
	at org.testng.SuiteRunner.runSequentially(SuiteRunner.java:371)
	at org.testng.SuiteRunner.privateRun(SuiteRunner.java:332)
	at org.testng.SuiteRunner.run(SuiteRunner.java:276)
	at org.testng.SuiteRunnerWorker.runSuite(SuiteRunnerWorker.java:53)
	at org.testng.SuiteRunnerWorker.run(SuiteRunnerWorker.java:96)
	at org.testng.TestNG.runSuitesSequentially(TestNG.java:1212)
	at org.testng.TestNG.runSuitesLocally(TestNG.java:1134)
	at org.testng.TestNG.runSuites(TestNG.java:1063)
	at org.testng.TestNG.run(TestNG.java:1031)
	at com.intellij.rt.testng.IDEARemoteTestNG.run(IDEARemoteTestNG.java:66)
	at com.intellij.rt.testng.RemoteTestNGStarter.main(RemoteTestNGStarter.java:109)
</div></td></tr></table><p class="totop"><a href="#summary">back to summary</a></p>
<h3 id="m19">ShopizerAdmin.TestCase.ContentManagement.BoxesTest.BoxesTest#AddBox</h3><table class="result"><tr><th class="invisible"/></tr></table><p class="totop"><a href="#summary">back to summary</a></p>
<h3 id="m20">ShopizerAdmin.TestCase.ContentManagement.BoxesTest.BoxesTest#EditBox</h3><table class="result"><tr><th class="invisible"/></tr></table><p class="totop"><a href="#summary">back to summary</a></p>
<h3 id="m21">ShopizerAdmin.TestCase.ContentManagement.BoxesTest.BoxesTest#RemoveBox</h3><table class="result"><tr><th class="invisible"/></tr></table><p class="totop"><a href="#summary">back to summary</a></p>
<h3 id="m22">ShopizerAdmin.TestCase.ContentManagement.PagesTest.PagesTest#AddPage</h3><table class="result"><tr><th class="invisible"/></tr></table><p class="totop"><a href="#summary">back to summary</a></p>
<h3 id="m23">ShopizerAdmin.TestCase.ContentManagement.PagesTest.PagesTest#EditPage</h3><table class="result"><tr><th class="invisible"/></tr></table><p class="totop"><a href="#summary">back to summary</a></p>
<h3 id="m24">ShopizerAdmin.TestCase.ContentManagement.PagesTest.PagesTest#RemovePage</h3><table class="result"><tr><th class="invisible"/></tr></table><p class="totop"><a href="#summary">back to summary</a></p>
<h3 id="m25">ShopizerAdmin.TestCase.InventoryManagement.BrandTest.BrandTest#AddBrandSameID</h3><table class="result"><tr><th class="invisible"/></tr></table><p class="totop"><a href="#summary">back to summary</a></p>
<h3 id="m26">ShopizerAdmin.TestCase.InventoryManagement.BrandTest.BrandTest#BrandTest</h3><table class="result"><tr><th class="invisible"/></tr></table><p class="totop"><a href="#summary">back to summary</a></p>
<h3 id="m27">ShopizerAdmin.TestCase.InventoryManagement.BrandTest.BrandTest#EditBrand</h3><table class="result"><tr><th class="invisible"/></tr></table><p class="totop"><a href="#summary">back to summary</a></p>
<h3 id="m28">ShopizerAdmin.TestCase.InventoryManagement.BrandTest.BrandTest#RemoveBrand</h3><table class="result"><tr><th class="invisible"/></tr></table><p class="totop"><a href="#summary">back to summary</a></p>
<h3 id="m29">ShopizerAdmin.TestCase.InventoryManagement.BrandTest.BrandTest#SearchByCode</h3><table class="result"><tr><th class="invisible"/></tr></table><p class="totop"><a href="#summary">back to summary</a></p>
<h3 id="m30">ShopizerAdmin.TestCase.InventoryManagement.CategoryTest.CategoryTest#AddCategorySameID</h3><table class="result"><tr><th class="invisible"/></tr></table><p class="totop"><a href="#summary">back to summary</a></p>
<h3 id="m31">ShopizerAdmin.TestCase.InventoryManagement.CategoryTest.CategoryTest#CategoryTest</h3><table class="result"><tr><th class="invisible"/></tr></table><p class="totop"><a href="#summary">back to summary</a></p>
<h3 id="m32">ShopizerAdmin.TestCase.InventoryManagement.CategoryTest.CategoryTest#EditCategory</h3><table class="result"><tr><th class="invisible"/></tr></table><p class="totop"><a href="#summary">back to summary</a></p>
<h3 id="m33">ShopizerAdmin.TestCase.InventoryManagement.CategoryTest.CategoryTest#RemoveCategory</h3><table class="result"><tr><th class="invisible"/></tr></table><p class="totop"><a href="#summary">back to summary</a></p>
<h3 id="m34">ShopizerAdmin.TestCase.InventoryManagement.CategoryTest.CategoryTest#SearchByName</h3><table class="result"><tr><th class="invisible"/></tr></table><p class="totop"><a href="#summary">back to summary</a></p>
<h3 id="m35">ShopizerAdmin.TestCase.InventoryManagement.ProductOptionsTest.OptionsTest.OptionsTest#AddOptionsSameID</h3><table class="result"><tr><th class="invisible"/></tr></table><p class="totop"><a href="#summary">back to summary</a></p>
<h3 id="m36">ShopizerAdmin.TestCase.InventoryManagement.ProductOptionsTest.OptionsTest.OptionsTest#EditOptions</h3><table class="result"><tr><th class="invisible"/></tr></table><p class="totop"><a href="#summary">back to summary</a></p>
<h3 id="m37">ShopizerAdmin.TestCase.InventoryManagement.ProductOptionsTest.OptionsTest.OptionsTest#OptionsTest</h3><table class="result"><tr><th class="invisible"/></tr></table><p class="totop"><a href="#summary">back to summary</a></p>
<h3 id="m38">ShopizerAdmin.TestCase.InventoryManagement.ProductOptionsTest.OptionsTest.OptionsTest#RemoveOptions</h3><table class="result"><tr><th class="invisible"/></tr></table><p class="totop"><a href="#summary">back to summary</a></p>
<h3 id="m39">ShopizerAdmin.TestCase.InventoryManagement.ProductsGroupsTest.ProductsGroupsTest#EditProductsGroups</h3><table class="result"><tr><th class="invisible"/></tr></table><p class="totop"><a href="#summary">back to summary</a></p>
<h3 id="m40">ShopizerAdmin.TestCase.InventoryManagement.ProductsGroupsTest.ProductsGroupsTest#ProductsGroupsTest</h3><table class="result"><tr><th class="invisible"/></tr></table><p class="totop"><a href="#summary">back to summary</a></p>
<h3 id="m41">ShopizerAdmin.TestCase.InventoryManagement.ProductsGroupsTest.ProductsGroupsTest#RemoveProductsGroups</h3><table class="result"><tr><th class="invisible"/></tr></table><p class="totop"><a href="#summary">back to summary</a></p>
<h3 id="m42">ShopizerAdmin.TestCase.InventoryManagement.ProductsGroupsTest.ProductsGroupsTest#SearchByCode</h3><table class="result"><tr><th class="invisible"/></tr></table><p class="totop"><a href="#summary">back to summary</a></p>
<h3 id="m43">ShopizerAdmin.TestCase.InventoryManagement.ProductsTest.ProductsTest#AddProductSameID</h3><table class="result"><tr><th class="invisible"/></tr></table><p class="totop"><a href="#summary">back to summary</a></p>
<h3 id="m44">ShopizerAdmin.TestCase.InventoryManagement.ProductsTest.ProductsTest#ProductsTest</h3><table class="result"><tr><th class="invisible"/></tr></table><p class="totop"><a href="#summary">back to summary</a></p>
<h3 id="m45">ShopizerAdmin.TestCase.InventoryManagement.ProductsTest.ProductsTest#RemoveProduct</h3><table class="result"><tr><th class="invisible"/></tr></table><p class="totop"><a href="#summary">back to summary</a></p>
<h3 id="m46">ShopizerAdmin.TestCase.InventoryManagement.ProductsTest.ProductsTest#SearchByID</h3><table class="result"><tr><th class="invisible"/></tr></table><p class="totop"><a href="#summary">back to summary</a></p>
<h3 id="m47">ShopizerAdmin.TestCase.InventoryManagement.ProductsTest.ProductsTest#SearchByName</h3><table class="result"><tr><th class="invisible"/></tr></table><p class="totop"><a href="#summary">back to summary</a></p>
<h3 id="m48">ShopizerAdmin.TestCase.InventoryManagement.ProductsTypesTest.ProductsTypesTest#ProductsTypesSameID</h3><table class="result"><tr><th class="invisible"/></tr></table><p class="totop"><a href="#summary">back to summary</a></p>
<h3 id="m49">ShopizerAdmin.TestCase.InventoryManagement.ProductsTypesTest.ProductsTypesTest#ProductsTypesTest</h3><table class="result"><tr><th class="invisible"/></tr></table><p class="totop"><a href="#summary">back to summary</a></p>
<h3 id="m50">ShopizerAdmin.TestCase.InventoryManagement.ProductsTypesTest.ProductsTypesTest#RemoveProductsTypes</h3><table class="result"><tr><th class="invisible"/></tr></table><p class="totop"><a href="#summary">back to summary</a></p>
<h3 id="m51">ShopizerAdmin.TestCase.InventoryManagement.ProductsTypesTest.ProductsTypesTest#SearchByCode</h3><table class="result"><tr><th class="invisible"/></tr></table><p class="totop"><a href="#summary">back to summary</a></p>
<h3 id="m52">ShopizerAdmin.TestCase.Login.LoginTest#LoginTest</h3><table class="result"><tr><th class="invisible"/></tr></table><p class="totop"><a href="#summary">back to summary</a></p>
<h3 id="m53">ShopizerAdmin.TestCase.Login.LoginTest#LoginWithInvalidEmail</h3><table class="result"><tr><th class="invisible"/></tr></table><p class="totop"><a href="#summary">back to summary</a></p>
<h3 id="m54">ShopizerAdmin.TestCase.Login.LoginTest#LoginWithWrongPassword</h3><table class="result"><tr><th class="invisible"/></tr></table><p class="totop"><a href="#summary">back to summary</a></p>
<h3 id="m55">ShopizerAdmin.TestCase.ShippingManagement.ExpeditionTest.ExpeditionTest#CountrySelect</h3><table class="result"><tr><th class="invisible"/></tr></table><p class="totop"><a href="#summary">back to summary</a></p>
<h3 id="m56">ShopizerAdmin.TestCase.ShippingManagement.PackagingTest.PackagingTest#AddBox</h3><table class="result"><tr><th class="invisible"/></tr></table><p class="totop"><a href="#summary">back to summary</a></p>
<h3 id="m57">ShopizerAdmin.TestCase.ShippingManagement.PackagingTest.PackagingTest#AddBoxSameCode</h3><table class="result"><tr><th class="invisible"/></tr></table><p class="totop"><a href="#summary">back to summary</a></p>
<h3 id="m58">ShopizerAdmin.TestCase.ShippingManagement.PackagingTest.PackagingTest#EditBox</h3><table class="result"><tr><th class="invisible"/></tr></table><p class="totop"><a href="#summary">back to summary</a></p>
<h3 id="m59">ShopizerAdmin.TestCase.ShippingManagement.PackagingTest.PackagingTest#RemoveBox</h3><table class="result"><tr><th class="invisible"/></tr></table><p class="totop"><a href="#summary">back to summary</a></p>
<h3 id="m60">ShopizerAdmin.TestCase.ShippingManagement.ShippingOriginTest.ShippingOriginTest#AddShippingOrigin</h3><table class="result"><tr><th class="invisible"/></tr></table><p class="totop"><a href="#summary">back to summary</a></p>
<h3 id="m61">ShopizerAdmin.TestCase.StoreManagement.StoreManagementTest#EditStore</h3><table class="result"><tr><th class="invisible"/></tr></table><p class="totop"><a href="#summary">back to summary</a></p>
<h3 id="m62">ShopizerAdmin.TestCase.StoreManagement.StoreManagementTest#RemoveStore</h3><table class="result"><tr><th class="invisible"/></tr></table><p class="totop"><a href="#summary">back to summary</a></p>
<h3 id="m63">ShopizerAdmin.TestCase.StoreManagement.StoreManagementTest#SearchByEmail</h3><table class="result"><tr><th class="invisible"/></tr></table><p class="totop"><a href="#summary">back to summary</a></p>
<h3 id="m64">ShopizerAdmin.TestCase.StoreManagement.StoreManagementTest#SearchByName</h3><table class="result"><tr><th class="invisible"/></tr></table><p class="totop"><a href="#summary">back to summary</a></p>
<h3 id="m65">ShopizerAdmin.TestCase.StoreManagement.StoreManagementTest#StoreTest</h3><table class="result"><tr><th class="invisible"/></tr></table><p class="totop"><a href="#summary">back to summary</a></p>
<h3 id="m66">ShopizerAdmin.TestCase.TaxManagement.ClassTest.ClassTest#AddClass</h3><table class="result"><tr><th class="invisible"/></tr></table><p class="totop"><a href="#summary">back to summary</a></p>
<h3 id="m67">ShopizerAdmin.TestCase.TaxManagement.ClassTest.ClassTest#AddClassSameCode</h3><table class="result"><tr><th class="invisible"/></tr></table><p class="totop"><a href="#summary">back to summary</a></p>
<h3 id="m68">ShopizerAdmin.TestCase.TaxManagement.ClassTest.ClassTest#EditClass</h3><table class="result"><tr><th class="invisible"/></tr></table><p class="totop"><a href="#summary">back to summary</a></p>
<h3 id="m69">ShopizerAdmin.TestCase.TaxManagement.ClassTest.ClassTest#RemoveClass</h3><table class="result"><tr><th class="invisible"/></tr></table><p class="totop"><a href="#summary">back to summary</a></p>
<h3 id="m70">ShopizerAdmin.TestCase.TaxManagement.RateTest.RateTest#AddTaxRateSameCode</h3><table class="result"><tr><th class="invisible"/></tr></table><p class="totop"><a href="#summary">back to summary</a></p>
<h3 id="m71">ShopizerAdmin.TestCase.TaxManagement.RateTest.RateTest#EditRate</h3><table class="result"><tr><th class="invisible"/></tr></table><p class="totop"><a href="#summary">back to summary</a></p>
<h3 id="m72">ShopizerAdmin.TestCase.TaxManagement.RateTest.RateTest#RemoveRate</h3><table class="result"><tr><th class="invisible"/></tr></table><p class="totop"><a href="#summary">back to summary</a></p>
<h3 id="m73">ShopizerAdmin.TestCase.UserManagement.UserManagementTest#AddUserTest</h3><table class="result"><tr><th class="invisible"/></tr></table><p class="totop"><a href="#summary">back to summary</a></p>
<h3 id="m74">ShopizerAdmin.TestCase.UserManagement.UserManagementTest#AddUserWithInvalidEmail</h3><table class="result"><tr><th class="invisible"/></tr></table><p class="totop"><a href="#summary">back to summary</a></p>
<h3 id="m75">ShopizerAdmin.TestCase.UserManagement.UserManagementTest#AddUserWithWrongPassword</h3><table class="result"><tr><th class="invisible"/></tr></table><p class="totop"><a href="#summary">back to summary</a></p>
<h3 id="m76">ShopizerAdmin.TestCase.UserManagement.UserManagementTest#RemoveUser</h3><table class="result"><tr><th class="invisible"/></tr></table><p class="totop"><a href="#summary">back to summary</a></p>
<h3 id="m77">ShopizerAdmin.TestCase.UserManagement.UserManagementTest#SearchByEmail</h3><table class="result"><tr><th class="invisible"/></tr></table><p class="totop"><a href="#summary">back to summary</a></p>
<h3 id="m78">ShopizerAdmin.TestCase.UserManagement.UserManagementTest#SearchByName</h3><table class="result"><tr><th class="invisible"/></tr></table><p class="totop"><a href="#summary">back to summary</a></p>
<h3 id="m79">ShopizerUser.TestCase.AccountTest.AccountTest#UpdateBillingAddress</h3><table class="result"><tr><th class="invisible"/></tr></table><p class="totop"><a href="#summary">back to summary</a></p>
<h3 id="m80">ShopizerUser.TestCase.CartTest.CartTest#AddCartTest</h3><table class="result"><tr><th class="invisible"/></tr></table><p class="totop"><a href="#summary">back to summary</a></p>
<h3 id="m81">ShopizerUser.TestCase.CartTest.CartTest#RemoveProductFromCartByQuantity</h3><table class="result"><tr><th class="invisible"/></tr></table><p class="totop"><a href="#summary">back to summary</a></p>
<h3 id="m82">ShopizerUser.TestCase.Login.LoginTest#LoginTest</h3><table class="result"><tr><th class="invisible"/></tr></table><p class="totop"><a href="#summary">back to summary</a></p>
<h3 id="m83">ShopizerUser.TestCase.Login.LoginTest#LoginWithInvalidEmail</h3><table class="result"><tr><th class="invisible"/></tr></table><p class="totop"><a href="#summary">back to summary</a></p>
<h3 id="m84">ShopizerUser.TestCase.Login.LoginTest#LoginWithWrongPassword</h3><table class="result"><tr><th class="invisible"/></tr></table><p class="totop"><a href="#summary">back to summary</a></p>
<h3 id="m85">ShopizerUser.TestCase.Register.RegisterTest#RegisterTest</h3><table class="result"><tr><th class="invisible"/></tr></table><p class="totop"><a href="#summary">back to summary</a></p>
<h3 id="m86">ShopizerUser.TestCase.Register.RegisterTest#RegisterWithInvalidEmail</h3><table class="result"><tr><th class="invisible"/></tr></table><p class="totop"><a href="#summary">back to summary</a></p>
<h3 id="m87">ShopizerUser.TestCase.Register.RegisterTest#RegisterWithSameEmail</h3><table class="result"><tr><th class="invisible"/></tr></table><p class="totop"><a href="#summary">back to summary</a></p>
<h3 id="m88">ShopizerUser.TestCase.Register.RegisterTest#RegisterWithWrongPassword</h3><table class="result"><tr><th class="invisible"/></tr></table><p class="totop"><a href="#summary">back to summary</a></p>
</body>
</html>
