<?xml version="1.0" encoding="UTF-8"?>
<testng-results ignored="0" total="86" passed="71" failed="15" skipped="0">
  <reporter-output>
  </reporter-output>
  <suite started-at="2023-07-27T13:49:04 ICT" name="All Test Suite" finished-at="2023-07-27T15:19:21 ICT" duration-ms="5417501">
    <groups>
    </groups>
    <test started-at="2023-07-27T13:49:04 ICT" name="D:/Shopizer_test/shopizertest" finished-at="2023-07-27T15:19:21 ICT" duration-ms="5417501">
      <class name="ShopizerAdmin.TestCase.InventoryManagement.ProductsGroupsTest.ProductsGroupsTest">
        <test-method is-config="true" signature="Setup()[pri:0, instance:ShopizerAdmin.TestCase.InventoryManagement.ProductsGroupsTest.ProductsGroupsTest@1b1473ab]" started-at="2023-07-27T14:54:07 ICT" name="Setup" finished-at="2023-07-27T14:54:10 ICT" duration-ms="2590" status="PASS">
          <reporter-output>
          </reporter-output>
        </test-method> <!-- Setup -->
        <test-method signature="ProductsGroupsTest()[pri:1, instance:ShopizerAdmin.TestCase.InventoryManagement.ProductsGroupsTest.ProductsGroupsTest@1b1473ab]" started-at="2023-07-27T14:54:10 ICT" name="ProductsGroupsTest" finished-at="2023-07-27T14:54:45 ICT" duration-ms="35251" status="PASS">
          <reporter-output>
          </reporter-output>
        </test-method> <!-- ProductsGroupsTest -->
        <test-method is-config="true" signature="TearDown()[pri:0, instance:ShopizerAdmin.TestCase.InventoryManagement.ProductsGroupsTest.ProductsGroupsTest@1b1473ab]" started-at="2023-07-27T14:54:45 ICT" name="TearDown" finished-at="2023-07-27T14:54:48 ICT" duration-ms="2750" status="PASS">
          <reporter-output>
          </reporter-output>
        </test-method> <!-- TearDown -->
        <test-method is-config="true" signature="Setup()[pri:0, instance:ShopizerAdmin.TestCase.InventoryManagement.ProductsGroupsTest.ProductsGroupsTest@1b1473ab]" started-at="2023-07-27T14:54:48 ICT" name="Setup" finished-at="2023-07-27T14:54:51 ICT" duration-ms="2851" status="PASS">
          <reporter-output>
          </reporter-output>
        </test-method> <!-- Setup -->
        <test-method signature="SearchByCode()[pri:2, instance:ShopizerAdmin.TestCase.InventoryManagement.ProductsGroupsTest.ProductsGroupsTest@1b1473ab]" started-at="2023-07-27T14:54:51 ICT" name="SearchByCode" finished-at="2023-07-27T14:55:08 ICT" duration-ms="17292" status="PASS">
          <reporter-output>
          </reporter-output>
        </test-method> <!-- SearchByCode -->
        <test-method is-config="true" signature="TearDown()[pri:0, instance:ShopizerAdmin.TestCase.InventoryManagement.ProductsGroupsTest.ProductsGroupsTest@1b1473ab]" started-at="2023-07-27T14:55:08 ICT" name="TearDown" finished-at="2023-07-27T14:55:11 ICT" duration-ms="2792" status="PASS">
          <reporter-output>
          </reporter-output>
        </test-method> <!-- TearDown -->
        <test-method is-config="true" signature="Setup()[pri:0, instance:ShopizerAdmin.TestCase.InventoryManagement.ProductsGroupsTest.ProductsGroupsTest@1b1473ab]" started-at="2023-07-27T14:55:11 ICT" name="Setup" finished-at="2023-07-27T14:55:14 ICT" duration-ms="2829" status="PASS">
          <reporter-output>
          </reporter-output>
        </test-method> <!-- Setup -->
        <test-method signature="ProductsGroupsSameID()[pri:3, instance:ShopizerAdmin.TestCase.InventoryManagement.ProductsGroupsTest.ProductsGroupsTest@1b1473ab]" started-at="2023-07-27T14:55:14 ICT" name="ProductsGroupsSameID" finished-at="2023-07-27T14:55:31 ICT" duration-ms="17416" status="FAIL">
          <exception class="java.lang.AssertionError">
            <message>
              <![CDATA[expected [false] but found [true]]]>
            </message>
            <full-stacktrace>
              <![CDATA[java.lang.AssertionError: expected [false] but found [true]
at org.testng.Assert.fail(Assert.java:99)
at org.testng.Assert.failNotEquals(Assert.java:1037)
at org.testng.Assert.assertFalse(Assert.java:67)
at org.testng.Assert.assertFalse(Assert.java:77)
at ShopizerAdmin.Pages.InventoryManagementPage.ProductsGroupsPage.ProductsGroupsPage.AddProductsGroupsSameID(ProductsGroupsPage.java:89)
at ShopizerAdmin.TestCase.InventoryManagement.ProductsGroupsTest.ProductsGroupsTest.ProductsGroupsSameID(ProductsGroupsTest.java:45)
at java.base/jdk.internal.reflect.NativeMethodAccessorImpl.invoke0(Native Method)
at java.base/jdk.internal.reflect.NativeMethodAccessorImpl.invoke(NativeMethodAccessorImpl.java:64)
at java.base/jdk.internal.reflect.DelegatingMethodAccessorImpl.invoke(DelegatingMethodAccessorImpl.java:43)
at java.base/java.lang.reflect.Method.invoke(Method.java:564)
at org.testng.internal.MethodInvocationHelper.invokeMethod(MethodInvocationHelper.java:133)
at org.testng.internal.TestInvoker.invokeMethod(TestInvoker.java:598)
at org.testng.internal.TestInvoker.invokeTestMethod(TestInvoker.java:173)
at org.testng.internal.MethodRunner.runInSequence(MethodRunner.java:46)
at org.testng.internal.TestInvoker$MethodInvocationAgent.invoke(TestInvoker.java:824)
at org.testng.internal.TestInvoker.invokeTestMethods(TestInvoker.java:146)
at org.testng.internal.TestMethodWorker.invokeTestMethods(TestMethodWorker.java:146)
at org.testng.internal.TestMethodWorker.run(TestMethodWorker.java:128)
at java.base/java.util.ArrayList.forEach(ArrayList.java:1511)
at org.testng.TestRunner.privateRun(TestRunner.java:794)
at org.testng.TestRunner.run(TestRunner.java:596)
at org.testng.SuiteRunner.runTest(SuiteRunner.java:377)
at org.testng.SuiteRunner.runSequentially(SuiteRunner.java:371)
at org.testng.SuiteRunner.privateRun(SuiteRunner.java:332)
at org.testng.SuiteRunner.run(SuiteRunner.java:276)
at org.testng.SuiteRunnerWorker.runSuite(SuiteRunnerWorker.java:53)
at org.testng.SuiteRunnerWorker.run(SuiteRunnerWorker.java:96)
at org.testng.TestNG.runSuitesSequentially(TestNG.java:1212)
at org.testng.TestNG.runSuitesLocally(TestNG.java:1134)
at org.testng.TestNG.runSuites(TestNG.java:1063)
at org.testng.TestNG.run(TestNG.java:1031)
at com.intellij.rt.testng.IDEARemoteTestNG.run(IDEARemoteTestNG.java:66)
at com.intellij.rt.testng.RemoteTestNGStarter.main(RemoteTestNGStarter.java:109)
]]>
            </full-stacktrace>
          </exception> <!-- java.lang.AssertionError -->
          <reporter-output>
          </reporter-output>
        </test-method> <!-- ProductsGroupsSameID -->
        <test-method is-config="true" signature="TearDown()[pri:0, instance:ShopizerAdmin.TestCase.InventoryManagement.ProductsGroupsTest.ProductsGroupsTest@1b1473ab]" started-at="2023-07-27T14:55:31 ICT" name="TearDown" finished-at="2023-07-27T14:55:34 ICT" duration-ms="2715" status="PASS">
          <reporter-output>
          </reporter-output>
        </test-method> <!-- TearDown -->
        <test-method is-config="true" signature="Setup()[pri:0, instance:ShopizerAdmin.TestCase.InventoryManagement.ProductsGroupsTest.ProductsGroupsTest@1b1473ab]" started-at="2023-07-27T14:55:34 ICT" name="Setup" finished-at="2023-07-27T14:55:37 ICT" duration-ms="2674" status="PASS">
          <reporter-output>
          </reporter-output>
        </test-method> <!-- Setup -->
        <test-method signature="EditProductsGroups()[pri:4, instance:ShopizerAdmin.TestCase.InventoryManagement.ProductsGroupsTest.ProductsGroupsTest@1b1473ab]" started-at="2023-07-27T14:55:37 ICT" name="EditProductsGroups" finished-at="2023-07-27T14:55:56 ICT" duration-ms="19570" status="PASS">
          <reporter-output>
          </reporter-output>
        </test-method> <!-- EditProductsGroups -->
        <test-method is-config="true" signature="TearDown()[pri:0, instance:ShopizerAdmin.TestCase.InventoryManagement.ProductsGroupsTest.ProductsGroupsTest@1b1473ab]" started-at="2023-07-27T14:55:56 ICT" name="TearDown" finished-at="2023-07-27T14:55:59 ICT" duration-ms="2765" status="PASS">
          <reporter-output>
          </reporter-output>
        </test-method> <!-- TearDown -->
        <test-method is-config="true" signature="Setup()[pri:0, instance:ShopizerAdmin.TestCase.InventoryManagement.ProductsGroupsTest.ProductsGroupsTest@1b1473ab]" started-at="2023-07-27T14:55:59 ICT" name="Setup" finished-at="2023-07-27T14:56:01 ICT" duration-ms="2618" status="PASS">
          <reporter-output>
          </reporter-output>
        </test-method> <!-- Setup -->
        <test-method signature="RemoveProductsGroups()[pri:5, instance:ShopizerAdmin.TestCase.InventoryManagement.ProductsGroupsTest.ProductsGroupsTest@1b1473ab]" started-at="2023-07-27T14:56:01 ICT" name="RemoveProductsGroups" finished-at="2023-07-27T14:56:39 ICT" duration-ms="37500" status="PASS">
          <reporter-output>
          </reporter-output>
        </test-method> <!-- RemoveProductsGroups -->
        <test-method is-config="true" signature="TearDown()[pri:0, instance:ShopizerAdmin.TestCase.InventoryManagement.ProductsGroupsTest.ProductsGroupsTest@1b1473ab]" started-at="2023-07-27T14:56:39 ICT" name="TearDown" finished-at="2023-07-27T14:56:42 ICT" duration-ms="2731" status="PASS">
          <reporter-output>
          </reporter-output>
        </test-method> <!-- TearDown -->
      </class> <!-- ShopizerAdmin.TestCase.InventoryManagement.ProductsGroupsTest.ProductsGroupsTest -->
      <class name="ShopizerAdmin.TestCase.InventoryManagement.ProductsTypesTest.ProductsTypesTest">
        <test-method is-config="true" signature="Setup()[pri:0, instance:ShopizerAdmin.TestCase.InventoryManagement.ProductsTypesTest.ProductsTypesTest@3c22fc4c]" started-at="2023-07-27T13:56:07 ICT" name="Setup" finished-at="2023-07-27T13:56:09 ICT" duration-ms="2613" status="PASS">
          <reporter-output>
          </reporter-output>
        </test-method> <!-- Setup -->
        <test-method signature="ProductsTypesTest()[pri:1, instance:ShopizerAdmin.TestCase.InventoryManagement.ProductsTypesTest.ProductsTypesTest@3c22fc4c]" started-at="2023-07-27T13:56:09 ICT" name="ProductsTypesTest" finished-at="2023-07-27T13:57:23 ICT" duration-ms="73205" status="PASS">
          <reporter-output>
          </reporter-output>
        </test-method> <!-- ProductsTypesTest -->
        <test-method is-config="true" signature="TearDown()[pri:0, instance:ShopizerAdmin.TestCase.InventoryManagement.ProductsTypesTest.ProductsTypesTest@3c22fc4c]" started-at="2023-07-27T13:57:23 ICT" name="TearDown" finished-at="2023-07-27T13:57:25 ICT" duration-ms="2769" status="PASS">
          <reporter-output>
          </reporter-output>
        </test-method> <!-- TearDown -->
        <test-method is-config="true" signature="Setup()[pri:0, instance:ShopizerAdmin.TestCase.InventoryManagement.ProductsTypesTest.ProductsTypesTest@3c22fc4c]" started-at="2023-07-27T13:57:25 ICT" name="Setup" finished-at="2023-07-27T13:57:28 ICT" duration-ms="3038" status="PASS">
          <reporter-output>
          </reporter-output>
        </test-method> <!-- Setup -->
        <test-method signature="SearchByCode()[pri:2, instance:ShopizerAdmin.TestCase.InventoryManagement.ProductsTypesTest.ProductsTypesTest@3c22fc4c]" started-at="2023-07-27T13:57:28 ICT" name="SearchByCode" finished-at="2023-07-27T13:57:45 ICT" duration-ms="16998" status="PASS">
          <reporter-output>
          </reporter-output>
        </test-method> <!-- SearchByCode -->
        <test-method is-config="true" signature="TearDown()[pri:0, instance:ShopizerAdmin.TestCase.InventoryManagement.ProductsTypesTest.ProductsTypesTest@3c22fc4c]" started-at="2023-07-27T13:57:45 ICT" name="TearDown" finished-at="2023-07-27T13:57:48 ICT" duration-ms="2831" status="PASS">
          <reporter-output>
          </reporter-output>
        </test-method> <!-- TearDown -->
        <test-method is-config="true" signature="Setup()[pri:0, instance:ShopizerAdmin.TestCase.InventoryManagement.ProductsTypesTest.ProductsTypesTest@3c22fc4c]" started-at="2023-07-27T13:57:48 ICT" name="Setup" finished-at="2023-07-27T13:57:51 ICT" duration-ms="2869" status="PASS">
          <reporter-output>
          </reporter-output>
        </test-method> <!-- Setup -->
        <test-method signature="ProductsTypesSameID()[pri:3, instance:ShopizerAdmin.TestCase.InventoryManagement.ProductsTypesTest.ProductsTypesTest@3c22fc4c]" started-at="2023-07-27T13:57:51 ICT" name="ProductsTypesSameID" finished-at="2023-07-27T13:58:34 ICT" duration-ms="43167" status="PASS">
          <reporter-output>
          </reporter-output>
        </test-method> <!-- ProductsTypesSameID -->
        <test-method is-config="true" signature="TearDown()[pri:0, instance:ShopizerAdmin.TestCase.InventoryManagement.ProductsTypesTest.ProductsTypesTest@3c22fc4c]" started-at="2023-07-27T13:58:34 ICT" name="TearDown" finished-at="2023-07-27T13:58:37 ICT" duration-ms="2748" status="PASS">
          <reporter-output>
          </reporter-output>
        </test-method> <!-- TearDown -->
        <test-method is-config="true" signature="Setup()[pri:0, instance:ShopizerAdmin.TestCase.InventoryManagement.ProductsTypesTest.ProductsTypesTest@3c22fc4c]" started-at="2023-07-27T13:58:37 ICT" name="Setup" finished-at="2023-07-27T13:58:40 ICT" duration-ms="2840" status="PASS">
          <reporter-output>
          </reporter-output>
        </test-method> <!-- Setup -->
        <test-method signature="EditProductsTypes()[pri:4, instance:ShopizerAdmin.TestCase.InventoryManagement.ProductsTypesTest.ProductsTypesTest@3c22fc4c]" started-at="2023-07-27T13:58:40 ICT" name="EditProductsTypes" finished-at="2023-07-27T13:58:59 ICT" duration-ms="19107" status="FAIL">
          <exception class="java.lang.AssertionError">
            <message>
              <![CDATA[expected [Type 6] but found [Type 10]]]>
            </message>
            <full-stacktrace>
              <![CDATA[java.lang.AssertionError: expected [Type 6] but found [Type 10]
at org.testng.Assert.fail(Assert.java:99)
at org.testng.Assert.failNotEquals(Assert.java:1037)
at org.testng.Assert.assertEqualsImpl(Assert.java:140)
at org.testng.Assert.assertEquals(Assert.java:122)
at org.testng.Assert.assertEquals(Assert.java:629)
at org.testng.Assert.assertEquals(Assert.java:639)
at ShopizerAdmin.Pages.InventoryManagementPage.ProductTypesPage.ProductTypesPage.EditProductType(ProductTypesPage.java:113)
at ShopizerAdmin.TestCase.InventoryManagement.ProductsTypesTest.ProductsTypesTest.EditProductsTypes(ProductsTypesTest.java:54)
at java.base/jdk.internal.reflect.NativeMethodAccessorImpl.invoke0(Native Method)
at java.base/jdk.internal.reflect.NativeMethodAccessorImpl.invoke(NativeMethodAccessorImpl.java:64)
at java.base/jdk.internal.reflect.DelegatingMethodAccessorImpl.invoke(DelegatingMethodAccessorImpl.java:43)
at java.base/java.lang.reflect.Method.invoke(Method.java:564)
at org.testng.internal.MethodInvocationHelper.invokeMethod(MethodInvocationHelper.java:133)
at org.testng.internal.TestInvoker.invokeMethod(TestInvoker.java:598)
at org.testng.internal.TestInvoker.invokeTestMethod(TestInvoker.java:173)
at org.testng.internal.MethodRunner.runInSequence(MethodRunner.java:46)
at org.testng.internal.TestInvoker$MethodInvocationAgent.invoke(TestInvoker.java:824)
at org.testng.internal.TestInvoker.invokeTestMethods(TestInvoker.java:146)
at org.testng.internal.TestMethodWorker.invokeTestMethods(TestMethodWorker.java:146)
at org.testng.internal.TestMethodWorker.run(TestMethodWorker.java:128)
at java.base/java.util.ArrayList.forEach(ArrayList.java:1511)
at org.testng.TestRunner.privateRun(TestRunner.java:794)
at org.testng.TestRunner.run(TestRunner.java:596)
at org.testng.SuiteRunner.runTest(SuiteRunner.java:377)
at org.testng.SuiteRunner.runSequentially(SuiteRunner.java:371)
at org.testng.SuiteRunner.privateRun(SuiteRunner.java:332)
at org.testng.SuiteRunner.run(SuiteRunner.java:276)
at org.testng.SuiteRunnerWorker.runSuite(SuiteRunnerWorker.java:53)
at org.testng.SuiteRunnerWorker.run(SuiteRunnerWorker.java:96)
at org.testng.TestNG.runSuitesSequentially(TestNG.java:1212)
at org.testng.TestNG.runSuitesLocally(TestNG.java:1134)
at org.testng.TestNG.runSuites(TestNG.java:1063)
at org.testng.TestNG.run(TestNG.java:1031)
at com.intellij.rt.testng.IDEARemoteTestNG.run(IDEARemoteTestNG.java:66)
at com.intellij.rt.testng.RemoteTestNGStarter.main(RemoteTestNGStarter.java:109)
]]>
            </full-stacktrace>
          </exception> <!-- java.lang.AssertionError -->
          <reporter-output>
          </reporter-output>
        </test-method> <!-- EditProductsTypes -->
        <test-method is-config="true" signature="TearDown()[pri:0, instance:ShopizerAdmin.TestCase.InventoryManagement.ProductsTypesTest.ProductsTypesTest@3c22fc4c]" started-at="2023-07-27T13:58:59 ICT" name="TearDown" finished-at="2023-07-27T13:59:02 ICT" duration-ms="2795" status="PASS">
          <reporter-output>
          </reporter-output>
        </test-method> <!-- TearDown -->
        <test-method is-config="true" signature="Setup()[pri:0, instance:ShopizerAdmin.TestCase.InventoryManagement.ProductsTypesTest.ProductsTypesTest@3c22fc4c]" started-at="2023-07-27T13:59:02 ICT" name="Setup" finished-at="2023-07-27T13:59:05 ICT" duration-ms="2806" status="PASS">
          <reporter-output>
          </reporter-output>
        </test-method> <!-- Setup -->
        <test-method signature="RemoveProductsTypes()[pri:5, instance:ShopizerAdmin.TestCase.InventoryManagement.ProductsTypesTest.ProductsTypesTest@3c22fc4c]" started-at="2023-07-27T13:59:05 ICT" name="RemoveProductsTypes" finished-at="2023-07-27T13:59:42 ICT" duration-ms="37585" status="PASS">
          <reporter-output>
          </reporter-output>
        </test-method> <!-- RemoveProductsTypes -->
        <test-method is-config="true" signature="TearDown()[pri:0, instance:ShopizerAdmin.TestCase.InventoryManagement.ProductsTypesTest.ProductsTypesTest@3c22fc4c]" started-at="2023-07-27T13:59:42 ICT" name="TearDown" finished-at="2023-07-27T13:59:45 ICT" duration-ms="2755" status="PASS">
          <reporter-output>
          </reporter-output>
        </test-method> <!-- TearDown -->
      </class> <!-- ShopizerAdmin.TestCase.InventoryManagement.ProductsTypesTest.ProductsTypesTest -->
      <class name="ShopizerAdmin.TestCase.ShippingManagement.ExpeditionTest.ExpeditionTest">
        <test-method is-config="true" signature="Setup()[pri:0, instance:ShopizerAdmin.TestCase.ShippingManagement.ExpeditionTest.ExpeditionTest@ef9296d]" started-at="2023-07-27T14:59:53 ICT" name="Setup" finished-at="2023-07-27T14:59:56 ICT" duration-ms="3149" status="PASS">
          <reporter-output>
          </reporter-output>
        </test-method> <!-- Setup -->
        <test-method signature="DomesticSelect()[pri:1, instance:ShopizerAdmin.TestCase.ShippingManagement.ExpeditionTest.ExpeditionTest@ef9296d]" started-at="2023-07-27T14:59:56 ICT" name="DomesticSelect" finished-at="2023-07-27T15:00:11 ICT" duration-ms="14773" status="FAIL">
          <exception class="java.lang.AssertionError">
            <message>
              <![CDATA[expected [true] but found [false]]]>
            </message>
            <full-stacktrace>
              <![CDATA[java.lang.AssertionError: expected [true] but found [false]
at org.testng.Assert.fail(Assert.java:99)
at org.testng.Assert.failNotEquals(Assert.java:1037)
at org.testng.Assert.assertTrue(Assert.java:45)
at org.testng.Assert.assertTrue(Assert.java:55)
at ShopizerAdmin.Pages.ShippingManagementPage.ExpeditionPage.ExpeditionPage.DomesticSelect(ExpeditionPage.java:33)
at ShopizerAdmin.TestCase.ShippingManagement.ExpeditionTest.ExpeditionTest.DomesticSelect(ExpeditionTest.java:21)
at java.base/jdk.internal.reflect.NativeMethodAccessorImpl.invoke0(Native Method)
at java.base/jdk.internal.reflect.NativeMethodAccessorImpl.invoke(NativeMethodAccessorImpl.java:64)
at java.base/jdk.internal.reflect.DelegatingMethodAccessorImpl.invoke(DelegatingMethodAccessorImpl.java:43)
at java.base/java.lang.reflect.Method.invoke(Method.java:564)
at org.testng.internal.MethodInvocationHelper.invokeMethod(MethodInvocationHelper.java:133)
at org.testng.internal.TestInvoker.invokeMethod(TestInvoker.java:598)
at org.testng.internal.TestInvoker.invokeTestMethod(TestInvoker.java:173)
at org.testng.internal.MethodRunner.runInSequence(MethodRunner.java:46)
at org.testng.internal.TestInvoker$MethodInvocationAgent.invoke(TestInvoker.java:824)
at org.testng.internal.TestInvoker.invokeTestMethods(TestInvoker.java:146)
at org.testng.internal.TestMethodWorker.invokeTestMethods(TestMethodWorker.java:146)
at org.testng.internal.TestMethodWorker.run(TestMethodWorker.java:128)
at java.base/java.util.ArrayList.forEach(ArrayList.java:1511)
at org.testng.TestRunner.privateRun(TestRunner.java:794)
at org.testng.TestRunner.run(TestRunner.java:596)
at org.testng.SuiteRunner.runTest(SuiteRunner.java:377)
at org.testng.SuiteRunner.runSequentially(SuiteRunner.java:371)
at org.testng.SuiteRunner.privateRun(SuiteRunner.java:332)
at org.testng.SuiteRunner.run(SuiteRunner.java:276)
at org.testng.SuiteRunnerWorker.runSuite(SuiteRunnerWorker.java:53)
at org.testng.SuiteRunnerWorker.run(SuiteRunnerWorker.java:96)
at org.testng.TestNG.runSuitesSequentially(TestNG.java:1212)
at org.testng.TestNG.runSuitesLocally(TestNG.java:1134)
at org.testng.TestNG.runSuites(TestNG.java:1063)
at org.testng.TestNG.run(TestNG.java:1031)
at com.intellij.rt.testng.IDEARemoteTestNG.run(IDEARemoteTestNG.java:66)
at com.intellij.rt.testng.RemoteTestNGStarter.main(RemoteTestNGStarter.java:109)
]]>
            </full-stacktrace>
          </exception> <!-- java.lang.AssertionError -->
          <reporter-output>
          </reporter-output>
        </test-method> <!-- DomesticSelect -->
        <test-method is-config="true" signature="TearDown()[pri:0, instance:ShopizerAdmin.TestCase.ShippingManagement.ExpeditionTest.ExpeditionTest@ef9296d]" started-at="2023-07-27T15:00:11 ICT" name="TearDown" finished-at="2023-07-27T15:00:13 ICT" duration-ms="2728" status="PASS">
          <reporter-output>
          </reporter-output>
        </test-method> <!-- TearDown -->
        <test-method is-config="true" signature="Setup()[pri:0, instance:ShopizerAdmin.TestCase.ShippingManagement.ExpeditionTest.ExpeditionTest@ef9296d]" started-at="2023-07-27T15:00:13 ICT" name="Setup" finished-at="2023-07-27T15:00:17 ICT" duration-ms="3731" status="PASS">
          <reporter-output>
          </reporter-output>
        </test-method> <!-- Setup -->
        <test-method signature="CountrySelect()[pri:2, instance:ShopizerAdmin.TestCase.ShippingManagement.ExpeditionTest.ExpeditionTest@ef9296d]" started-at="2023-07-27T15:00:17 ICT" name="CountrySelect" finished-at="2023-07-27T15:00:38 ICT" duration-ms="21505" status="PASS">
          <reporter-output>
          </reporter-output>
        </test-method> <!-- CountrySelect -->
        <test-method is-config="true" signature="TearDown()[pri:0, instance:ShopizerAdmin.TestCase.ShippingManagement.ExpeditionTest.ExpeditionTest@ef9296d]" started-at="2023-07-27T15:00:38 ICT" name="TearDown" finished-at="2023-07-27T15:00:41 ICT" duration-ms="2768" status="PASS">
          <reporter-output>
          </reporter-output>
        </test-method> <!-- TearDown -->
        <test-method is-config="true" signature="Setup()[pri:0, instance:ShopizerAdmin.TestCase.ShippingManagement.ExpeditionTest.ExpeditionTest@ef9296d]" started-at="2023-07-27T15:00:41 ICT" name="Setup" finished-at="2023-07-27T15:00:44 ICT" duration-ms="3203" status="PASS">
          <reporter-output>
          </reporter-output>
        </test-method> <!-- Setup -->
        <test-method signature="CountryUnselect()[pri:3, instance:ShopizerAdmin.TestCase.ShippingManagement.ExpeditionTest.ExpeditionTest@ef9296d]" started-at="2023-07-27T15:00:44 ICT" name="CountryUnselect" finished-at="2023-07-27T15:01:03 ICT" duration-ms="18677" status="FAIL">
          <exception class="java.lang.AssertionError">
            <message>
              <![CDATA[expected [false] but found [true]]]>
            </message>
            <full-stacktrace>
              <![CDATA[java.lang.AssertionError: expected [false] but found [true]
at org.testng.Assert.fail(Assert.java:99)
at org.testng.Assert.failNotEquals(Assert.java:1037)
at org.testng.Assert.assertFalse(Assert.java:67)
at org.testng.Assert.assertFalse(Assert.java:77)
at ShopizerAdmin.Pages.ShippingManagementPage.ExpeditionPage.ExpeditionPage.CountryUnselect(ExpeditionPage.java:74)
at ShopizerAdmin.TestCase.ShippingManagement.ExpeditionTest.ExpeditionTest.CountryUnselect(ExpeditionTest.java:41)
at java.base/jdk.internal.reflect.NativeMethodAccessorImpl.invoke0(Native Method)
at java.base/jdk.internal.reflect.NativeMethodAccessorImpl.invoke(NativeMethodAccessorImpl.java:64)
at java.base/jdk.internal.reflect.DelegatingMethodAccessorImpl.invoke(DelegatingMethodAccessorImpl.java:43)
at java.base/java.lang.reflect.Method.invoke(Method.java:564)
at org.testng.internal.MethodInvocationHelper.invokeMethod(MethodInvocationHelper.java:133)
at org.testng.internal.TestInvoker.invokeMethod(TestInvoker.java:598)
at org.testng.internal.TestInvoker.invokeTestMethod(TestInvoker.java:173)
at org.testng.internal.MethodRunner.runInSequence(MethodRunner.java:46)
at org.testng.internal.TestInvoker$MethodInvocationAgent.invoke(TestInvoker.java:824)
at org.testng.internal.TestInvoker.invokeTestMethods(TestInvoker.java:146)
at org.testng.internal.TestMethodWorker.invokeTestMethods(TestMethodWorker.java:146)
at org.testng.internal.TestMethodWorker.run(TestMethodWorker.java:128)
at java.base/java.util.ArrayList.forEach(ArrayList.java:1511)
at org.testng.TestRunner.privateRun(TestRunner.java:794)
at org.testng.TestRunner.run(TestRunner.java:596)
at org.testng.SuiteRunner.runTest(SuiteRunner.java:377)
at org.testng.SuiteRunner.runSequentially(SuiteRunner.java:371)
at org.testng.SuiteRunner.privateRun(SuiteRunner.java:332)
at org.testng.SuiteRunner.run(SuiteRunner.java:276)
at org.testng.SuiteRunnerWorker.runSuite(SuiteRunnerWorker.java:53)
at org.testng.SuiteRunnerWorker.run(SuiteRunnerWorker.java:96)
at org.testng.TestNG.runSuitesSequentially(TestNG.java:1212)
at org.testng.TestNG.runSuitesLocally(TestNG.java:1134)
at org.testng.TestNG.runSuites(TestNG.java:1063)
at org.testng.TestNG.run(TestNG.java:1031)
at com.intellij.rt.testng.IDEARemoteTestNG.run(IDEARemoteTestNG.java:66)
at com.intellij.rt.testng.RemoteTestNGStarter.main(RemoteTestNGStarter.java:109)
]]>
            </full-stacktrace>
          </exception> <!-- java.lang.AssertionError -->
          <reporter-output>
          </reporter-output>
        </test-method> <!-- CountryUnselect -->
        <test-method is-config="true" signature="TearDown()[pri:0, instance:ShopizerAdmin.TestCase.ShippingManagement.ExpeditionTest.ExpeditionTest@ef9296d]" started-at="2023-07-27T15:01:03 ICT" name="TearDown" finished-at="2023-07-27T15:01:06 ICT" duration-ms="2707" status="PASS">
          <reporter-output>
          </reporter-output>
        </test-method> <!-- TearDown -->
      </class> <!-- ShopizerAdmin.TestCase.ShippingManagement.ExpeditionTest.ExpeditionTest -->
      <class name="ShopizerAdmin.TestCase.UserManagement.UserManagementTest">
        <test-method is-config="true" signature="Setup()[pri:0, instance:ShopizerAdmin.TestCase.UserManagement.UserManagementTest@7f552bd3]" started-at="2023-07-27T13:52:34 ICT" name="Setup" finished-at="2023-07-27T13:52:37 ICT" duration-ms="2637" status="PASS">
          <reporter-output>
          </reporter-output>
        </test-method> <!-- Setup -->
        <test-method signature="AddUserWithInvalidEmail()[pri:1, instance:ShopizerAdmin.TestCase.UserManagement.UserManagementTest@7f552bd3]" started-at="2023-07-27T13:52:37 ICT" name="AddUserWithInvalidEmail" finished-at="2023-07-27T13:52:57 ICT" duration-ms="20689" status="PASS">
          <reporter-output>
          </reporter-output>
        </test-method> <!-- AddUserWithInvalidEmail -->
        <test-method is-config="true" signature="TearDown()[pri:0, instance:ShopizerAdmin.TestCase.UserManagement.UserManagementTest@7f552bd3]" started-at="2023-07-27T13:52:57 ICT" name="TearDown" finished-at="2023-07-27T13:53:00 ICT" duration-ms="2811" status="PASS">
          <reporter-output>
          </reporter-output>
        </test-method> <!-- TearDown -->
        <test-method is-config="true" signature="Setup()[pri:0, instance:ShopizerAdmin.TestCase.UserManagement.UserManagementTest@7f552bd3]" started-at="2023-07-27T13:53:00 ICT" name="Setup" finished-at="2023-07-27T13:53:03 ICT" duration-ms="2670" status="PASS">
          <reporter-output>
          </reporter-output>
        </test-method> <!-- Setup -->
        <test-method signature="AddUserWithWrongPassword()[pri:2, instance:ShopizerAdmin.TestCase.UserManagement.UserManagementTest@7f552bd3]" started-at="2023-07-27T13:53:03 ICT" name="AddUserWithWrongPassword" finished-at="2023-07-27T13:53:29 ICT" duration-ms="25753" status="PASS">
          <reporter-output>
          </reporter-output>
        </test-method> <!-- AddUserWithWrongPassword -->
        <test-method is-config="true" signature="TearDown()[pri:0, instance:ShopizerAdmin.TestCase.UserManagement.UserManagementTest@7f552bd3]" started-at="2023-07-27T13:53:29 ICT" name="TearDown" finished-at="2023-07-27T13:53:31 ICT" duration-ms="2791" status="PASS">
          <reporter-output>
          </reporter-output>
        </test-method> <!-- TearDown -->
        <test-method is-config="true" signature="Setup()[pri:0, instance:ShopizerAdmin.TestCase.UserManagement.UserManagementTest@7f552bd3]" started-at="2023-07-27T13:53:31 ICT" name="Setup" finished-at="2023-07-27T13:53:34 ICT" duration-ms="2832" status="PASS">
          <reporter-output>
          </reporter-output>
        </test-method> <!-- Setup -->
        <test-method signature="AddUserTest()[pri:3, instance:ShopizerAdmin.TestCase.UserManagement.UserManagementTest@7f552bd3]" started-at="2023-07-27T13:53:34 ICT" name="AddUserTest" finished-at="2023-07-27T13:54:19 ICT" duration-ms="45032" status="PASS">
          <reporter-output>
          </reporter-output>
        </test-method> <!-- AddUserTest -->
        <test-method is-config="true" signature="TearDown()[pri:0, instance:ShopizerAdmin.TestCase.UserManagement.UserManagementTest@7f552bd3]" started-at="2023-07-27T13:54:19 ICT" name="TearDown" finished-at="2023-07-27T13:54:22 ICT" duration-ms="2694" status="PASS">
          <reporter-output>
          </reporter-output>
        </test-method> <!-- TearDown -->
        <test-method is-config="true" signature="Setup()[pri:0, instance:ShopizerAdmin.TestCase.UserManagement.UserManagementTest@7f552bd3]" started-at="2023-07-27T13:54:22 ICT" name="Setup" finished-at="2023-07-27T13:54:25 ICT" duration-ms="3053" status="PASS">
          <reporter-output>
          </reporter-output>
        </test-method> <!-- Setup -->
        <test-method signature="SearchByName()[pri:4, instance:ShopizerAdmin.TestCase.UserManagement.UserManagementTest@7f552bd3]" started-at="2023-07-27T13:54:25 ICT" name="SearchByName" finished-at="2023-07-27T13:54:42 ICT" duration-ms="16677" status="PASS">
          <reporter-output>
          </reporter-output>
        </test-method> <!-- SearchByName -->
        <test-method is-config="true" signature="TearDown()[pri:0, instance:ShopizerAdmin.TestCase.UserManagement.UserManagementTest@7f552bd3]" started-at="2023-07-27T13:54:42 ICT" name="TearDown" finished-at="2023-07-27T13:54:45 ICT" duration-ms="2787" status="PASS">
          <reporter-output>
          </reporter-output>
        </test-method> <!-- TearDown -->
        <test-method is-config="true" signature="Setup()[pri:0, instance:ShopizerAdmin.TestCase.UserManagement.UserManagementTest@7f552bd3]" started-at="2023-07-27T13:54:45 ICT" name="Setup" finished-at="2023-07-27T13:54:47 ICT" duration-ms="2632" status="PASS">
          <reporter-output>
          </reporter-output>
        </test-method> <!-- Setup -->
        <test-method signature="SearchByEmail()[pri:5, instance:ShopizerAdmin.TestCase.UserManagement.UserManagementTest@7f552bd3]" started-at="2023-07-27T13:54:47 ICT" name="SearchByEmail" finished-at="2023-07-27T13:55:03 ICT" duration-ms="16305" status="PASS">
          <reporter-output>
          </reporter-output>
        </test-method> <!-- SearchByEmail -->
        <test-method is-config="true" signature="TearDown()[pri:0, instance:ShopizerAdmin.TestCase.UserManagement.UserManagementTest@7f552bd3]" started-at="2023-07-27T13:55:03 ICT" name="TearDown" finished-at="2023-07-27T13:55:06 ICT" duration-ms="2679" status="PASS">
          <reporter-output>
          </reporter-output>
        </test-method> <!-- TearDown -->
        <test-method is-config="true" signature="Setup()[pri:0, instance:ShopizerAdmin.TestCase.UserManagement.UserManagementTest@7f552bd3]" started-at="2023-07-27T13:55:06 ICT" name="Setup" finished-at="2023-07-27T13:55:09 ICT" duration-ms="2609" status="PASS">
          <reporter-output>
          </reporter-output>
        </test-method> <!-- Setup -->
        <test-method signature="EditUser()[pri:6, instance:ShopizerAdmin.TestCase.UserManagement.UserManagementTest@7f552bd3]" started-at="2023-07-27T13:55:09 ICT" name="EditUser" finished-at="2023-07-27T13:55:25 ICT" duration-ms="15992" status="FAIL">
          <exception class="java.lang.AssertionError">
            <message>
              <![CDATA[expected [true] but found [false]]]>
            </message>
            <full-stacktrace>
              <![CDATA[java.lang.AssertionError: expected [true] but found [false]
at org.testng.Assert.fail(Assert.java:99)
at org.testng.Assert.failNotEquals(Assert.java:1037)
at org.testng.Assert.assertTrue(Assert.java:45)
at org.testng.Assert.assertTrue(Assert.java:55)
at ShopizerAdmin.Pages.UserManagementPage.UserManagementPage.UserEdit(UserManagementPage.java:152)
at ShopizerAdmin.TestCase.UserManagement.UserManagementTest.EditUser(UserManagementTest.java:74)
at java.base/jdk.internal.reflect.NativeMethodAccessorImpl.invoke0(Native Method)
at java.base/jdk.internal.reflect.NativeMethodAccessorImpl.invoke(NativeMethodAccessorImpl.java:64)
at java.base/jdk.internal.reflect.DelegatingMethodAccessorImpl.invoke(DelegatingMethodAccessorImpl.java:43)
at java.base/java.lang.reflect.Method.invoke(Method.java:564)
at org.testng.internal.MethodInvocationHelper.invokeMethod(MethodInvocationHelper.java:133)
at org.testng.internal.TestInvoker.invokeMethod(TestInvoker.java:598)
at org.testng.internal.TestInvoker.invokeTestMethod(TestInvoker.java:173)
at org.testng.internal.MethodRunner.runInSequence(MethodRunner.java:46)
at org.testng.internal.TestInvoker$MethodInvocationAgent.invoke(TestInvoker.java:824)
at org.testng.internal.TestInvoker.invokeTestMethods(TestInvoker.java:146)
at org.testng.internal.TestMethodWorker.invokeTestMethods(TestMethodWorker.java:146)
at org.testng.internal.TestMethodWorker.run(TestMethodWorker.java:128)
at java.base/java.util.ArrayList.forEach(ArrayList.java:1511)
at org.testng.TestRunner.privateRun(TestRunner.java:794)
at org.testng.TestRunner.run(TestRunner.java:596)
at org.testng.SuiteRunner.runTest(SuiteRunner.java:377)
at org.testng.SuiteRunner.runSequentially(SuiteRunner.java:371)
at org.testng.SuiteRunner.privateRun(SuiteRunner.java:332)
at org.testng.SuiteRunner.run(SuiteRunner.java:276)
at org.testng.SuiteRunnerWorker.runSuite(SuiteRunnerWorker.java:53)
at org.testng.SuiteRunnerWorker.run(SuiteRunnerWorker.java:96)
at org.testng.TestNG.runSuitesSequentially(TestNG.java:1212)
at org.testng.TestNG.runSuitesLocally(TestNG.java:1134)
at org.testng.TestNG.runSuites(TestNG.java:1063)
at org.testng.TestNG.run(TestNG.java:1031)
at com.intellij.rt.testng.IDEARemoteTestNG.run(IDEARemoteTestNG.java:66)
at com.intellij.rt.testng.RemoteTestNGStarter.main(RemoteTestNGStarter.java:109)
]]>
            </full-stacktrace>
          </exception> <!-- java.lang.AssertionError -->
          <reporter-output>
          </reporter-output>
        </test-method> <!-- EditUser -->
        <test-method is-config="true" signature="TearDown()[pri:0, instance:ShopizerAdmin.TestCase.UserManagement.UserManagementTest@7f552bd3]" started-at="2023-07-27T13:55:25 ICT" name="TearDown" finished-at="2023-07-27T13:55:28 ICT" duration-ms="2777" status="PASS">
          <reporter-output>
          </reporter-output>
        </test-method> <!-- TearDown -->
        <test-method is-config="true" signature="Setup()[pri:0, instance:ShopizerAdmin.TestCase.UserManagement.UserManagementTest@7f552bd3]" started-at="2023-07-27T13:55:28 ICT" name="Setup" finished-at="2023-07-27T13:55:30 ICT" duration-ms="2656" status="PASS">
          <reporter-output>
          </reporter-output>
        </test-method> <!-- Setup -->
        <test-method signature="RemoveUser()[pri:7, instance:ShopizerAdmin.TestCase.UserManagement.UserManagementTest@7f552bd3]" started-at="2023-07-27T13:55:30 ICT" name="RemoveUser" finished-at="2023-07-27T13:56:04 ICT" duration-ms="33942" status="PASS">
          <reporter-output>
          </reporter-output>
        </test-method> <!-- RemoveUser -->
        <test-method is-config="true" signature="TearDown()[pri:0, instance:ShopizerAdmin.TestCase.UserManagement.UserManagementTest@7f552bd3]" started-at="2023-07-27T13:56:04 ICT" name="TearDown" finished-at="2023-07-27T13:56:07 ICT" duration-ms="2709" status="PASS">
          <reporter-output>
          </reporter-output>
        </test-method> <!-- TearDown -->
      </class> <!-- ShopizerAdmin.TestCase.UserManagement.UserManagementTest -->
      <class name="ShopizerAdmin.TestCase.InventoryManagement.BrandTest.BrandTest">
        <test-method is-config="true" signature="Setup()[pri:0, instance:ShopizerAdmin.TestCase.InventoryManagement.BrandTest.BrandTest@460d0a57]" started-at="2023-07-27T13:59:45 ICT" name="Setup" finished-at="2023-07-27T13:59:48 ICT" duration-ms="2758" status="PASS">
          <reporter-output>
          </reporter-output>
        </test-method> <!-- Setup -->
        <test-method signature="BrandTest()[pri:1, instance:ShopizerAdmin.TestCase.InventoryManagement.BrandTest.BrandTest@460d0a57]" started-at="2023-07-27T13:59:48 ICT" name="BrandTest" finished-at="2023-07-27T14:01:54 ICT" duration-ms="125807" status="PASS">
          <reporter-output>
          </reporter-output>
        </test-method> <!-- BrandTest -->
        <test-method is-config="true" signature="TearDown()[pri:0, instance:ShopizerAdmin.TestCase.InventoryManagement.BrandTest.BrandTest@460d0a57]" started-at="2023-07-27T14:01:54 ICT" name="TearDown" finished-at="2023-07-27T14:01:56 ICT" duration-ms="2788" status="PASS">
          <reporter-output>
          </reporter-output>
        </test-method> <!-- TearDown -->
        <test-method is-config="true" signature="Setup()[pri:0, instance:ShopizerAdmin.TestCase.InventoryManagement.BrandTest.BrandTest@460d0a57]" started-at="2023-07-27T14:01:56 ICT" name="Setup" finished-at="2023-07-27T14:01:59 ICT" duration-ms="2723" status="PASS">
          <reporter-output>
          </reporter-output>
        </test-method> <!-- Setup -->
        <test-method signature="SearchByName()[pri:2, instance:ShopizerAdmin.TestCase.InventoryManagement.BrandTest.BrandTest@460d0a57]" started-at="2023-07-27T14:01:59 ICT" name="SearchByName" finished-at="2023-07-27T14:02:36 ICT" duration-ms="37091" status="FAIL">
          <exception class="java.lang.AssertionError">
            <message>
              <![CDATA[expected [true] but found [false]]]>
            </message>
            <full-stacktrace>
              <![CDATA[java.lang.AssertionError: expected [true] but found [false]
at org.testng.Assert.fail(Assert.java:99)
at org.testng.Assert.failNotEquals(Assert.java:1037)
at org.testng.Assert.assertTrue(Assert.java:45)
at org.testng.Assert.assertTrue(Assert.java:55)
at ShopizerAdmin.Pages.InventoryManagementPage.BrandsPage.BrandPage.SearchByName(BrandPage.java:75)
at ShopizerAdmin.TestCase.InventoryManagement.BrandTest.BrandTest.SearchByName(BrandTest.java:35)
at java.base/jdk.internal.reflect.NativeMethodAccessorImpl.invoke0(Native Method)
at java.base/jdk.internal.reflect.NativeMethodAccessorImpl.invoke(NativeMethodAccessorImpl.java:64)
at java.base/jdk.internal.reflect.DelegatingMethodAccessorImpl.invoke(DelegatingMethodAccessorImpl.java:43)
at java.base/java.lang.reflect.Method.invoke(Method.java:564)
at org.testng.internal.MethodInvocationHelper.invokeMethod(MethodInvocationHelper.java:133)
at org.testng.internal.TestInvoker.invokeMethod(TestInvoker.java:598)
at org.testng.internal.TestInvoker.invokeTestMethod(TestInvoker.java:173)
at org.testng.internal.MethodRunner.runInSequence(MethodRunner.java:46)
at org.testng.internal.TestInvoker$MethodInvocationAgent.invoke(TestInvoker.java:824)
at org.testng.internal.TestInvoker.invokeTestMethods(TestInvoker.java:146)
at org.testng.internal.TestMethodWorker.invokeTestMethods(TestMethodWorker.java:146)
at org.testng.internal.TestMethodWorker.run(TestMethodWorker.java:128)
at java.base/java.util.ArrayList.forEach(ArrayList.java:1511)
at org.testng.TestRunner.privateRun(TestRunner.java:794)
at org.testng.TestRunner.run(TestRunner.java:596)
at org.testng.SuiteRunner.runTest(SuiteRunner.java:377)
at org.testng.SuiteRunner.runSequentially(SuiteRunner.java:371)
at org.testng.SuiteRunner.privateRun(SuiteRunner.java:332)
at org.testng.SuiteRunner.run(SuiteRunner.java:276)
at org.testng.SuiteRunnerWorker.runSuite(SuiteRunnerWorker.java:53)
at org.testng.SuiteRunnerWorker.run(SuiteRunnerWorker.java:96)
at org.testng.TestNG.runSuitesSequentially(TestNG.java:1212)
at org.testng.TestNG.runSuitesLocally(TestNG.java:1134)
at org.testng.TestNG.runSuites(TestNG.java:1063)
at org.testng.TestNG.run(TestNG.java:1031)
at com.intellij.rt.testng.IDEARemoteTestNG.run(IDEARemoteTestNG.java:66)
at com.intellij.rt.testng.RemoteTestNGStarter.main(RemoteTestNGStarter.java:109)
]]>
            </full-stacktrace>
          </exception> <!-- java.lang.AssertionError -->
          <reporter-output>
          </reporter-output>
        </test-method> <!-- SearchByName -->
        <test-method is-config="true" signature="TearDown()[pri:0, instance:ShopizerAdmin.TestCase.InventoryManagement.BrandTest.BrandTest@460d0a57]" started-at="2023-07-27T14:02:36 ICT" name="TearDown" finished-at="2023-07-27T14:02:39 ICT" duration-ms="2710" status="PASS">
          <reporter-output>
          </reporter-output>
        </test-method> <!-- TearDown -->
        <test-method is-config="true" signature="Setup()[pri:0, instance:ShopizerAdmin.TestCase.InventoryManagement.BrandTest.BrandTest@460d0a57]" started-at="2023-07-27T14:02:39 ICT" name="Setup" finished-at="2023-07-27T14:02:41 ICT" duration-ms="2542" status="PASS">
          <reporter-output>
          </reporter-output>
        </test-method> <!-- Setup -->
        <test-method signature="SearchByCode()[pri:3, instance:ShopizerAdmin.TestCase.InventoryManagement.BrandTest.BrandTest@460d0a57]" started-at="2023-07-27T14:02:41 ICT" name="SearchByCode" finished-at="2023-07-27T14:02:59 ICT" duration-ms="17697" status="PASS">
          <reporter-output>
          </reporter-output>
        </test-method> <!-- SearchByCode -->
        <test-method is-config="true" signature="TearDown()[pri:0, instance:ShopizerAdmin.TestCase.InventoryManagement.BrandTest.BrandTest@460d0a57]" started-at="2023-07-27T14:02:59 ICT" name="TearDown" finished-at="2023-07-27T14:03:02 ICT" duration-ms="2865" status="PASS">
          <reporter-output>
          </reporter-output>
        </test-method> <!-- TearDown -->
        <test-method is-config="true" signature="Setup()[pri:0, instance:ShopizerAdmin.TestCase.InventoryManagement.BrandTest.BrandTest@460d0a57]" started-at="2023-07-27T14:03:02 ICT" name="Setup" finished-at="2023-07-27T14:03:05 ICT" duration-ms="2852" status="PASS">
          <reporter-output>
          </reporter-output>
        </test-method> <!-- Setup -->
        <test-method signature="AddBrandSameID()[pri:4, instance:ShopizerAdmin.TestCase.InventoryManagement.BrandTest.BrandTest@460d0a57]" started-at="2023-07-27T14:03:05 ICT" name="AddBrandSameID" finished-at="2023-07-27T14:03:48 ICT" duration-ms="43345" status="PASS">
          <reporter-output>
          </reporter-output>
        </test-method> <!-- AddBrandSameID -->
        <test-method is-config="true" signature="TearDown()[pri:0, instance:ShopizerAdmin.TestCase.InventoryManagement.BrandTest.BrandTest@460d0a57]" started-at="2023-07-27T14:03:48 ICT" name="TearDown" finished-at="2023-07-27T14:03:51 ICT" duration-ms="2699" status="PASS">
          <reporter-output>
          </reporter-output>
        </test-method> <!-- TearDown -->
        <test-method is-config="true" signature="Setup()[pri:0, instance:ShopizerAdmin.TestCase.InventoryManagement.BrandTest.BrandTest@460d0a57]" started-at="2023-07-27T14:03:51 ICT" name="Setup" finished-at="2023-07-27T14:03:54 ICT" duration-ms="2774" status="PASS">
          <reporter-output>
          </reporter-output>
        </test-method> <!-- Setup -->
        <test-method signature="EditBrand()[pri:5, instance:ShopizerAdmin.TestCase.InventoryManagement.BrandTest.BrandTest@460d0a57]" started-at="2023-07-27T14:03:54 ICT" name="EditBrand" finished-at="2023-07-27T14:04:13 ICT" duration-ms="19821" status="PASS">
          <reporter-output>
          </reporter-output>
        </test-method> <!-- EditBrand -->
        <test-method is-config="true" signature="TearDown()[pri:0, instance:ShopizerAdmin.TestCase.InventoryManagement.BrandTest.BrandTest@460d0a57]" started-at="2023-07-27T14:04:13 ICT" name="TearDown" finished-at="2023-07-27T14:04:16 ICT" duration-ms="2812" status="PASS">
          <reporter-output>
          </reporter-output>
        </test-method> <!-- TearDown -->
        <test-method is-config="true" signature="Setup()[pri:0, instance:ShopizerAdmin.TestCase.InventoryManagement.BrandTest.BrandTest@460d0a57]" started-at="2023-07-27T14:04:16 ICT" name="Setup" finished-at="2023-07-27T14:04:19 ICT" duration-ms="2421" status="PASS">
          <reporter-output>
          </reporter-output>
        </test-method> <!-- Setup -->
        <test-method signature="RemoveBrand()[pri:6, instance:ShopizerAdmin.TestCase.InventoryManagement.BrandTest.BrandTest@460d0a57]" started-at="2023-07-27T14:04:19 ICT" name="RemoveBrand" finished-at="2023-07-27T14:04:56 ICT" duration-ms="37014" status="PASS">
          <reporter-output>
          </reporter-output>
        </test-method> <!-- RemoveBrand -->
        <test-method is-config="true" signature="TearDown()[pri:0, instance:ShopizerAdmin.TestCase.InventoryManagement.BrandTest.BrandTest@460d0a57]" started-at="2023-07-27T14:04:56 ICT" name="TearDown" finished-at="2023-07-27T14:04:58 ICT" duration-ms="2720" status="PASS">
          <reporter-output>
          </reporter-output>
        </test-method> <!-- TearDown -->
      </class> <!-- ShopizerAdmin.TestCase.InventoryManagement.BrandTest.BrandTest -->
      <class name="ShopizerAdmin.TestCase.ContentManagement.PagesTest.PagesTest">
        <test-method is-config="true" signature="Setup()[pri:0, instance:ShopizerAdmin.TestCase.ContentManagement.PagesTest.PagesTest@2f7c2f4f]" started-at="2023-07-27T14:56:42 ICT" name="Setup" finished-at="2023-07-27T14:56:45 ICT" duration-ms="3128" status="PASS">
          <reporter-output>
          </reporter-output>
        </test-method> <!-- Setup -->
        <test-method signature="AddPage()[pri:1, instance:ShopizerAdmin.TestCase.ContentManagement.PagesTest.PagesTest@2f7c2f4f]" started-at="2023-07-27T14:56:45 ICT" name="AddPage" finished-at="2023-07-27T14:57:15 ICT" duration-ms="30293" status="PASS">
          <reporter-output>
          </reporter-output>
        </test-method> <!-- AddPage -->
        <test-method is-config="true" signature="TearDown()[pri:0, instance:ShopizerAdmin.TestCase.ContentManagement.PagesTest.PagesTest@2f7c2f4f]" started-at="2023-07-27T14:57:15 ICT" name="TearDown" finished-at="2023-07-27T14:57:18 ICT" duration-ms="2694" status="PASS">
          <reporter-output>
          </reporter-output>
        </test-method> <!-- TearDown -->
        <test-method is-config="true" signature="Setup()[pri:0, instance:ShopizerAdmin.TestCase.ContentManagement.PagesTest.PagesTest@2f7c2f4f]" started-at="2023-07-27T14:57:18 ICT" name="Setup" finished-at="2023-07-27T14:57:21 ICT" duration-ms="2717" status="PASS">
          <reporter-output>
          </reporter-output>
        </test-method> <!-- Setup -->
        <test-method signature="EditPage()[pri:2, instance:ShopizerAdmin.TestCase.ContentManagement.PagesTest.PagesTest@2f7c2f4f]" started-at="2023-07-27T14:57:21 ICT" name="EditPage" finished-at="2023-07-27T14:57:37 ICT" duration-ms="16583" status="PASS">
          <reporter-output>
          </reporter-output>
        </test-method> <!-- EditPage -->
        <test-method is-config="true" signature="TearDown()[pri:0, instance:ShopizerAdmin.TestCase.ContentManagement.PagesTest.PagesTest@2f7c2f4f]" started-at="2023-07-27T14:57:37 ICT" name="TearDown" finished-at="2023-07-27T14:57:40 ICT" duration-ms="2859" status="PASS">
          <reporter-output>
          </reporter-output>
        </test-method> <!-- TearDown -->
        <test-method is-config="true" signature="Setup()[pri:0, instance:ShopizerAdmin.TestCase.ContentManagement.PagesTest.PagesTest@2f7c2f4f]" started-at="2023-07-27T14:57:40 ICT" name="Setup" finished-at="2023-07-27T14:57:43 ICT" duration-ms="2700" status="PASS">
          <reporter-output>
          </reporter-output>
        </test-method> <!-- Setup -->
        <test-method signature="RemovePage()[pri:3, instance:ShopizerAdmin.TestCase.ContentManagement.PagesTest.PagesTest@2f7c2f4f]" started-at="2023-07-27T14:57:43 ICT" name="RemovePage" finished-at="2023-07-27T14:58:19 ICT" duration-ms="36002" status="PASS">
          <reporter-output>
          </reporter-output>
        </test-method> <!-- RemovePage -->
        <test-method is-config="true" signature="TearDown()[pri:0, instance:ShopizerAdmin.TestCase.ContentManagement.PagesTest.PagesTest@2f7c2f4f]" started-at="2023-07-27T14:58:19 ICT" name="TearDown" finished-at="2023-07-27T14:58:21 ICT" duration-ms="2777" status="PASS">
          <reporter-output>
          </reporter-output>
        </test-method> <!-- TearDown -->
      </class> <!-- ShopizerAdmin.TestCase.ContentManagement.PagesTest.PagesTest -->
      <class name="ShopizerUser.TestCase.CheckoutTest.CheckoutTest">
        <test-method is-config="true" signature="Setup()[pri:0, instance:ShopizerUser.TestCase.CheckoutTest.CheckoutTest@bef2d72]" started-at="2023-07-27T15:18:43 ICT" name="Setup" finished-at="2023-07-27T15:18:46 ICT" duration-ms="2593" status="PASS">
          <reporter-output>
          </reporter-output>
        </test-method> <!-- Setup -->
        <test-method signature="CheckoutTest()[pri:0, instance:ShopizerUser.TestCase.CheckoutTest.CheckoutTest@bef2d72]" started-at="2023-07-27T15:18:46 ICT" name="CheckoutTest" finished-at="2023-07-27T15:19:18 ICT" duration-ms="32586" status="FAIL">
          <exception class="java.lang.AssertionError">
            <message>
              <![CDATA[expected [false] but found [true]]]>
            </message>
            <full-stacktrace>
              <![CDATA[java.lang.AssertionError: expected [false] but found [true]
at org.testng.Assert.fail(Assert.java:99)
at org.testng.Assert.failNotEquals(Assert.java:1037)
at org.testng.Assert.assertFalse(Assert.java:67)
at org.testng.Assert.assertFalse(Assert.java:77)
at ShopizerUser.Pages.CheckoutPage.CheckoutPage.CheckoutTest(CheckoutPage.java:38)
at ShopizerUser.TestCase.CheckoutTest.CheckoutTest.CheckoutTest(CheckoutTest.java:27)
at java.base/jdk.internal.reflect.NativeMethodAccessorImpl.invoke0(Native Method)
at java.base/jdk.internal.reflect.NativeMethodAccessorImpl.invoke(NativeMethodAccessorImpl.java:64)
at java.base/jdk.internal.reflect.DelegatingMethodAccessorImpl.invoke(DelegatingMethodAccessorImpl.java:43)
at java.base/java.lang.reflect.Method.invoke(Method.java:564)
at org.testng.internal.MethodInvocationHelper.invokeMethod(MethodInvocationHelper.java:133)
at org.testng.internal.TestInvoker.invokeMethod(TestInvoker.java:598)
at org.testng.internal.TestInvoker.invokeTestMethod(TestInvoker.java:173)
at org.testng.internal.MethodRunner.runInSequence(MethodRunner.java:46)
at org.testng.internal.TestInvoker$MethodInvocationAgent.invoke(TestInvoker.java:824)
at org.testng.internal.TestInvoker.invokeTestMethods(TestInvoker.java:146)
at org.testng.internal.TestMethodWorker.invokeTestMethods(TestMethodWorker.java:146)
at org.testng.internal.TestMethodWorker.run(TestMethodWorker.java:128)
at java.base/java.util.ArrayList.forEach(ArrayList.java:1511)
at org.testng.TestRunner.privateRun(TestRunner.java:794)
at org.testng.TestRunner.run(TestRunner.java:596)
at org.testng.SuiteRunner.runTest(SuiteRunner.java:377)
at org.testng.SuiteRunner.runSequentially(SuiteRunner.java:371)
at org.testng.SuiteRunner.privateRun(SuiteRunner.java:332)
at org.testng.SuiteRunner.run(SuiteRunner.java:276)
at org.testng.SuiteRunnerWorker.runSuite(SuiteRunnerWorker.java:53)
at org.testng.SuiteRunnerWorker.run(SuiteRunnerWorker.java:96)
at org.testng.TestNG.runSuitesSequentially(TestNG.java:1212)
at org.testng.TestNG.runSuitesLocally(TestNG.java:1134)
at org.testng.TestNG.runSuites(TestNG.java:1063)
at org.testng.TestNG.run(TestNG.java:1031)
at com.intellij.rt.testng.IDEARemoteTestNG.run(IDEARemoteTestNG.java:66)
at com.intellij.rt.testng.RemoteTestNGStarter.main(RemoteTestNGStarter.java:109)
]]>
            </full-stacktrace>
          </exception> <!-- java.lang.AssertionError -->
          <reporter-output>
          </reporter-output>
        </test-method> <!-- CheckoutTest -->
        <test-method is-config="true" signature="TearDown()[pri:0, instance:ShopizerUser.TestCase.CheckoutTest.CheckoutTest@bef2d72]" started-at="2023-07-27T15:19:18 ICT" name="TearDown" finished-at="2023-07-27T15:19:21 ICT" duration-ms="2886" status="PASS">
          <reporter-output>
          </reporter-output>
        </test-method> <!-- TearDown -->
      </class> <!-- ShopizerUser.TestCase.CheckoutTest.CheckoutTest -->
      <class name="ShopizerUser.TestCase.AccountTest.AccountTest">
        <test-method is-config="true" signature="Setup()[pri:0, instance:ShopizerUser.TestCase.AccountTest.AccountTest@7ce3cb8e]" started-at="2023-07-27T15:13:32 ICT" name="Setup" finished-at="2023-07-27T15:13:35 ICT" duration-ms="2793" status="PASS">
          <reporter-output>
          </reporter-output>
        </test-method> <!-- Setup -->
        <test-method signature="UpdateBillingAddress()[pri:0, instance:ShopizerUser.TestCase.AccountTest.AccountTest@7ce3cb8e]" started-at="2023-07-27T15:13:35 ICT" name="UpdateBillingAddress" finished-at="2023-07-27T15:15:46 ICT" duration-ms="131052" status="PASS">
          <reporter-output>
          </reporter-output>
        </test-method> <!-- UpdateBillingAddress -->
        <test-method is-config="true" signature="TearDown()[pri:0, instance:ShopizerUser.TestCase.AccountTest.AccountTest@7ce3cb8e]" started-at="2023-07-27T15:15:46 ICT" name="TearDown" finished-at="2023-07-27T15:15:49 ICT" duration-ms="2754" status="PASS">
          <reporter-output>
          </reporter-output>
        </test-method> <!-- TearDown -->
      </class> <!-- ShopizerUser.TestCase.AccountTest.AccountTest -->
      <class name="ShopizerAdmin.TestCase.InventoryManagement.ProductOptionsTest.OptionsTest.OptionsTest">
        <test-method is-config="true" signature="Setup()[pri:0, instance:ShopizerAdmin.TestCase.InventoryManagement.ProductOptionsTest.OptionsTest.OptionsTest@1184ab05]" started-at="2023-07-27T14:08:38 ICT" name="Setup" finished-at="2023-07-27T14:08:41 ICT" duration-ms="2563" status="PASS">
          <reporter-output>
          </reporter-output>
        </test-method> <!-- Setup -->
        <test-method signature="OptionsTest()[pri:1, instance:ShopizerAdmin.TestCase.InventoryManagement.ProductOptionsTest.OptionsTest.OptionsTest@1184ab05]" started-at="2023-07-27T14:08:41 ICT" name="OptionsTest" finished-at="2023-07-27T14:09:47 ICT" duration-ms="66631" status="PASS">
          <reporter-output>
          </reporter-output>
        </test-method> <!-- OptionsTest -->
        <test-method is-config="true" signature="TearDown()[pri:0, instance:ShopizerAdmin.TestCase.InventoryManagement.ProductOptionsTest.OptionsTest.OptionsTest@1184ab05]" started-at="2023-07-27T14:09:47 ICT" name="TearDown" finished-at="2023-07-27T14:09:50 ICT" duration-ms="2789" status="PASS">
          <reporter-output>
          </reporter-output>
        </test-method> <!-- TearDown -->
        <test-method is-config="true" signature="Setup()[pri:0, instance:ShopizerAdmin.TestCase.InventoryManagement.ProductOptionsTest.OptionsTest.OptionsTest@1184ab05]" started-at="2023-07-27T14:09:50 ICT" name="Setup" finished-at="2023-07-27T14:09:53 ICT" duration-ms="2799" status="PASS">
          <reporter-output>
          </reporter-output>
        </test-method> <!-- Setup -->
        <test-method signature="SearchByName()[pri:2, instance:ShopizerAdmin.TestCase.InventoryManagement.ProductOptionsTest.OptionsTest.OptionsTest@1184ab05]" started-at="2023-07-27T14:09:53 ICT" name="SearchByName" finished-at="2023-07-27T14:10:30 ICT" duration-ms="37349" status="FAIL">
          <exception class="java.lang.AssertionError">
            <message>
              <![CDATA[expected [true] but found [false]]]>
            </message>
            <full-stacktrace>
              <![CDATA[java.lang.AssertionError: expected [true] but found [false]
at org.testng.Assert.fail(Assert.java:99)
at org.testng.Assert.failNotEquals(Assert.java:1037)
at org.testng.Assert.assertTrue(Assert.java:45)
at org.testng.Assert.assertTrue(Assert.java:55)
at ShopizerAdmin.Pages.InventoryManagementPage.ProductOptionsPage.OptionsPage.OptionsPage.SearchByName(OptionsPage.java:75)
at ShopizerAdmin.TestCase.InventoryManagement.ProductOptionsTest.OptionsTest.OptionsTest.SearchByName(OptionsTest.java:34)
at java.base/jdk.internal.reflect.NativeMethodAccessorImpl.invoke0(Native Method)
at java.base/jdk.internal.reflect.NativeMethodAccessorImpl.invoke(NativeMethodAccessorImpl.java:64)
at java.base/jdk.internal.reflect.DelegatingMethodAccessorImpl.invoke(DelegatingMethodAccessorImpl.java:43)
at java.base/java.lang.reflect.Method.invoke(Method.java:564)
at org.testng.internal.MethodInvocationHelper.invokeMethod(MethodInvocationHelper.java:133)
at org.testng.internal.TestInvoker.invokeMethod(TestInvoker.java:598)
at org.testng.internal.TestInvoker.invokeTestMethod(TestInvoker.java:173)
at org.testng.internal.MethodRunner.runInSequence(MethodRunner.java:46)
at org.testng.internal.TestInvoker$MethodInvocationAgent.invoke(TestInvoker.java:824)
at org.testng.internal.TestInvoker.invokeTestMethods(TestInvoker.java:146)
at org.testng.internal.TestMethodWorker.invokeTestMethods(TestMethodWorker.java:146)
at org.testng.internal.TestMethodWorker.run(TestMethodWorker.java:128)
at java.base/java.util.ArrayList.forEach(ArrayList.java:1511)
at org.testng.TestRunner.privateRun(TestRunner.java:794)
at org.testng.TestRunner.run(TestRunner.java:596)
at org.testng.SuiteRunner.runTest(SuiteRunner.java:377)
at org.testng.SuiteRunner.runSequentially(SuiteRunner.java:371)
at org.testng.SuiteRunner.privateRun(SuiteRunner.java:332)
at org.testng.SuiteRunner.run(SuiteRunner.java:276)
at org.testng.SuiteRunnerWorker.runSuite(SuiteRunnerWorker.java:53)
at org.testng.SuiteRunnerWorker.run(SuiteRunnerWorker.java:96)
at org.testng.TestNG.runSuitesSequentially(TestNG.java:1212)
at org.testng.TestNG.runSuitesLocally(TestNG.java:1134)
at org.testng.TestNG.runSuites(TestNG.java:1063)
at org.testng.TestNG.run(TestNG.java:1031)
at com.intellij.rt.testng.IDEARemoteTestNG.run(IDEARemoteTestNG.java:66)
at com.intellij.rt.testng.RemoteTestNGStarter.main(RemoteTestNGStarter.java:109)
]]>
            </full-stacktrace>
          </exception> <!-- java.lang.AssertionError -->
          <reporter-output>
          </reporter-output>
        </test-method> <!-- SearchByName -->
        <test-method is-config="true" signature="TearDown()[pri:0, instance:ShopizerAdmin.TestCase.InventoryManagement.ProductOptionsTest.OptionsTest.OptionsTest@1184ab05]" started-at="2023-07-27T14:10:30 ICT" name="TearDown" finished-at="2023-07-27T14:10:33 ICT" duration-ms="2789" status="PASS">
          <reporter-output>
          </reporter-output>
        </test-method> <!-- TearDown -->
        <test-method is-config="true" signature="Setup()[pri:0, instance:ShopizerAdmin.TestCase.InventoryManagement.ProductOptionsTest.OptionsTest.OptionsTest@1184ab05]" started-at="2023-07-27T14:10:33 ICT" name="Setup" finished-at="2023-07-27T14:10:36 ICT" duration-ms="2567" status="PASS">
          <reporter-output>
          </reporter-output>
        </test-method> <!-- Setup -->
        <test-method signature="AddOptionsSameID()[pri:3, instance:ShopizerAdmin.TestCase.InventoryManagement.ProductOptionsTest.OptionsTest.OptionsTest@1184ab05]" started-at="2023-07-27T14:10:36 ICT" name="AddOptionsSameID" finished-at="2023-07-27T14:11:18 ICT" duration-ms="42027" status="PASS">
          <reporter-output>
          </reporter-output>
        </test-method> <!-- AddOptionsSameID -->
        <test-method is-config="true" signature="TearDown()[pri:0, instance:ShopizerAdmin.TestCase.InventoryManagement.ProductOptionsTest.OptionsTest.OptionsTest@1184ab05]" started-at="2023-07-27T14:11:18 ICT" name="TearDown" finished-at="2023-07-27T14:11:20 ICT" duration-ms="2722" status="PASS">
          <reporter-output>
          </reporter-output>
        </test-method> <!-- TearDown -->
        <test-method is-config="true" signature="Setup()[pri:0, instance:ShopizerAdmin.TestCase.InventoryManagement.ProductOptionsTest.OptionsTest.OptionsTest@1184ab05]" started-at="2023-07-27T14:11:20 ICT" name="Setup" finished-at="2023-07-27T14:11:23 ICT" duration-ms="2705" status="PASS">
          <reporter-output>
          </reporter-output>
        </test-method> <!-- Setup -->
        <test-method signature="EditOptions()[pri:4, instance:ShopizerAdmin.TestCase.InventoryManagement.ProductOptionsTest.OptionsTest.OptionsTest@1184ab05]" started-at="2023-07-27T14:11:23 ICT" name="EditOptions" finished-at="2023-07-27T14:11:44 ICT" duration-ms="20546" status="PASS">
          <reporter-output>
          </reporter-output>
        </test-method> <!-- EditOptions -->
        <test-method is-config="true" signature="TearDown()[pri:0, instance:ShopizerAdmin.TestCase.InventoryManagement.ProductOptionsTest.OptionsTest.OptionsTest@1184ab05]" started-at="2023-07-27T14:11:44 ICT" name="TearDown" finished-at="2023-07-27T14:11:46 ICT" duration-ms="2779" status="PASS">
          <reporter-output>
          </reporter-output>
        </test-method> <!-- TearDown -->
        <test-method is-config="true" signature="Setup()[pri:0, instance:ShopizerAdmin.TestCase.InventoryManagement.ProductOptionsTest.OptionsTest.OptionsTest@1184ab05]" started-at="2023-07-27T14:11:46 ICT" name="Setup" finished-at="2023-07-27T14:11:49 ICT" duration-ms="2680" status="PASS">
          <reporter-output>
          </reporter-output>
        </test-method> <!-- Setup -->
        <test-method signature="RemoveOptions()[pri:5, instance:ShopizerAdmin.TestCase.InventoryManagement.ProductOptionsTest.OptionsTest.OptionsTest@1184ab05]" started-at="2023-07-27T14:11:49 ICT" name="RemoveOptions" finished-at="2023-07-27T14:12:26 ICT" duration-ms="36967" status="PASS">
          <reporter-output>
          </reporter-output>
        </test-method> <!-- RemoveOptions -->
        <test-method is-config="true" signature="TearDown()[pri:0, instance:ShopizerAdmin.TestCase.InventoryManagement.ProductOptionsTest.OptionsTest.OptionsTest@1184ab05]" started-at="2023-07-27T14:12:26 ICT" name="TearDown" finished-at="2023-07-27T14:12:29 ICT" duration-ms="2719" status="PASS">
          <reporter-output>
          </reporter-output>
        </test-method> <!-- TearDown -->
      </class> <!-- ShopizerAdmin.TestCase.InventoryManagement.ProductOptionsTest.OptionsTest.OptionsTest -->
      <class name="ShopizerUser.TestCase.ProductInforTest.ProductInforTest">
        <test-method is-config="true" signature="Setup()[pri:0, instance:ShopizerUser.TestCase.ProductInforTest.ProductInforTest@78b66d36]" started-at="2023-07-27T15:15:49 ICT" name="Setup" finished-at="2023-07-27T15:15:51 ICT" duration-ms="2563" status="PASS">
          <reporter-output>
          </reporter-output>
        </test-method> <!-- Setup -->
        <test-method signature="ProductInfor()[pri:1, instance:ShopizerUser.TestCase.ProductInforTest.ProductInforTest@78b66d36]" started-at="2023-07-27T15:15:51 ICT" name="ProductInfor" finished-at="2023-07-27T15:16:05 ICT" duration-ms="13928" status="PASS">
          <reporter-output>
          </reporter-output>
        </test-method> <!-- ProductInfor -->
        <test-method is-config="true" signature="TearDown()[pri:0, instance:ShopizerUser.TestCase.ProductInforTest.ProductInforTest@78b66d36]" started-at="2023-07-27T15:16:05 ICT" name="TearDown" finished-at="2023-07-27T15:16:08 ICT" duration-ms="2752" status="PASS">
          <reporter-output>
          </reporter-output>
        </test-method> <!-- TearDown -->
        <test-method is-config="true" signature="Setup()[pri:0, instance:ShopizerUser.TestCase.ProductInforTest.ProductInforTest@78b66d36]" started-at="2023-07-27T15:16:08 ICT" name="Setup" finished-at="2023-07-27T15:16:11 ICT" duration-ms="2768" status="PASS">
          <reporter-output>
          </reporter-output>
        </test-method> <!-- Setup -->
        <test-method signature="AddReview()[pri:2, instance:ShopizerUser.TestCase.ProductInforTest.ProductInforTest@78b66d36]" started-at="2023-07-27T15:16:11 ICT" name="AddReview" finished-at="2023-07-27T15:16:33 ICT" duration-ms="22546" status="PASS">
          <reporter-output>
          </reporter-output>
        </test-method> <!-- AddReview -->
        <test-method is-config="true" signature="TearDown()[pri:0, instance:ShopizerUser.TestCase.ProductInforTest.ProductInforTest@78b66d36]" started-at="2023-07-27T15:16:33 ICT" name="TearDown" finished-at="2023-07-27T15:16:36 ICT" duration-ms="2825" status="PASS">
          <reporter-output>
          </reporter-output>
        </test-method> <!-- TearDown -->
      </class> <!-- ShopizerUser.TestCase.ProductInforTest.ProductInforTest -->
      <class name="ShopizerAdmin.TestCase.StoreManagement.StoreManagementTest">
        <test-method is-config="true" signature="Setup()[pri:0, instance:ShopizerAdmin.TestCase.StoreManagement.StoreManagementTest@3eb7fc54]" started-at="2023-07-27T13:50:08 ICT" name="Setup" finished-at="2023-07-27T13:50:12 ICT" duration-ms="3219" status="PASS">
          <reporter-output>
          </reporter-output>
        </test-method> <!-- Setup -->
        <test-method signature="StoreTest()[pri:1, instance:ShopizerAdmin.TestCase.StoreManagement.StoreManagementTest@3eb7fc54]" started-at="2023-07-27T13:50:12 ICT" name="StoreTest" finished-at="2023-07-27T13:50:43 ICT" duration-ms="31857" status="PASS">
          <reporter-output>
          </reporter-output>
        </test-method> <!-- StoreTest -->
        <test-method is-config="true" signature="TearDown()[pri:0, instance:ShopizerAdmin.TestCase.StoreManagement.StoreManagementTest@3eb7fc54]" started-at="2023-07-27T13:50:43 ICT" name="TearDown" finished-at="2023-07-27T13:50:46 ICT" duration-ms="2787" status="PASS">
          <reporter-output>
          </reporter-output>
        </test-method> <!-- TearDown -->
        <test-method is-config="true" signature="Setup()[pri:0, instance:ShopizerAdmin.TestCase.StoreManagement.StoreManagementTest@3eb7fc54]" started-at="2023-07-27T13:50:46 ICT" name="Setup" finished-at="2023-07-27T13:50:49 ICT" duration-ms="2867" status="PASS">
          <reporter-output>
          </reporter-output>
        </test-method> <!-- Setup -->
        <test-method signature="SearchByName()[pri:2, instance:ShopizerAdmin.TestCase.StoreManagement.StoreManagementTest@3eb7fc54]" started-at="2023-07-27T13:50:49 ICT" name="SearchByName" finished-at="2023-07-27T13:51:06 ICT" duration-ms="16672" status="PASS">
          <reporter-output>
          </reporter-output>
        </test-method> <!-- SearchByName -->
        <test-method is-config="true" signature="TearDown()[pri:0, instance:ShopizerAdmin.TestCase.StoreManagement.StoreManagementTest@3eb7fc54]" started-at="2023-07-27T13:51:06 ICT" name="TearDown" finished-at="2023-07-27T13:51:08 ICT" duration-ms="2753" status="PASS">
          <reporter-output>
          </reporter-output>
        </test-method> <!-- TearDown -->
        <test-method is-config="true" signature="Setup()[pri:0, instance:ShopizerAdmin.TestCase.StoreManagement.StoreManagementTest@3eb7fc54]" started-at="2023-07-27T13:51:08 ICT" name="Setup" finished-at="2023-07-27T13:51:11 ICT" duration-ms="2728" status="PASS">
          <reporter-output>
          </reporter-output>
        </test-method> <!-- Setup -->
        <test-method signature="SearchByEmail()[pri:3, instance:ShopizerAdmin.TestCase.StoreManagement.StoreManagementTest@3eb7fc54]" started-at="2023-07-27T13:51:11 ICT" name="SearchByEmail" finished-at="2023-07-27T13:51:27 ICT" duration-ms="16084" status="PASS">
          <reporter-output>
          </reporter-output>
        </test-method> <!-- SearchByEmail -->
        <test-method is-config="true" signature="TearDown()[pri:0, instance:ShopizerAdmin.TestCase.StoreManagement.StoreManagementTest@3eb7fc54]" started-at="2023-07-27T13:51:27 ICT" name="TearDown" finished-at="2023-07-27T13:51:30 ICT" duration-ms="2753" status="PASS">
          <reporter-output>
          </reporter-output>
        </test-method> <!-- TearDown -->
        <test-method is-config="true" signature="Setup()[pri:0, instance:ShopizerAdmin.TestCase.StoreManagement.StoreManagementTest@3eb7fc54]" started-at="2023-07-27T13:51:30 ICT" name="Setup" finished-at="2023-07-27T13:51:33 ICT" duration-ms="3020" status="PASS">
          <reporter-output>
          </reporter-output>
        </test-method> <!-- Setup -->
        <test-method signature="EditStore()[pri:4, instance:ShopizerAdmin.TestCase.StoreManagement.StoreManagementTest@3eb7fc54]" started-at="2023-07-27T13:51:33 ICT" name="EditStore" finished-at="2023-07-27T13:51:50 ICT" duration-ms="16610" status="PASS">
          <reporter-output>
          </reporter-output>
        </test-method> <!-- EditStore -->
        <test-method is-config="true" signature="TearDown()[pri:0, instance:ShopizerAdmin.TestCase.StoreManagement.StoreManagementTest@3eb7fc54]" started-at="2023-07-27T13:51:50 ICT" name="TearDown" finished-at="2023-07-27T13:51:52 ICT" duration-ms="2723" status="PASS">
          <reporter-output>
          </reporter-output>
        </test-method> <!-- TearDown -->
        <test-method is-config="true" signature="Setup()[pri:0, instance:ShopizerAdmin.TestCase.StoreManagement.StoreManagementTest@3eb7fc54]" started-at="2023-07-27T13:51:52 ICT" name="Setup" finished-at="2023-07-27T13:51:55 ICT" duration-ms="2846" status="PASS">
          <reporter-output>
          </reporter-output>
        </test-method> <!-- Setup -->
        <test-method signature="RemoveStore()[pri:5, instance:ShopizerAdmin.TestCase.StoreManagement.StoreManagementTest@3eb7fc54]" started-at="2023-07-27T13:51:55 ICT" name="RemoveStore" finished-at="2023-07-27T13:52:31 ICT" duration-ms="36155" status="PASS">
          <reporter-output>
          </reporter-output>
        </test-method> <!-- RemoveStore -->
        <test-method is-config="true" signature="TearDown()[pri:0, instance:ShopizerAdmin.TestCase.StoreManagement.StoreManagementTest@3eb7fc54]" started-at="2023-07-27T13:52:31 ICT" name="TearDown" finished-at="2023-07-27T13:52:34 ICT" duration-ms="2714" status="PASS">
          <reporter-output>
          </reporter-output>
        </test-method> <!-- TearDown -->
      </class> <!-- ShopizerAdmin.TestCase.StoreManagement.StoreManagementTest -->
      <class name="ShopizerAdmin.TestCase.ContentManagement.BoxesTest.BoxesTest">
        <test-method is-config="true" signature="Setup()[pri:0, instance:ShopizerAdmin.TestCase.ContentManagement.BoxesTest.BoxesTest@6af93788]" started-at="2023-07-27T14:58:21 ICT" name="Setup" finished-at="2023-07-27T14:58:24 ICT" duration-ms="2573" status="PASS">
          <reporter-output>
          </reporter-output>
        </test-method> <!-- Setup -->
        <test-method signature="AddBox()[pri:1, instance:ShopizerAdmin.TestCase.ContentManagement.BoxesTest.BoxesTest@6af93788]" started-at="2023-07-27T14:58:24 ICT" name="AddBox" finished-at="2023-07-27T14:58:44 ICT" duration-ms="20153" status="PASS">
          <reporter-output>
          </reporter-output>
        </test-method> <!-- AddBox -->
        <test-method is-config="true" signature="TearDown()[pri:0, instance:ShopizerAdmin.TestCase.ContentManagement.BoxesTest.BoxesTest@6af93788]" started-at="2023-07-27T14:58:44 ICT" name="TearDown" finished-at="2023-07-27T14:58:47 ICT" duration-ms="2767" status="PASS">
          <reporter-output>
          </reporter-output>
        </test-method> <!-- TearDown -->
        <test-method is-config="true" signature="Setup()[pri:0, instance:ShopizerAdmin.TestCase.ContentManagement.BoxesTest.BoxesTest@6af93788]" started-at="2023-07-27T14:58:47 ICT" name="Setup" finished-at="2023-07-27T14:58:50 ICT" duration-ms="3016" status="PASS">
          <reporter-output>
          </reporter-output>
        </test-method> <!-- Setup -->
        <test-method signature="EditBox()[pri:2, instance:ShopizerAdmin.TestCase.ContentManagement.BoxesTest.BoxesTest@6af93788]" started-at="2023-07-27T14:58:50 ICT" name="EditBox" finished-at="2023-07-27T14:59:08 ICT" duration-ms="17960" status="PASS">
          <reporter-output>
          </reporter-output>
        </test-method> <!-- EditBox -->
        <test-method is-config="true" signature="TearDown()[pri:0, instance:ShopizerAdmin.TestCase.ContentManagement.BoxesTest.BoxesTest@6af93788]" started-at="2023-07-27T14:59:08 ICT" name="TearDown" finished-at="2023-07-27T14:59:11 ICT" duration-ms="2747" status="PASS">
          <reporter-output>
          </reporter-output>
        </test-method> <!-- TearDown -->
        <test-method is-config="true" signature="Setup()[pri:0, instance:ShopizerAdmin.TestCase.ContentManagement.BoxesTest.BoxesTest@6af93788]" started-at="2023-07-27T14:59:11 ICT" name="Setup" finished-at="2023-07-27T14:59:14 ICT" duration-ms="2825" status="PASS">
          <reporter-output>
          </reporter-output>
        </test-method> <!-- Setup -->
        <test-method signature="RemoveBox()[pri:3, instance:ShopizerAdmin.TestCase.ContentManagement.BoxesTest.BoxesTest@6af93788]" started-at="2023-07-27T14:59:14 ICT" name="RemoveBox" finished-at="2023-07-27T14:59:50 ICT" duration-ms="36307" status="PASS">
          <reporter-output>
          </reporter-output>
        </test-method> <!-- RemoveBox -->
        <test-method is-config="true" signature="TearDown()[pri:0, instance:ShopizerAdmin.TestCase.ContentManagement.BoxesTest.BoxesTest@6af93788]" started-at="2023-07-27T14:59:50 ICT" name="TearDown" finished-at="2023-07-27T14:59:53 ICT" duration-ms="2756" status="PASS">
          <reporter-output>
          </reporter-output>
        </test-method> <!-- TearDown -->
      </class> <!-- ShopizerAdmin.TestCase.ContentManagement.BoxesTest.BoxesTest -->
      <class name="ShopizerAdmin.TestCase.TaxManagement.RateTest.RateTest">
        <test-method is-config="true" signature="Setup()[pri:0, instance:ShopizerAdmin.TestCase.TaxManagement.RateTest.RateTest@1c93084c]" started-at="2023-07-27T15:07:30 ICT" name="Setup" finished-at="2023-07-27T15:07:33 ICT" duration-ms="2559" status="PASS">
          <reporter-output>
          </reporter-output>
        </test-method> <!-- Setup -->
        <test-method signature="AddTaxRate()[pri:1, instance:ShopizerAdmin.TestCase.TaxManagement.RateTest.RateTest@1c93084c]" started-at="2023-07-27T15:07:33 ICT" name="AddTaxRate" finished-at="2023-07-27T15:08:04 ICT" duration-ms="31592" status="FAIL">
          <exception class="java.lang.AssertionError">
            <message>
              <![CDATA[expected [true] but found [false]]]>
            </message>
            <full-stacktrace>
              <![CDATA[java.lang.AssertionError: expected [true] but found [false]
at org.testng.Assert.fail(Assert.java:99)
at org.testng.Assert.failNotEquals(Assert.java:1037)
at org.testng.Assert.assertTrue(Assert.java:45)
at org.testng.Assert.assertTrue(Assert.java:55)
at ShopizerAdmin.Pages.TaxManagementPage.TaxRatePage.TaxRatePage.ListCheck(TaxRatePage.java:66)
at ShopizerAdmin.Pages.TaxManagementPage.TaxRatePage.TaxRatePage.AddRate(TaxRatePage.java:59)
at ShopizerAdmin.TestCase.TaxManagement.RateTest.RateTest.AddTaxRate(RateTest.java:21)
at java.base/jdk.internal.reflect.NativeMethodAccessorImpl.invoke0(Native Method)
at java.base/jdk.internal.reflect.NativeMethodAccessorImpl.invoke(NativeMethodAccessorImpl.java:64)
at java.base/jdk.internal.reflect.DelegatingMethodAccessorImpl.invoke(DelegatingMethodAccessorImpl.java:43)
at java.base/java.lang.reflect.Method.invoke(Method.java:564)
at org.testng.internal.MethodInvocationHelper.invokeMethod(MethodInvocationHelper.java:133)
at org.testng.internal.TestInvoker.invokeMethod(TestInvoker.java:598)
at org.testng.internal.TestInvoker.invokeTestMethod(TestInvoker.java:173)
at org.testng.internal.MethodRunner.runInSequence(MethodRunner.java:46)
at org.testng.internal.TestInvoker$MethodInvocationAgent.invoke(TestInvoker.java:824)
at org.testng.internal.TestInvoker.invokeTestMethods(TestInvoker.java:146)
at org.testng.internal.TestMethodWorker.invokeTestMethods(TestMethodWorker.java:146)
at org.testng.internal.TestMethodWorker.run(TestMethodWorker.java:128)
at java.base/java.util.ArrayList.forEach(ArrayList.java:1511)
at org.testng.TestRunner.privateRun(TestRunner.java:794)
at org.testng.TestRunner.run(TestRunner.java:596)
at org.testng.SuiteRunner.runTest(SuiteRunner.java:377)
at org.testng.SuiteRunner.runSequentially(SuiteRunner.java:371)
at org.testng.SuiteRunner.privateRun(SuiteRunner.java:332)
at org.testng.SuiteRunner.run(SuiteRunner.java:276)
at org.testng.SuiteRunnerWorker.runSuite(SuiteRunnerWorker.java:53)
at org.testng.SuiteRunnerWorker.run(SuiteRunnerWorker.java:96)
at org.testng.TestNG.runSuitesSequentially(TestNG.java:1212)
at org.testng.TestNG.runSuitesLocally(TestNG.java:1134)
at org.testng.TestNG.runSuites(TestNG.java:1063)
at org.testng.TestNG.run(TestNG.java:1031)
at com.intellij.rt.testng.IDEARemoteTestNG.run(IDEARemoteTestNG.java:66)
at com.intellij.rt.testng.RemoteTestNGStarter.main(RemoteTestNGStarter.java:109)
]]>
            </full-stacktrace>
          </exception> <!-- java.lang.AssertionError -->
          <reporter-output>
          </reporter-output>
        </test-method> <!-- AddTaxRate -->
        <test-method is-config="true" signature="TearDown()[pri:0, instance:ShopizerAdmin.TestCase.TaxManagement.RateTest.RateTest@1c93084c]" started-at="2023-07-27T15:08:04 ICT" name="TearDown" finished-at="2023-07-27T15:08:07 ICT" duration-ms="2724" status="PASS">
          <reporter-output>
          </reporter-output>
        </test-method> <!-- TearDown -->
        <test-method is-config="true" signature="Setup()[pri:0, instance:ShopizerAdmin.TestCase.TaxManagement.RateTest.RateTest@1c93084c]" started-at="2023-07-27T15:08:07 ICT" name="Setup" finished-at="2023-07-27T15:08:10 ICT" duration-ms="2676" status="PASS">
          <reporter-output>
          </reporter-output>
        </test-method> <!-- Setup -->
        <test-method signature="AddTaxRateSameCode()[pri:2, instance:ShopizerAdmin.TestCase.TaxManagement.RateTest.RateTest@1c93084c]" started-at="2023-07-27T15:08:10 ICT" name="AddTaxRateSameCode" finished-at="2023-07-27T15:09:01 ICT" duration-ms="51846" status="PASS">
          <reporter-output>
          </reporter-output>
[...]
          <reporter-output>
          </reporter-output>
        </test-method> <!-- TearDown -->
      </class> <!-- ShopizerUser.TestCase.Login.LoginTest -->
      <class name="ShopizerUser.TestCase.CartTest.CartTest">
        <test-method is-config="true" signature="Setup()[pri:0, instance:ShopizerUser.TestCase.CartTest.CartTest@5223e5ee]" started-at="2023-07-27T15:16:36 ICT" name="Setup" finished-at="2023-07-27T15:16:39 ICT" duration-ms="2541" status="PASS">
          <reporter-output>
          </reporter-output>
        </test-method> <!-- Setup -->
        <test-method signature="AddCartTest()[pri:1, instance:ShopizerUser.TestCase.CartTest.CartTest@5223e5ee]" started-at="2023-07-27T15:16:39 ICT" name="AddCartTest" finished-at="2023-07-27T15:17:04 ICT" duration-ms="24977" status="PASS">
          <reporter-output>
          </reporter-output>
        </test-method> <!-- AddCartTest -->
        <test-method is-config="true" signature="TearDown()[pri:0, instance:ShopizerUser.TestCase.CartTest.CartTest@5223e5ee]" started-at="2023-07-27T15:17:04 ICT" name="TearDown" finished-at="2023-07-27T15:17:06 ICT" duration-ms="2861" status="PASS">
          <reporter-output>
          </reporter-output>
        </test-method> <!-- TearDown -->
        <test-method is-config="true" signature="Setup()[pri:0, instance:ShopizerUser.TestCase.CartTest.CartTest@5223e5ee]" started-at="2023-07-27T15:17:06 ICT" name="Setup" finished-at="2023-07-27T15:17:09 ICT" duration-ms="2936" status="PASS">
          <reporter-output>
          </reporter-output>
        </test-method> <!-- Setup -->
        <test-method signature="RemoveProductFromCart()[pri:2, instance:ShopizerUser.TestCase.CartTest.CartTest@5223e5ee]" started-at="2023-07-27T15:17:09 ICT" name="RemoveProductFromCart" finished-at="2023-07-27T15:17:24 ICT" duration-ms="14616" status="FAIL">
          <exception class="java.lang.AssertionError">
            <message>
              <![CDATA[expected [false] but found [true]]]>
            </message>
            <full-stacktrace>
              <![CDATA[java.lang.AssertionError: expected [false] but found [true]
at org.testng.Assert.fail(Assert.java:99)
at org.testng.Assert.failNotEquals(Assert.java:1037)
at org.testng.Assert.assertFalse(Assert.java:67)
at org.testng.Assert.assertFalse(Assert.java:77)
at ShopizerUser.Pages.CartPage.CartPage.RemoveProductFromCart(CartPage.java:82)
at ShopizerUser.TestCase.CartTest.CartTest.RemoveProductFromCart(CartTest.java:34)
at java.base/jdk.internal.reflect.NativeMethodAccessorImpl.invoke0(Native Method)
at java.base/jdk.internal.reflect.NativeMethodAccessorImpl.invoke(NativeMethodAccessorImpl.java:64)
at java.base/jdk.internal.reflect.DelegatingMethodAccessorImpl.invoke(DelegatingMethodAccessorImpl.java:43)
at java.base/java.lang.reflect.Method.invoke(Method.java:564)
at org.testng.internal.MethodInvocationHelper.invokeMethod(MethodInvocationHelper.java:133)
at org.testng.internal.TestInvoker.invokeMethod(TestInvoker.java:598)
at org.testng.internal.TestInvoker.invokeTestMethod(TestInvoker.java:173)
at org.testng.internal.MethodRunner.runInSequence(MethodRunner.java:46)
at org.testng.internal.TestInvoker$MethodInvocationAgent.invoke(TestInvoker.java:824)
at org.testng.internal.TestInvoker.invokeTestMethods(TestInvoker.java:146)
at org.testng.internal.TestMethodWorker.invokeTestMethods(TestMethodWorker.java:146)
at org.testng.internal.TestMethodWorker.run(TestMethodWorker.java:128)
at java.base/java.util.ArrayList.forEach(ArrayList.java:1511)
at org.testng.TestRunner.privateRun(TestRunner.java:794)
at org.testng.TestRunner.run(TestRunner.java:596)
at org.testng.SuiteRunner.runTest(SuiteRunner.java:377)
at org.testng.SuiteRunner.runSequentially(SuiteRunner.java:371)
at org.testng.SuiteRunner.privateRun(SuiteRunner.java:332)
at org.testng.SuiteRunner.run(SuiteRunner.java:276)
at org.testng.SuiteRunnerWorker.runSuite(SuiteRunnerWorker.java:53)
at org.testng.SuiteRunnerWorker.run(SuiteRunnerWorker.java:96)
at org.testng.TestNG.runSuitesSequentially(TestNG.java:1212)
at org.testng.TestNG.runSuitesLocally(TestNG.java:1134)
at org.testng.TestNG.runSuites(TestNG.java:1063)
at org.testng.TestNG.run(TestNG.java:1031)
at com.intellij.rt.testng.IDEARemoteTestNG.run(IDEARemoteTestNG.java:66)
at com.intellij.rt.testng.RemoteTestNGStarter.main(RemoteTestNGStarter.java:109)
]]>
            </full-stacktrace>
          </exception> <!-- java.lang.AssertionError -->
          <reporter-output>
          </reporter-output>
        </test-method> <!-- RemoveProductFromCart -->
        <test-method is-config="true" signature="TearDown()[pri:0, instance:ShopizerUser.TestCase.CartTest.CartTest@5223e5ee]" started-at="2023-07-27T15:17:24 ICT" name="TearDown" finished-at="2023-07-27T15:17:27 ICT" duration-ms="3112" status="PASS">
          <reporter-output>
          </reporter-output>
        </test-method> <!-- TearDown -->
        <test-method is-config="true" signature="Setup()[pri:0, instance:ShopizerUser.TestCase.CartTest.CartTest@5223e5ee]" started-at="2023-07-27T15:17:27 ICT" name="Setup" finished-at="2023-07-27T15:17:30 ICT" duration-ms="2623" status="PASS">
          <reporter-output>
          </reporter-output>
        </test-method> <!-- Setup -->
        <test-method signature="RemoveProductFromMiniCart()[pri:3, instance:ShopizerUser.TestCase.CartTest.CartTest@5223e5ee]" started-at="2023-07-27T15:17:30 ICT" name="RemoveProductFromMiniCart" finished-at="2023-07-27T15:17:44 ICT" duration-ms="13844" status="FAIL">
          <exception class="java.lang.AssertionError">
            <message>
              <![CDATA[expected [false] but found [true]]]>
            </message>
            <full-stacktrace>
              <![CDATA[java.lang.AssertionError: expected [false] but found [true]
at org.testng.Assert.fail(Assert.java:99)
at org.testng.Assert.failNotEquals(Assert.java:1037)
at org.testng.Assert.assertFalse(Assert.java:67)
at org.testng.Assert.assertFalse(Assert.java:77)
at ShopizerUser.Pages.CartPage.CartPage.RemoveProductFromMiniCart(CartPage.java:96)
at ShopizerUser.TestCase.CartTest.CartTest.RemoveProductFromMiniCart(CartTest.java:46)
at java.base/jdk.internal.reflect.NativeMethodAccessorImpl.invoke0(Native Method)
at java.base/jdk.internal.reflect.NativeMethodAccessorImpl.invoke(NativeMethodAccessorImpl.java:64)
at java.base/jdk.internal.reflect.DelegatingMethodAccessorImpl.invoke(DelegatingMethodAccessorImpl.java:43)
at java.base/java.lang.reflect.Method.invoke(Method.java:564)
at org.testng.internal.MethodInvocationHelper.invokeMethod(MethodInvocationHelper.java:133)
at org.testng.internal.TestInvoker.invokeMethod(TestInvoker.java:598)
at org.testng.internal.TestInvoker.invokeTestMethod(TestInvoker.java:173)
at org.testng.internal.MethodRunner.runInSequence(MethodRunner.java:46)
at org.testng.internal.TestInvoker$MethodInvocationAgent.invoke(TestInvoker.java:824)
at org.testng.internal.TestInvoker.invokeTestMethods(TestInvoker.java:146)
at org.testng.internal.TestMethodWorker.invokeTestMethods(TestMethodWorker.java:146)
at org.testng.internal.TestMethodWorker.run(TestMethodWorker.java:128)
at java.base/java.util.ArrayList.forEach(ArrayList.java:1511)
at org.testng.TestRunner.privateRun(TestRunner.java:794)
at org.testng.TestRunner.run(TestRunner.java:596)
at org.testng.SuiteRunner.runTest(SuiteRunner.java:377)
at org.testng.SuiteRunner.runSequentially(SuiteRunner.java:371)
at org.testng.SuiteRunner.privateRun(SuiteRunner.java:332)
at org.testng.SuiteRunner.run(SuiteRunner.java:276)
at org.testng.SuiteRunnerWorker.runSuite(SuiteRunnerWorker.java:53)
at org.testng.SuiteRunnerWorker.run(SuiteRunnerWorker.java:96)
at org.testng.TestNG.runSuitesSequentially(TestNG.java:1212)
at org.testng.TestNG.runSuitesLocally(TestNG.java:1134)
at org.testng.TestNG.runSuites(TestNG.java:1063)
at org.testng.TestNG.run(TestNG.java:1031)
at com.intellij.rt.testng.IDEARemoteTestNG.run(IDEARemoteTestNG.java:66)
at com.intellij.rt.testng.RemoteTestNGStarter.main(RemoteTestNGStarter.java:109)
]]>
            </full-stacktrace>
          </exception> <!-- java.lang.AssertionError -->
          <reporter-output>
          </reporter-output>
        </test-method> <!-- RemoveProductFromMiniCart -->
        <test-method is-config="true" signature="TearDown()[pri:0, instance:ShopizerUser.TestCase.CartTest.CartTest@5223e5ee]" started-at="2023-07-27T15:17:44 ICT" name="TearDown" finished-at="2023-07-27T15:17:46 ICT" duration-ms="2747" status="PASS">
          <reporter-output>
          </reporter-output>
        </test-method> <!-- TearDown -->
        <test-method is-config="true" signature="Setup()[pri:0, instance:ShopizerUser.TestCase.CartTest.CartTest@5223e5ee]" started-at="2023-07-27T15:17:46 ICT" name="Setup" finished-at="2023-07-27T15:17:49 ICT" duration-ms="2617" status="PASS">
          <reporter-output>
          </reporter-output>
        </test-method> <!-- Setup -->
        <test-method signature="RemoveProductFromCartByQuantity()[pri:4, instance:ShopizerUser.TestCase.CartTest.CartTest@5223e5ee]" started-at="2023-07-27T15:17:49 ICT" name="RemoveProductFromCartByQuantity" finished-at="2023-07-27T15:18:19 ICT" duration-ms="29995" status="FAIL">
          <exception class="org.openqa.selenium.NoSuchElementException">
            <message>
              <![CDATA[no such element: Unable to locate element: {"method":"xpath","selector":"//span[contains(@to,'/my-account')]"}
  (Session info: chrome=115.0.5790.110)
For documentation on this error, please visit: https://www.seleniumhq.org/exceptions/no_such_element.html
Build info: version: '3.141.59', revision: 'e82be7d358', time: '2018-11-14T08:17:03'
System info: host: 'DESKTOP-EU216N6', ip: '192.168.1.106', os.name: 'Windows 10', os.arch: 'amd64', os.version: '10.0', java.version: '15.0.2'
Driver info: org.openqa.selenium.chrome.ChromeDriver
Capabilities {acceptInsecureCerts: false, browserName: chrome, browserVersion: 115.0.5790.110, chrome: {chromedriverVersion: 114.0.5735.90 (386bc09e8f4f..., userDataDir: C:\Users\ANHTU~1\AppData\Lo...}, goog:chromeOptions: {debuggerAddress: localhost:56952}, javascriptEnabled: true, networkConnectionEnabled: false, pageLoadStrategy: normal, platform: WINDOWS, platformName: WINDOWS, proxy: Proxy(), setWindowRect: true, strictFileInteractability: false, timeouts: {implicit: 0, pageLoad: 300000, script: 30000}, unhandledPromptBehavior: dismiss and notify, webauthn:extension:credBlob: true, webauthn:extension:largeBlob: true, webauthn:extension:minPinLength: true, webauthn:extension:prf: true, webauthn:virtualAuthenticators: true}
Session ID: 3e4a214aeb5be8c7c7283246b543dfce
*** Element info: {Using=xpath, value=//span[contains(@to,'/my-account')]}]]>
            </message>
            <full-stacktrace>
              <![CDATA[org.openqa.selenium.NoSuchElementException: no such element: Unable to locate element: {"method":"xpath","selector":"//span[contains(@to,'/my-account')]"}
  (Session info: chrome=115.0.5790.110)
For documentation on this error, please visit: https://www.seleniumhq.org/exceptions/no_such_element.html
Build info: version: '3.141.59', revision: 'e82be7d358', time: '2018-11-14T08:17:03'
System info: host: 'DESKTOP-EU216N6', ip: '192.168.1.106', os.name: 'Windows 10', os.arch: 'amd64', os.version: '10.0', java.version: '15.0.2'
Driver info: org.openqa.selenium.chrome.ChromeDriver
Capabilities {acceptInsecureCerts: false, browserName: chrome, browserVersion: 115.0.5790.110, chrome: {chromedriverVersion: 114.0.5735.90 (386bc09e8f4f..., userDataDir: C:\Users\ANHTU~1\AppData\Lo...}, goog:chromeOptions: {debuggerAddress: localhost:56952}, javascriptEnabled: true, networkConnectionEnabled: false, pageLoadStrategy: normal, platform: WINDOWS, platformName: WINDOWS, proxy: Proxy(), setWindowRect: true, strictFileInteractability: false, timeouts: {implicit: 0, pageLoad: 300000, script: 30000}, unhandledPromptBehavior: dismiss and notify, webauthn:extension:credBlob: true, webauthn:extension:largeBlob: true, webauthn:extension:minPinLength: true, webauthn:extension:prf: true, webauthn:virtualAuthenticators: true}
Session ID: 3e4a214aeb5be8c7c7283246b543dfce
*** Element info: {Using=xpath, value=//span[contains(@to,'/my-account')]}
at jdk.internal.reflect.GeneratedConstructorAccessor56.newInstance(Unknown Source)
at java.base/jdk.internal.reflect.DelegatingConstructorAccessorImpl.newInstance(DelegatingConstructorAccessorImpl.java:45)
at java.base/java.lang.reflect.Constructor.newInstanceWithCaller(Constructor.java:500)
at java.base/java.lang.reflect.Constructor.newInstance(Constructor.java:481)
at org.openqa.selenium.remote.http.W3CHttpResponseCodec.createException(W3CHttpResponseCodec.java:187)
at org.openqa.selenium.remote.http.W3CHttpResponseCodec.decode(W3CHttpResponseCodec.java:122)
at org.openqa.selenium.remote.http.W3CHttpResponseCodec.decode(W3CHttpResponseCodec.java:49)
at org.openqa.selenium.remote.HttpCommandExecutor.execute(HttpCommandExecutor.java:158)
at org.openqa.selenium.remote.service.DriverCommandExecutor.execute(DriverCommandExecutor.java:83)
at org.openqa.selenium.remote.RemoteWebDriver.execute(RemoteWebDriver.java:552)
at org.openqa.selenium.remote.RemoteWebDriver.findElement(RemoteWebDriver.java:323)
at org.openqa.selenium.remote.RemoteWebDriver.findElementByXPath(RemoteWebDriver.java:428)
at org.openqa.selenium.By$ByXPath.findElement(By.java:353)
at org.openqa.selenium.remote.RemoteWebDriver.findElement(RemoteWebDriver.java:315)
at ShopizerUser.Pages.LoginPage.LoginPage.Login(LoginPage.java:37)
at ShopizerUser.TestCase.CartTest.CartTest.RemoveProductFromCartByQuantity(CartTest.java:56)
at java.base/jdk.internal.reflect.NativeMethodAccessorImpl.invoke0(Native Method)
at java.base/jdk.internal.reflect.NativeMethodAccessorImpl.invoke(NativeMethodAccessorImpl.java:64)
at java.base/jdk.internal.reflect.DelegatingMethodAccessorImpl.invoke(DelegatingMethodAccessorImpl.java:43)
at java.base/java.lang.reflect.Method.invoke(Method.java:564)
at org.testng.internal.MethodInvocationHelper.invokeMethod(MethodInvocationHelper.java:133)
at org.testng.internal.TestInvoker.invokeMethod(TestInvoker.java:598)
at org.testng.internal.TestInvoker.invokeTestMethod(TestInvoker.java:173)
at org.testng.internal.MethodRunner.runInSequence(MethodRunner.java:46)
at org.testng.internal.TestInvoker$MethodInvocationAgent.invoke(TestInvoker.java:824)
at org.testng.internal.TestInvoker.invokeTestMethods(TestInvoker.java:146)
at org.testng.internal.TestMethodWorker.invokeTestMethods(TestMethodWorker.java:146)
at org.testng.internal.TestMethodWorker.run(TestMethodWorker.java:128)
at java.base/java.util.ArrayList.forEach(ArrayList.java:1511)
at org.testng.TestRunner.privateRun(TestRunner.java:794)
at org.testng.TestRunner.run(TestRunner.java:596)
at org.testng.SuiteRunner.runTest(SuiteRunner.java:377)
at org.testng.SuiteRunner.runSequentially(SuiteRunner.java:371)
at org.testng.SuiteRunner.privateRun(SuiteRunner.java:332)
at org.testng.SuiteRunner.run(SuiteRunner.java:276)
at org.testng.SuiteRunnerWorker.runSuite(SuiteRunnerWorker.java:53)
at org.testng.SuiteRunnerWorker.run(SuiteRunnerWorker.java:96)
at org.testng.TestNG.runSuitesSequentially(TestNG.java:1212)
at org.testng.TestNG.runSuitesLocally(TestNG.java:1134)
at org.testng.TestNG.runSuites(TestNG.java:1063)
at org.testng.TestNG.run(TestNG.java:1031)
at com.intellij.rt.testng.IDEARemoteTestNG.run(IDEARemoteTestNG.java:66)
at com.intellij.rt.testng.RemoteTestNGStarter.main(RemoteTestNGStarter.java:109)
]]>
            </full-stacktrace>
          </exception> <!-- org.openqa.selenium.NoSuchElementException -->
          <reporter-output>
          </reporter-output>
        </test-method> <!-- RemoveProductFromCartByQuantity -->
        <test-method is-config="true" signature="TearDown()[pri:0, instance:ShopizerUser.TestCase.CartTest.CartTest@5223e5ee]" started-at="2023-07-27T15:18:19 ICT" name="TearDown" finished-at="2023-07-27T15:18:22 ICT" duration-ms="2795" status="PASS">
          <reporter-output>
          </reporter-output>
        </test-method> <!-- TearDown -->
        <test-method is-config="true" signature="Setup()[pri:0, instance:ShopizerUser.TestCase.CartTest.CartTest@5223e5ee]" started-at="2023-07-27T15:18:22 ICT" name="Setup" finished-at="2023-07-27T15:18:24 ICT" duration-ms="2493" status="PASS">
          <reporter-output>
          </reporter-output>
        </test-method> <!-- Setup -->
        <test-method signature="RemoveAllProductsFromCart()[pri:5, instance:ShopizerUser.TestCase.CartTest.CartTest@5223e5ee]" started-at="2023-07-27T15:18:24 ICT" name="RemoveAllProductsFromCart" finished-at="2023-07-27T15:18:40 ICT" duration-ms="16139" status="FAIL">
          <exception class="java.lang.AssertionError">
            <message>
              <![CDATA[expected [false] but found [true]]]>
            </message>
            <full-stacktrace>
              <![CDATA[java.lang.AssertionError: expected [false] but found [true]
at org.testng.Assert.fail(Assert.java:99)
at org.testng.Assert.failNotEquals(Assert.java:1037)
at org.testng.Assert.assertFalse(Assert.java:67)
at org.testng.Assert.assertFalse(Assert.java:77)
at ShopizerUser.Pages.CartPage.CartPage.RemoveAllProductsFromCart(CartPage.java:67)
at ShopizerUser.TestCase.CartTest.CartTest.RemoveAllProductsFromCart(CartTest.java:70)
at java.base/jdk.internal.reflect.NativeMethodAccessorImpl.invoke0(Native Method)
at java.base/jdk.internal.reflect.NativeMethodAccessorImpl.invoke(NativeMethodAccessorImpl.java:64)
at java.base/jdk.internal.reflect.DelegatingMethodAccessorImpl.invoke(DelegatingMethodAccessorImpl.java:43)
at java.base/java.lang.reflect.Method.invoke(Method.java:564)
at org.testng.internal.MethodInvocationHelper.invokeMethod(MethodInvocationHelper.java:133)
at org.testng.internal.TestInvoker.invokeMethod(TestInvoker.java:598)
at org.testng.internal.TestInvoker.invokeTestMethod(TestInvoker.java:173)
at org.testng.internal.MethodRunner.runInSequence(MethodRunner.java:46)
at org.testng.internal.TestInvoker$MethodInvocationAgent.invoke(TestInvoker.java:824)
at org.testng.internal.TestInvoker.invokeTestMethods(TestInvoker.java:146)
at org.testng.internal.TestMethodWorker.invokeTestMethods(TestMethodWorker.java:146)
at org.testng.internal.TestMethodWorker.run(TestMethodWorker.java:128)
at java.base/java.util.ArrayList.forEach(ArrayList.java:1511)
at org.testng.TestRunner.privateRun(TestRunner.java:794)
at org.testng.TestRunner.run(TestRunner.java:596)
at org.testng.SuiteRunner.runTest(SuiteRunner.java:377)
at org.testng.SuiteRunner.runSequentially(SuiteRunner.java:371)
at org.testng.SuiteRunner.privateRun(SuiteRunner.java:332)
at org.testng.SuiteRunner.run(SuiteRunner.java:276)
at org.testng.SuiteRunnerWorker.runSuite(SuiteRunnerWorker.java:53)
at org.testng.SuiteRunnerWorker.run(SuiteRunnerWorker.java:96)
at org.testng.TestNG.runSuitesSequentially(TestNG.java:1212)
at org.testng.TestNG.runSuitesLocally(TestNG.java:1134)
at org.testng.TestNG.runSuites(TestNG.java:1063)
at org.testng.TestNG.run(TestNG.java:1031)
at com.intellij.rt.testng.IDEARemoteTestNG.run(IDEARemoteTestNG.java:66)
at com.intellij.rt.testng.RemoteTestNGStarter.main(RemoteTestNGStarter.java:109)
]]>
            </full-stacktrace>
          </exception> <!-- java.lang.AssertionError -->
          <reporter-output>
          </reporter-output>
        </test-method> <!-- RemoveAllProductsFromCart -->
        <test-method is-config="true" signature="TearDown()[pri:0, instance:ShopizerUser.TestCase.CartTest.CartTest@5223e5ee]" started-at="2023-07-27T15:18:40 ICT" name="TearDown" finished-at="2023-07-27T15:18:43 ICT" duration-ms="2694" status="PASS">
          <reporter-output>
          </reporter-output>
        </test-method> <!-- TearDown -->
      </class> <!-- ShopizerUser.TestCase.CartTest.CartTest -->
    </test> <!-- D:/Shopizer_test/shopizertest -->
  </suite> <!-- All Test Suite -->
</testng-results>
