<?xml version="1.0" encoding="UTF-8"?>
<testng-results ignored="0" total="89" passed="70" failed="19" skipped="0">
  <reporter-output>
  </reporter-output>
  <suite started-at="2023-07-26T22:25:01 ICT" name="All Test Suite" finished-at="2023-07-26T23:50:51 ICT" duration-ms="5149337">
    <groups>
    </groups>
    <test started-at="2023-07-26T22:25:01 ICT" name="D:/Shopizer_test/shopizertest" finished-at="2023-07-26T23:50:51 ICT" duration-ms="5149337">
      <class name="ShopizerAdmin.TestCase.InventoryManagement.ProductsGroupsTest.ProductsGroupsTest">
        <test-method is-config="true" signature="Setup()[pri:0, instance:ShopizerAdmin.TestCase.InventoryManagement.ProductsGroupsTest.ProductsGroupsTest@79b06cab]" started-at="2023-07-26T23:25:47 ICT" name="Setup" finished-at="2023-07-26T23:25:49 ICT" duration-ms="1791" status="PASS">
          <reporter-output>
          </reporter-output>
        </test-method> <!-- Setup -->
        <test-method signature="ProductsGroupsTest()[pri:1, instance:ShopizerAdmin.TestCase.InventoryManagement.ProductsGroupsTest.ProductsGroupsTest@79b06cab]" started-at="2023-07-26T23:25:49 ICT" name="ProductsGroupsTest" finished-at="2023-07-26T23:26:21 ICT" duration-ms="32542" status="PASS">
          <reporter-output>
          </reporter-output>
        </test-method> <!-- ProductsGroupsTest -->
        <test-method is-config="true" signature="TearDown()[pri:0, instance:ShopizerAdmin.TestCase.InventoryManagement.ProductsGroupsTest.ProductsGroupsTest@79b06cab]" started-at="2023-07-26T23:26:21 ICT" name="TearDown" finished-at="2023-07-26T23:26:24 ICT" duration-ms="2652" status="PASS">
          <reporter-output>
          </reporter-output>
        </test-method> <!-- TearDown -->
        <test-method is-config="true" signature="Setup()[pri:0, instance:ShopizerAdmin.TestCase.InventoryManagement.ProductsGroupsTest.ProductsGroupsTest@79b06cab]" started-at="2023-07-26T23:26:24 ICT" name="Setup" finished-at="2023-07-26T23:26:26 ICT" duration-ms="1906" status="PASS">
          <reporter-output>
          </reporter-output>
        </test-method> <!-- Setup -->
        <test-method signature="SearchByCode()[pri:2, instance:ShopizerAdmin.TestCase.InventoryManagement.ProductsGroupsTest.ProductsGroupsTest@79b06cab]" started-at="2023-07-26T23:26:26 ICT" name="SearchByCode" finished-at="2023-07-26T23:26:41 ICT" duration-ms="15711" status="PASS">
          <reporter-output>
          </reporter-output>
        </test-method> <!-- SearchByCode -->
        <test-method is-config="true" signature="TearDown()[pri:0, instance:ShopizerAdmin.TestCase.InventoryManagement.ProductsGroupsTest.ProductsGroupsTest@79b06cab]" started-at="2023-07-26T23:26:41 ICT" name="TearDown" finished-at="2023-07-26T23:26:44 ICT" duration-ms="2622" status="PASS">
          <reporter-output>
          </reporter-output>
        </test-method> <!-- TearDown -->
        <test-method is-config="true" signature="Setup()[pri:0, instance:ShopizerAdmin.TestCase.InventoryManagement.ProductsGroupsTest.ProductsGroupsTest@79b06cab]" started-at="2023-07-26T23:26:44 ICT" name="Setup" finished-at="2023-07-26T23:26:46 ICT" duration-ms="2092" status="PASS">
          <reporter-output>
          </reporter-output>
        </test-method> <!-- Setup -->
        <test-method signature="ProductsGroupsSameID()[pri:3, instance:ShopizerAdmin.TestCase.InventoryManagement.ProductsGroupsTest.ProductsGroupsTest@79b06cab]" started-at="2023-07-26T23:26:46 ICT" name="ProductsGroupsSameID" finished-at="2023-07-26T23:27:02 ICT" duration-ms="15531" status="FAIL">
          <exception class="java.lang.AssertionError">
            <message>
              <![CDATA[expected [false] but found [true]]]>
            </message>
            <full-stacktrace>
              <![CDATA[java.lang.AssertionError: expected [false] but found [true]
at org.testng.Assert.fail(Assert.java:99)
at org.testng.Assert.failNotEquals(Assert.java:1037)
at org.testng.Assert.assertFalse(Assert.java:67)
at org.testng.Assert.assertFalse(Assert.java:77)
at ShopizerAdmin.Pages.InventoryManagementPage.ProductsGroupsPage.ProductsGroupsPage.AddProductsGroupsSameID(ProductsGroupsPage.java:89)
at ShopizerAdmin.TestCase.InventoryManagement.ProductsGroupsTest.ProductsGroupsTest.ProductsGroupsSameID(ProductsGroupsTest.java:45)
at java.base/jdk.internal.reflect.NativeMethodAccessorImpl.invoke0(Native Method)
at java.base/jdk.internal.reflect.NativeMethodAccessorImpl.invoke(NativeMethodAccessorImpl.java:64)
at java.base/jdk.internal.reflect.DelegatingMethodAccessorImpl.invoke(DelegatingMethodAccessorImpl.java:43)
at java.base/java.lang.reflect.Method.invoke(Method.java:564)
at org.testng.internal.MethodInvocationHelper.invokeMethod(MethodInvocationHelper.java:133)
at org.testng.internal.TestInvoker.invokeMethod(TestInvoker.java:598)
at org.testng.internal.TestInvoker.invokeTestMethod(TestInvoker.java:173)
at org.testng.internal.MethodRunner.runInSequence(MethodRunner.java:46)
at org.testng.internal.TestInvoker$MethodInvocationAgent.invoke(TestInvoker.java:824)
at org.testng.internal.TestInvoker.invokeTestMethods(TestInvoker.java:146)
at org.testng.internal.TestMethodWorker.invokeTestMethods(TestMethodWorker.java:146)
at org.testng.internal.TestMethodWorker.run(TestMethodWorker.java:128)
at java.base/java.util.ArrayList.forEach(ArrayList.java:1511)
at org.testng.TestRunner.privateRun(TestRunner.java:794)
at org.testng.TestRunner.run(TestRunner.java:596)
at org.testng.SuiteRunner.runTest(SuiteRunner.java:377)
at org.testng.SuiteRunner.runSequentially(SuiteRunner.java:371)
at org.testng.SuiteRunner.privateRun(SuiteRunner.java:332)
at org.testng.SuiteRunner.run(SuiteRunner.java:276)
at org.testng.SuiteRunnerWorker.runSuite(SuiteRunnerWorker.java:53)
at org.testng.SuiteRunnerWorker.run(SuiteRunnerWorker.java:96)
at org.testng.TestNG.runSuitesSequentially(TestNG.java:1212)
at org.testng.TestNG.runSuitesLocally(TestNG.java:1134)
at org.testng.TestNG.runSuites(TestNG.java:1063)
at org.testng.TestNG.run(TestNG.java:1031)
at com.intellij.rt.testng.IDEARemoteTestNG.run(IDEARemoteTestNG.java:66)
at com.intellij.rt.testng.RemoteTestNGStarter.main(RemoteTestNGStarter.java:109)
]]>
            </full-stacktrace>
          </exception> <!-- java.lang.AssertionError -->
          <reporter-output>
          </reporter-output>
        </test-method> <!-- ProductsGroupsSameID -->
        <test-method is-config="true" signature="TearDown()[pri:0, instance:ShopizerAdmin.TestCase.InventoryManagement.ProductsGroupsTest.ProductsGroupsTest@79b06cab]" started-at="2023-07-26T23:27:02 ICT" name="TearDown" finished-at="2023-07-26T23:27:04 ICT" duration-ms="2637" status="PASS">
          <reporter-output>
          </reporter-output>
        </test-method> <!-- TearDown -->
        <test-method is-config="true" signature="Setup()[pri:0, instance:ShopizerAdmin.TestCase.InventoryManagement.ProductsGroupsTest.ProductsGroupsTest@79b06cab]" started-at="2023-07-26T23:27:04 ICT" name="Setup" finished-at="2023-07-26T23:27:06 ICT" duration-ms="1807" status="PASS">
          <reporter-output>
          </reporter-output>
        </test-method> <!-- Setup -->
        <test-method signature="EditProductsGroups()[pri:4, instance:ShopizerAdmin.TestCase.InventoryManagement.ProductsGroupsTest.ProductsGroupsTest@79b06cab]" started-at="2023-07-26T23:27:06 ICT" name="EditProductsGroups" finished-at="2023-07-26T23:27:23 ICT" duration-ms="16965" status="PASS">
          <reporter-output>
          </reporter-output>
        </test-method> <!-- EditProductsGroups -->
        <test-method is-config="true" signature="TearDown()[pri:0, instance:ShopizerAdmin.TestCase.InventoryManagement.ProductsGroupsTest.ProductsGroupsTest@79b06cab]" started-at="2023-07-26T23:27:23 ICT" name="TearDown" finished-at="2023-07-26T23:27:26 ICT" duration-ms="2644" status="PASS">
          <reporter-output>
          </reporter-output>
        </test-method> <!-- TearDown -->
        <test-method is-config="true" signature="Setup()[pri:0, instance:ShopizerAdmin.TestCase.InventoryManagement.ProductsGroupsTest.ProductsGroupsTest@79b06cab]" started-at="2023-07-26T23:27:26 ICT" name="Setup" finished-at="2023-07-26T23:27:28 ICT" duration-ms="1953" status="PASS">
          <reporter-output>
          </reporter-output>
        </test-method> <!-- Setup -->
        <test-method signature="RemoveProductsGroups()[pri:5, instance:ShopizerAdmin.TestCase.InventoryManagement.ProductsGroupsTest.ProductsGroupsTest@79b06cab]" started-at="2023-07-26T23:27:28 ICT" name="RemoveProductsGroups" finished-at="2023-07-26T23:28:03 ICT" duration-ms="35571" status="PASS">
          <reporter-output>
          </reporter-output>
        </test-method> <!-- RemoveProductsGroups -->
        <test-method is-config="true" signature="TearDown()[pri:0, instance:ShopizerAdmin.TestCase.InventoryManagement.ProductsGroupsTest.ProductsGroupsTest@79b06cab]" started-at="2023-07-26T23:28:03 ICT" name="TearDown" finished-at="2023-07-26T23:28:06 ICT" duration-ms="2635" status="PASS">
          <reporter-output>
          </reporter-output>
        </test-method> <!-- TearDown -->
      </class> <!-- ShopizerAdmin.TestCase.InventoryManagement.ProductsGroupsTest.ProductsGroupsTest -->
      <class name="ShopizerAdmin.TestCase.InventoryManagement.ProductsTypesTest.ProductsTypesTest">
        <test-method is-config="true" signature="Setup()[pri:0, instance:ShopizerAdmin.TestCase.InventoryManagement.ProductsTypesTest.ProductsTypesTest@1534f01b]" started-at="2023-07-26T22:31:22 ICT" name="Setup" finished-at="2023-07-26T22:31:24 ICT" duration-ms="1829" status="PASS">
          <reporter-output>
          </reporter-output>
        </test-method> <!-- Setup -->
        <test-method signature="ProductsTypesTest()[pri:1, instance:ShopizerAdmin.TestCase.InventoryManagement.ProductsTypesTest.ProductsTypesTest@1534f01b]" started-at="2023-07-26T22:31:24 ICT" name="ProductsTypesTest" finished-at="2023-07-26T22:32:32 ICT" duration-ms="68416" status="PASS">
          <reporter-output>
          </reporter-output>
        </test-method> <!-- ProductsTypesTest -->
        <test-method is-config="true" signature="TearDown()[pri:0, instance:ShopizerAdmin.TestCase.InventoryManagement.ProductsTypesTest.ProductsTypesTest@1534f01b]" started-at="2023-07-26T22:32:32 ICT" name="TearDown" finished-at="2023-07-26T22:32:35 ICT" duration-ms="2643" status="PASS">
          <reporter-output>
          </reporter-output>
        </test-method> <!-- TearDown -->
        <test-method is-config="true" signature="Setup()[pri:0, instance:ShopizerAdmin.TestCase.InventoryManagement.ProductsTypesTest.ProductsTypesTest@1534f01b]" started-at="2023-07-26T22:32:35 ICT" name="Setup" finished-at="2023-07-26T22:32:37 ICT" duration-ms="1858" status="PASS">
          <reporter-output>
          </reporter-output>
        </test-method> <!-- Setup -->
        <test-method signature="SearchByCode()[pri:2, instance:ShopizerAdmin.TestCase.InventoryManagement.ProductsTypesTest.ProductsTypesTest@1534f01b]" started-at="2023-07-26T22:32:37 ICT" name="SearchByCode" finished-at="2023-07-26T22:32:52 ICT" duration-ms="15465" status="PASS">
          <reporter-output>
          </reporter-output>
        </test-method> <!-- SearchByCode -->
        <test-method is-config="true" signature="TearDown()[pri:0, instance:ShopizerAdmin.TestCase.InventoryManagement.ProductsTypesTest.ProductsTypesTest@1534f01b]" started-at="2023-07-26T22:32:52 ICT" name="TearDown" finished-at="2023-07-26T22:32:55 ICT" duration-ms="2598" status="PASS">
          <reporter-output>
          </reporter-output>
        </test-method> <!-- TearDown -->
        <test-method is-config="true" signature="Setup()[pri:0, instance:ShopizerAdmin.TestCase.InventoryManagement.ProductsTypesTest.ProductsTypesTest@1534f01b]" started-at="2023-07-26T22:32:55 ICT" name="Setup" finished-at="2023-07-26T22:32:57 ICT" duration-ms="1912" status="PASS">
          <reporter-output>
          </reporter-output>
        </test-method> <!-- Setup -->
        <test-method signature="ProductsTypesSameID()[pri:3, instance:ShopizerAdmin.TestCase.InventoryManagement.ProductsTypesTest.ProductsTypesTest@1534f01b]" started-at="2023-07-26T22:32:57 ICT" name="ProductsTypesSameID" finished-at="2023-07-26T22:33:37 ICT" duration-ms="40776" status="PASS">
          <reporter-output>
          </reporter-output>
        </test-method> <!-- ProductsTypesSameID -->
        <test-method is-config="true" signature="TearDown()[pri:0, instance:ShopizerAdmin.TestCase.InventoryManagement.ProductsTypesTest.ProductsTypesTest@1534f01b]" started-at="2023-07-26T22:33:37 ICT" name="TearDown" finished-at="2023-07-26T22:33:40 ICT" duration-ms="2607" status="PASS">
          <reporter-output>
          </reporter-output>
        </test-method> <!-- TearDown -->
        <test-method is-config="true" signature="Setup()[pri:0, instance:ShopizerAdmin.TestCase.InventoryManagement.ProductsTypesTest.ProductsTypesTest@1534f01b]" started-at="2023-07-26T22:33:40 ICT" name="Setup" finished-at="2023-07-26T22:33:42 ICT" duration-ms="2047" status="PASS">
          <reporter-output>
          </reporter-output>
        </test-method> <!-- Setup -->
        <test-method signature="EditProductsTypes()[pri:4, instance:ShopizerAdmin.TestCase.InventoryManagement.ProductsTypesTest.ProductsTypesTest@1534f01b]" started-at="2023-07-26T22:33:42 ICT" name="EditProductsTypes" finished-at="2023-07-26T22:33:58 ICT" duration-ms="15819" status="FAIL">
          <exception class="java.lang.AssertionError">
            <message>
              <![CDATA[expected [Type 6] but found [Type 10]]]>
            </message>
            <full-stacktrace>
              <![CDATA[java.lang.AssertionError: expected [Type 6] but found [Type 10]
at org.testng.Assert.fail(Assert.java:99)
at org.testng.Assert.failNotEquals(Assert.java:1037)
at org.testng.Assert.assertEqualsImpl(Assert.java:140)
at org.testng.Assert.assertEquals(Assert.java:122)
at org.testng.Assert.assertEquals(Assert.java:629)
at org.testng.Assert.assertEquals(Assert.java:639)
at ShopizerAdmin.Pages.InventoryManagementPage.ProductTypesPage.ProductTypesPage.EditProductType(ProductTypesPage.java:113)
at ShopizerAdmin.TestCase.InventoryManagement.ProductsTypesTest.ProductsTypesTest.EditProductsTypes(ProductsTypesTest.java:54)
at java.base/jdk.internal.reflect.NativeMethodAccessorImpl.invoke0(Native Method)
at java.base/jdk.internal.reflect.NativeMethodAccessorImpl.invoke(NativeMethodAccessorImpl.java:64)
at java.base/jdk.internal.reflect.DelegatingMethodAccessorImpl.invoke(DelegatingMethodAccessorImpl.java:43)
at java.base/java.lang.reflect.Method.invoke(Method.java:564)
at org.testng.internal.MethodInvocationHelper.invokeMethod(MethodInvocationHelper.java:133)
at org.testng.internal.TestInvoker.invokeMethod(TestInvoker.java:598)
at org.testng.internal.TestInvoker.invokeTestMethod(TestInvoker.java:173)
at org.testng.internal.MethodRunner.runInSequence(MethodRunner.java:46)
at org.testng.internal.TestInvoker$MethodInvocationAgent.invoke(TestInvoker.java:824)
at org.testng.internal.TestInvoker.invokeTestMethods(TestInvoker.java:146)
at org.testng.internal.TestMethodWorker.invokeTestMethods(TestMethodWorker.java:146)
at org.testng.internal.TestMethodWorker.run(TestMethodWorker.java:128)
at java.base/java.util.ArrayList.forEach(ArrayList.java:1511)
at org.testng.TestRunner.privateRun(TestRunner.java:794)
at org.testng.TestRunner.run(TestRunner.java:596)
at org.testng.SuiteRunner.runTest(SuiteRunner.java:377)
at org.testng.SuiteRunner.runSequentially(SuiteRunner.java:371)
at org.testng.SuiteRunner.privateRun(SuiteRunner.java:332)
at org.testng.SuiteRunner.run(SuiteRunner.java:276)
at org.testng.SuiteRunnerWorker.runSuite(SuiteRunnerWorker.java:53)
at org.testng.SuiteRunnerWorker.run(SuiteRunnerWorker.java:96)
at org.testng.TestNG.runSuitesSequentially(TestNG.java:1212)
at org.testng.TestNG.runSuitesLocally(TestNG.java:1134)
at org.testng.TestNG.runSuites(TestNG.java:1063)
at org.testng.TestNG.run(TestNG.java:1031)
at com.intellij.rt.testng.IDEARemoteTestNG.run(IDEARemoteTestNG.java:66)
at com.intellij.rt.testng.RemoteTestNGStarter.main(RemoteTestNGStarter.java:109)
]]>
            </full-stacktrace>
          </exception> <!-- java.lang.AssertionError -->
          <reporter-output>
          </reporter-output>
        </test-method> <!-- EditProductsTypes -->
        <test-method is-config="true" signature="TearDown()[pri:0, instance:ShopizerAdmin.TestCase.InventoryManagement.ProductsTypesTest.ProductsTypesTest@1534f01b]" started-at="2023-07-26T22:33:58 ICT" name="TearDown" finished-at="2023-07-26T22:34:01 ICT" duration-ms="2643" status="PASS">
          <reporter-output>
          </reporter-output>
        </test-method> <!-- TearDown -->
        <test-method is-config="true" signature="Setup()[pri:0, instance:ShopizerAdmin.TestCase.InventoryManagement.ProductsTypesTest.ProductsTypesTest@1534f01b]" started-at="2023-07-26T22:34:01 ICT" name="Setup" finished-at="2023-07-26T22:34:05 ICT" duration-ms="4756" status="PASS">
          <reporter-output>
          </reporter-output>
        </test-method> <!-- Setup -->
        <test-method signature="RemoveProductsTypes()[pri:5, instance:ShopizerAdmin.TestCase.InventoryManagement.ProductsTypesTest.ProductsTypesTest@1534f01b]" started-at="2023-07-26T22:34:05 ICT" name="RemoveProductsTypes" finished-at="2023-07-26T22:34:41 ICT" duration-ms="35379" status="PASS">
          <reporter-output>
          </reporter-output>
        </test-method> <!-- RemoveProductsTypes -->
        <test-method is-config="true" signature="TearDown()[pri:0, instance:ShopizerAdmin.TestCase.InventoryManagement.ProductsTypesTest.ProductsTypesTest@1534f01b]" started-at="2023-07-26T22:34:41 ICT" name="TearDown" finished-at="2023-07-26T22:34:43 ICT" duration-ms="2626" status="PASS">
          <reporter-output>
          </reporter-output>
        </test-method> <!-- TearDown -->
      </class> <!-- ShopizerAdmin.TestCase.InventoryManagement.ProductsTypesTest.ProductsTypesTest -->
      <class name="ShopizerAdmin.TestCase.ShippingManagement.ExpeditionTest.ExpeditionTest">
        <test-method is-config="true" signature="Setup()[pri:0, instance:ShopizerAdmin.TestCase.ShippingManagement.ExpeditionTest.ExpeditionTest@3c22fc4c]" started-at="2023-07-26T23:30:58 ICT" name="Setup" finished-at="2023-07-26T23:31:00 ICT" duration-ms="1849" status="PASS">
          <reporter-output>
          </reporter-output>
        </test-method> <!-- Setup -->
        <test-method signature="DomesticSelect()[pri:1, instance:ShopizerAdmin.TestCase.ShippingManagement.ExpeditionTest.ExpeditionTest@3c22fc4c]" started-at="2023-07-26T23:31:00 ICT" name="DomesticSelect" finished-at="2023-07-26T23:31:12 ICT" duration-ms="12729" status="FAIL">
          <exception class="java.lang.AssertionError">
            <message>
              <![CDATA[expected [true] but found [false]]]>
            </message>
            <full-stacktrace>
              <![CDATA[java.lang.AssertionError: expected [true] but found [false]
at org.testng.Assert.fail(Assert.java:99)
at org.testng.Assert.failNotEquals(Assert.java:1037)
at org.testng.Assert.assertTrue(Assert.java:45)
at org.testng.Assert.assertTrue(Assert.java:55)
at ShopizerAdmin.Pages.ShippingManagementPage.ExpeditionPage.ExpeditionPage.DomesticSelect(ExpeditionPage.java:33)
at ShopizerAdmin.TestCase.ShippingManagement.ExpeditionTest.ExpeditionTest.DomesticSelect(ExpeditionTest.java:21)
at java.base/jdk.internal.reflect.NativeMethodAccessorImpl.invoke0(Native Method)
at java.base/jdk.internal.reflect.NativeMethodAccessorImpl.invoke(NativeMethodAccessorImpl.java:64)
at java.base/jdk.internal.reflect.DelegatingMethodAccessorImpl.invoke(DelegatingMethodAccessorImpl.java:43)
at java.base/java.lang.reflect.Method.invoke(Method.java:564)
at org.testng.internal.MethodInvocationHelper.invokeMethod(MethodInvocationHelper.java:133)
at org.testng.internal.TestInvoker.invokeMethod(TestInvoker.java:598)
at org.testng.internal.TestInvoker.invokeTestMethod(TestInvoker.java:173)
at org.testng.internal.MethodRunner.runInSequence(MethodRunner.java:46)
at org.testng.internal.TestInvoker$MethodInvocationAgent.invoke(TestInvoker.java:824)
at org.testng.internal.TestInvoker.invokeTestMethods(TestInvoker.java:146)
at org.testng.internal.TestMethodWorker.invokeTestMethods(TestMethodWorker.java:146)
at org.testng.internal.TestMethodWorker.run(TestMethodWorker.java:128)
at java.base/java.util.ArrayList.forEach(ArrayList.java:1511)
at org.testng.TestRunner.privateRun(TestRunner.java:794)
at org.testng.TestRunner.run(TestRunner.java:596)
at org.testng.SuiteRunner.runTest(SuiteRunner.java:377)
at org.testng.SuiteRunner.runSequentially(SuiteRunner.java:371)
at org.testng.SuiteRunner.privateRun(SuiteRunner.java:332)
at org.testng.SuiteRunner.run(SuiteRunner.java:276)
at org.testng.SuiteRunnerWorker.runSuite(SuiteRunnerWorker.java:53)
at org.testng.SuiteRunnerWorker.run(SuiteRunnerWorker.java:96)
at org.testng.TestNG.runSuitesSequentially(TestNG.java:1212)
at org.testng.TestNG.runSuitesLocally(TestNG.java:1134)
at org.testng.TestNG.runSuites(TestNG.java:1063)
at org.testng.TestNG.run(TestNG.java:1031)
at com.intellij.rt.testng.IDEARemoteTestNG.run(IDEARemoteTestNG.java:66)
at com.intellij.rt.testng.RemoteTestNGStarter.main(RemoteTestNGStarter.java:109)
]]>
            </full-stacktrace>
          </exception> <!-- java.lang.AssertionError -->
          <reporter-output>
          </reporter-output>
        </test-method> <!-- DomesticSelect -->
        <test-method is-config="true" signature="TearDown()[pri:0, instance:ShopizerAdmin.TestCase.ShippingManagement.ExpeditionTest.ExpeditionTest@3c22fc4c]" started-at="2023-07-26T23:31:12 ICT" name="TearDown" finished-at="2023-07-26T23:31:15 ICT" duration-ms="2642" status="PASS">
          <reporter-output>
          </reporter-output>
        </test-method> <!-- TearDown -->
        <test-method is-config="true" signature="Setup()[pri:0, instance:ShopizerAdmin.TestCase.ShippingManagement.ExpeditionTest.ExpeditionTest@3c22fc4c]" started-at="2023-07-26T23:31:15 ICT" name="Setup" finished-at="2023-07-26T23:31:18 ICT" duration-ms="2509" status="PASS">
          <reporter-output>
          </reporter-output>
        </test-method> <!-- Setup -->
        <test-method signature="CountrySelect()[pri:2, instance:ShopizerAdmin.TestCase.ShippingManagement.ExpeditionTest.ExpeditionTest@3c22fc4c]" started-at="2023-07-26T23:31:18 ICT" name="CountrySelect" finished-at="2023-07-26T23:31:37 ICT" duration-ms="18942" status="PASS">
          <reporter-output>
          </reporter-output>
        </test-method> <!-- CountrySelect -->
        <test-method is-config="true" signature="TearDown()[pri:0, instance:ShopizerAdmin.TestCase.ShippingManagement.ExpeditionTest.ExpeditionTest@3c22fc4c]" started-at="2023-07-26T23:31:37 ICT" name="TearDown" finished-at="2023-07-26T23:31:39 ICT" duration-ms="2635" status="PASS">
          <reporter-output>
          </reporter-output>
        </test-method> <!-- TearDown -->
        <test-method is-config="true" signature="Setup()[pri:0, instance:ShopizerAdmin.TestCase.ShippingManagement.ExpeditionTest.ExpeditionTest@3c22fc4c]" started-at="2023-07-26T23:31:39 ICT" name="Setup" finished-at="2023-07-26T23:31:41 ICT" duration-ms="1776" status="PASS">
          <reporter-output>
          </reporter-output>
        </test-method> <!-- Setup -->
        <test-method signature="CountryUnselect()[pri:3, instance:ShopizerAdmin.TestCase.ShippingManagement.ExpeditionTest.ExpeditionTest@3c22fc4c]" started-at="2023-07-26T23:31:41 ICT" name="CountryUnselect" finished-at="2023-07-26T23:31:58 ICT" duration-ms="16679" status="FAIL">
          <exception class="java.lang.AssertionError">
            <message>
              <![CDATA[expected [false] but found [true]]]>
            </message>
            <full-stacktrace>
              <![CDATA[java.lang.AssertionError: expected [false] but found [true]
at org.testng.Assert.fail(Assert.java:99)
at org.testng.Assert.failNotEquals(Assert.java:1037)
at org.testng.Assert.assertFalse(Assert.java:67)
at org.testng.Assert.assertFalse(Assert.java:77)
at ShopizerAdmin.Pages.ShippingManagementPage.ExpeditionPage.ExpeditionPage.CountryUnselect(ExpeditionPage.java:74)
at ShopizerAdmin.TestCase.ShippingManagement.ExpeditionTest.ExpeditionTest.CountryUnselect(ExpeditionTest.java:41)
at java.base/jdk.internal.reflect.NativeMethodAccessorImpl.invoke0(Native Method)
at java.base/jdk.internal.reflect.NativeMethodAccessorImpl.invoke(NativeMethodAccessorImpl.java:64)
at java.base/jdk.internal.reflect.DelegatingMethodAccessorImpl.invoke(DelegatingMethodAccessorImpl.java:43)
at java.base/java.lang.reflect.Method.invoke(Method.java:564)
at org.testng.internal.MethodInvocationHelper.invokeMethod(MethodInvocationHelper.java:133)
at org.testng.internal.TestInvoker.invokeMethod(TestInvoker.java:598)
at org.testng.internal.TestInvoker.invokeTestMethod(TestInvoker.java:173)
at org.testng.internal.MethodRunner.runInSequence(MethodRunner.java:46)
at org.testng.internal.TestInvoker$MethodInvocationAgent.invoke(TestInvoker.java:824)
at org.testng.internal.TestInvoker.invokeTestMethods(TestInvoker.java:146)
at org.testng.internal.TestMethodWorker.invokeTestMethods(TestMethodWorker.java:146)
at org.testng.internal.TestMethodWorker.run(TestMethodWorker.java:128)
at java.base/java.util.ArrayList.forEach(ArrayList.java:1511)
at org.testng.TestRunner.privateRun(TestRunner.java:794)
at org.testng.TestRunner.run(TestRunner.java:596)
at org.testng.SuiteRunner.runTest(SuiteRunner.java:377)
at org.testng.SuiteRunner.runSequentially(SuiteRunner.java:371)
at org.testng.SuiteRunner.privateRun(SuiteRunner.java:332)
at org.testng.SuiteRunner.run(SuiteRunner.java:276)
at org.testng.SuiteRunnerWorker.runSuite(SuiteRunnerWorker.java:53)
at org.testng.SuiteRunnerWorker.run(SuiteRunnerWorker.java:96)
at org.testng.TestNG.runSuitesSequentially(TestNG.java:1212)
at org.testng.TestNG.runSuitesLocally(TestNG.java:1134)
at org.testng.TestNG.runSuites(TestNG.java:1063)
at org.testng.TestNG.run(TestNG.java:1031)
at com.intellij.rt.testng.IDEARemoteTestNG.run(IDEARemoteTestNG.java:66)
at com.intellij.rt.testng.RemoteTestNGStarter.main(RemoteTestNGStarter.java:109)
]]>
            </full-stacktrace>
          </exception> <!-- java.lang.AssertionError -->
          <reporter-output>
          </reporter-output>
        </test-method> <!-- CountryUnselect -->
        <test-method is-config="true" signature="TearDown()[pri:0, instance:ShopizerAdmin.TestCase.ShippingManagement.ExpeditionTest.ExpeditionTest@3c22fc4c]" started-at="2023-07-26T23:31:58 ICT" name="TearDown" finished-at="2023-07-26T23:32:00 ICT" duration-ms="2617" status="PASS">
          <reporter-output>
          </reporter-output>
        </test-method> <!-- TearDown -->
      </class> <!-- ShopizerAdmin.TestCase.ShippingManagement.ExpeditionTest.ExpeditionTest -->
      <class name="ShopizerAdmin.TestCase.UserManagement.UserManagementTest">
        <test-method is-config="true" signature="Setup()[pri:0, instance:ShopizerAdmin.TestCase.UserManagement.UserManagementTest@4ddced80]" started-at="2023-07-26T22:28:11 ICT" name="Setup" finished-at="2023-07-26T22:28:13 ICT" duration-ms="2554" status="PASS">
          <reporter-output>
          </reporter-output>
        </test-method> <!-- Setup -->
        <test-method signature="AddUserWithInvalidEmail()[pri:1, instance:ShopizerAdmin.TestCase.UserManagement.UserManagementTest@4ddced80]" started-at="2023-07-26T22:28:13 ICT" name="AddUserWithInvalidEmail" finished-at="2023-07-26T22:28:32 ICT" duration-ms="18889" status="PASS">
          <reporter-output>
          </reporter-output>
        </test-method> <!-- AddUserWithInvalidEmail -->
        <test-method is-config="true" signature="TearDown()[pri:0, instance:ShopizerAdmin.TestCase.UserManagement.UserManagementTest@4ddced80]" started-at="2023-07-26T22:28:32 ICT" name="TearDown" finished-at="2023-07-26T22:28:35 ICT" duration-ms="2630" status="PASS">
          <reporter-output>
          </reporter-output>
        </test-method> <!-- TearDown -->
        <test-method is-config="true" signature="Setup()[pri:0, instance:ShopizerAdmin.TestCase.UserManagement.UserManagementTest@4ddced80]" started-at="2023-07-26T22:28:35 ICT" name="Setup" finished-at="2023-07-26T22:28:37 ICT" duration-ms="2134" status="PASS">
          <reporter-output>
          </reporter-output>
        </test-method> <!-- Setup -->
        <test-method signature="AddUserWithWrongPassword()[pri:2, instance:ShopizerAdmin.TestCase.UserManagement.UserManagementTest@4ddced80]" started-at="2023-07-26T22:28:37 ICT" name="AddUserWithWrongPassword" finished-at="2023-07-26T22:29:00 ICT" duration-ms="23128" status="PASS">
          <reporter-output>
          </reporter-output>
        </test-method> <!-- AddUserWithWrongPassword -->
        <test-method is-config="true" signature="TearDown()[pri:0, instance:ShopizerAdmin.TestCase.UserManagement.UserManagementTest@4ddced80]" started-at="2023-07-26T22:29:00 ICT" name="TearDown" finished-at="2023-07-26T22:29:03 ICT" duration-ms="2614" status="PASS">
          <reporter-output>
          </reporter-output>
        </test-method> <!-- TearDown -->
        <test-method is-config="true" signature="Setup()[pri:0, instance:ShopizerAdmin.TestCase.UserManagement.UserManagementTest@4ddced80]" started-at="2023-07-26T22:29:03 ICT" name="Setup" finished-at="2023-07-26T22:29:05 ICT" duration-ms="1873" status="PASS">
          <reporter-output>
          </reporter-output>
        </test-method> <!-- Setup -->
        <test-method signature="AddUserTest()[pri:3, instance:ShopizerAdmin.TestCase.UserManagement.UserManagementTest@4ddced80]" started-at="2023-07-26T22:29:05 ICT" name="AddUserTest" finished-at="2023-07-26T22:29:45 ICT" duration-ms="40506" status="PASS">
          <reporter-output>
          </reporter-output>
        </test-method> <!-- AddUserTest -->
        <test-method is-config="true" signature="TearDown()[pri:0, instance:ShopizerAdmin.TestCase.UserManagement.UserManagementTest@4ddced80]" started-at="2023-07-26T22:29:45 ICT" name="TearDown" finished-at="2023-07-26T22:29:48 ICT" duration-ms="2630" status="PASS">
          <reporter-output>
          </reporter-output>
        </test-method> <!-- TearDown -->
        <test-method is-config="true" signature="Setup()[pri:0, instance:ShopizerAdmin.TestCase.UserManagement.UserManagementTest@4ddced80]" started-at="2023-07-26T22:29:48 ICT" name="Setup" finished-at="2023-07-26T22:29:50 ICT" duration-ms="1874" status="PASS">
          <reporter-output>
          </reporter-output>
        </test-method> <!-- Setup -->
        <test-method signature="SearchByName()[pri:4, instance:ShopizerAdmin.TestCase.UserManagement.UserManagementTest@4ddced80]" started-at="2023-07-26T22:29:50 ICT" name="SearchByName" finished-at="2023-07-26T22:30:04 ICT" duration-ms="14467" status="PASS">
          <reporter-output>
          </reporter-output>
        </test-method> <!-- SearchByName -->
        <test-method is-config="true" signature="TearDown()[pri:0, instance:ShopizerAdmin.TestCase.UserManagement.UserManagementTest@4ddced80]" started-at="2023-07-26T22:30:04 ICT" name="TearDown" finished-at="2023-07-26T22:30:07 ICT" duration-ms="2650" status="PASS">
          <reporter-output>
          </reporter-output>
        </test-method> <!-- TearDown -->
        <test-method is-config="true" signature="Setup()[pri:0, instance:ShopizerAdmin.TestCase.UserManagement.UserManagementTest@4ddced80]" started-at="2023-07-26T22:30:07 ICT" name="Setup" finished-at="2023-07-26T22:30:09 ICT" duration-ms="1886" status="PASS">
          <reporter-output>
          </reporter-output>
        </test-method> <!-- Setup -->
        <test-method signature="SearchByEmail()[pri:5, instance:ShopizerAdmin.TestCase.UserManagement.UserManagementTest@4ddced80]" started-at="2023-07-26T22:30:09 ICT" name="SearchByEmail" finished-at="2023-07-26T22:30:23 ICT" duration-ms="14607" status="PASS">
          <reporter-output>
          </reporter-output>
        </test-method> <!-- SearchByEmail -->
        <test-method is-config="true" signature="TearDown()[pri:0, instance:ShopizerAdmin.TestCase.UserManagement.UserManagementTest@4ddced80]" started-at="2023-07-26T22:30:23 ICT" name="TearDown" finished-at="2023-07-26T22:30:26 ICT" duration-ms="2607" status="PASS">
          <reporter-output>
          </reporter-output>
        </test-method> <!-- TearDown -->
        <test-method is-config="true" signature="Setup()[pri:0, instance:ShopizerAdmin.TestCase.UserManagement.UserManagementTest@4ddced80]" started-at="2023-07-26T22:30:26 ICT" name="Setup" finished-at="2023-07-26T22:30:28 ICT" duration-ms="2495" status="PASS">
          <reporter-output>
          </reporter-output>
        </test-method> <!-- Setup -->
        <test-method signature="EditUser()[pri:6, instance:ShopizerAdmin.TestCase.UserManagement.UserManagementTest@4ddced80]" started-at="2023-07-26T22:30:28 ICT" name="EditUser" finished-at="2023-07-26T22:30:42 ICT" duration-ms="13847" status="FAIL">
          <exception class="java.lang.AssertionError">
            <message>
              <![CDATA[expected [true] but found [false]]]>
            </message>
            <full-stacktrace>
              <![CDATA[java.lang.AssertionError: expected [true] but found [false]
at org.testng.Assert.fail(Assert.java:99)
at org.testng.Assert.failNotEquals(Assert.java:1037)
at org.testng.Assert.assertTrue(Assert.java:45)
at org.testng.Assert.assertTrue(Assert.java:55)
at ShopizerAdmin.Pages.UserManagementPage.UserManagementPage.UserEdit(UserManagementPage.java:152)
at ShopizerAdmin.TestCase.UserManagement.UserManagementTest.EditUser(UserManagementTest.java:74)
at java.base/jdk.internal.reflect.NativeMethodAccessorImpl.invoke0(Native Method)
at java.base/jdk.internal.reflect.NativeMethodAccessorImpl.invoke(NativeMethodAccessorImpl.java:64)
at java.base/jdk.internal.reflect.DelegatingMethodAccessorImpl.invoke(DelegatingMethodAccessorImpl.java:43)
at java.base/java.lang.reflect.Method.invoke(Method.java:564)
at org.testng.internal.MethodInvocationHelper.invokeMethod(MethodInvocationHelper.java:133)
at org.testng.internal.TestInvoker.invokeMethod(TestInvoker.java:598)
at org.testng.internal.TestInvoker.invokeTestMethod(TestInvoker.java:173)
at org.testng.internal.MethodRunner.runInSequence(MethodRunner.java:46)
at org.testng.internal.TestInvoker$MethodInvocationAgent.invoke(TestInvoker.java:824)
at org.testng.internal.TestInvoker.invokeTestMethods(TestInvoker.java:146)
at org.testng.internal.TestMethodWorker.invokeTestMethods(TestMethodWorker.java:146)
at org.testng.internal.TestMethodWorker.run(TestMethodWorker.java:128)
at java.base/java.util.ArrayList.forEach(ArrayList.java:1511)
at org.testng.TestRunner.privateRun(TestRunner.java:794)
at org.testng.TestRunner.run(TestRunner.java:596)
at org.testng.SuiteRunner.runTest(SuiteRunner.java:377)
at org.testng.SuiteRunner.runSequentially(SuiteRunner.java:371)
at org.testng.SuiteRunner.privateRun(SuiteRunner.java:332)
at org.testng.SuiteRunner.run(SuiteRunner.java:276)
at org.testng.SuiteRunnerWorker.runSuite(SuiteRunnerWorker.java:53)
at org.testng.SuiteRunnerWorker.run(SuiteRunnerWorker.java:96)
at org.testng.TestNG.runSuitesSequentially(TestNG.java:1212)
at org.testng.TestNG.runSuitesLocally(TestNG.java:1134)
at org.testng.TestNG.runSuites(TestNG.java:1063)
at org.testng.TestNG.run(TestNG.java:1031)
at com.intellij.rt.testng.IDEARemoteTestNG.run(IDEARemoteTestNG.java:66)
at com.intellij.rt.testng.RemoteTestNGStarter.main(RemoteTestNGStarter.java:109)
]]>
            </full-stacktrace>
          </exception> <!-- java.lang.AssertionError -->
          <reporter-output>
          </reporter-output>
        </test-method> <!-- EditUser -->
        <test-method is-config="true" signature="TearDown()[pri:0, instance:ShopizerAdmin.TestCase.UserManagement.UserManagementTest@4ddced80]" started-at="2023-07-26T22:30:42 ICT" name="TearDown" finished-at="2023-07-26T22:30:45 ICT" duration-ms="2638" status="PASS">
          <reporter-output>
          </reporter-output>
        </test-method> <!-- TearDown -->
        <test-method is-config="true" signature="Setup()[pri:0, instance:ShopizerAdmin.TestCase.UserManagement.UserManagementTest@4ddced80]" started-at="2023-07-26T22:30:45 ICT" name="Setup" finished-at="2023-07-26T22:30:47 ICT" duration-ms="2003" status="PASS">
          <reporter-output>
          </reporter-output>
        </test-method> <!-- Setup -->
        <test-method signature="RemoveUser()[pri:7, instance:ShopizerAdmin.TestCase.UserManagement.UserManagementTest@4ddced80]" started-at="2023-07-26T22:30:47 ICT" name="RemoveUser" finished-at="2023-07-26T22:31:19 ICT" duration-ms="32472" status="PASS">
          <reporter-output>
          </reporter-output>
        </test-method> <!-- RemoveUser -->
        <test-method is-config="true" signature="TearDown()[pri:0, instance:ShopizerAdmin.TestCase.UserManagement.UserManagementTest@4ddced80]" started-at="2023-07-26T22:31:19 ICT" name="TearDown" finished-at="2023-07-26T22:31:22 ICT" duration-ms="2631" status="PASS">
          <reporter-output>
          </reporter-output>
        </test-method> <!-- TearDown -->
      </class> <!-- ShopizerAdmin.TestCase.UserManagement.UserManagementTest -->
      <class name="ShopizerAdmin.TestCase.InventoryManagement.BrandTest.BrandTest">
        <test-method is-config="true" signature="Setup()[pri:0, instance:ShopizerAdmin.TestCase.InventoryManagement.BrandTest.BrandTest@78e117e3]" started-at="2023-07-26T22:34:43 ICT" name="Setup" finished-at="2023-07-26T22:34:45 ICT" duration-ms="1780" status="PASS">
          <reporter-output>
          </reporter-output>
        </test-method> <!-- Setup -->
        <test-method signature="BrandTest()[pri:1, instance:ShopizerAdmin.TestCase.InventoryManagement.BrandTest.BrandTest@78e117e3]" started-at="2023-07-26T22:34:45 ICT" name="BrandTest" finished-at="2023-07-26T22:36:41 ICT" duration-ms="116348" status="PASS">
          <reporter-output>
          </reporter-output>
        </test-method> <!-- BrandTest -->
        <test-method is-config="true" signature="TearDown()[pri:0, instance:ShopizerAdmin.TestCase.InventoryManagement.BrandTest.BrandTest@78e117e3]" started-at="2023-07-26T22:36:41 ICT" name="TearDown" finished-at="2023-07-26T22:36:44 ICT" duration-ms="2646" status="PASS">
          <reporter-output>
          </reporter-output>
        </test-method> <!-- TearDown -->
        <test-method is-config="true" signature="Setup()[pri:0, instance:ShopizerAdmin.TestCase.InventoryManagement.BrandTest.BrandTest@78e117e3]" started-at="2023-07-26T22:36:44 ICT" name="Setup" finished-at="2023-07-26T22:36:46 ICT" duration-ms="1964" status="PASS">
          <reporter-output>
          </reporter-output>
        </test-method> <!-- Setup -->
        <test-method signature="SearchByName()[pri:2, instance:ShopizerAdmin.TestCase.InventoryManagement.BrandTest.BrandTest@78e117e3]" started-at="2023-07-26T22:36:46 ICT" name="SearchByName" finished-at="2023-07-26T22:37:21 ICT" duration-ms="35364" status="FAIL">
          <exception class="java.lang.AssertionError">
            <message>
              <![CDATA[expected [true] but found [false]]]>
            </message>
            <full-stacktrace>
              <![CDATA[java.lang.AssertionError: expected [true] but found [false]
at org.testng.Assert.fail(Assert.java:99)
at org.testng.Assert.failNotEquals(Assert.java:1037)
at org.testng.Assert.assertTrue(Assert.java:45)
at org.testng.Assert.assertTrue(Assert.java:55)
at ShopizerAdmin.Pages.InventoryManagementPage.BrandsPage.BrandPage.SearchByName(BrandPage.java:75)
at ShopizerAdmin.TestCase.InventoryManagement.BrandTest.BrandTest.SearchByName(BrandTest.java:35)
at java.base/jdk.internal.reflect.NativeMethodAccessorImpl.invoke0(Native Method)
at java.base/jdk.internal.reflect.NativeMethodAccessorImpl.invoke(NativeMethodAccessorImpl.java:64)
at java.base/jdk.internal.reflect.DelegatingMethodAccessorImpl.invoke(DelegatingMethodAccessorImpl.java:43)
at java.base/java.lang.reflect.Method.invoke(Method.java:564)
at org.testng.internal.MethodInvocationHelper.invokeMethod(MethodInvocationHelper.java:133)
at org.testng.internal.TestInvoker.invokeMethod(TestInvoker.java:598)
at org.testng.internal.TestInvoker.invokeTestMethod(TestInvoker.java:173)
at org.testng.internal.MethodRunner.runInSequence(MethodRunner.java:46)
at org.testng.internal.TestInvoker$MethodInvocationAgent.invoke(TestInvoker.java:824)
at org.testng.internal.TestInvoker.invokeTestMethods(TestInvoker.java:146)
at org.testng.internal.TestMethodWorker.invokeTestMethods(TestMethodWorker.java:146)
at org.testng.internal.TestMethodWorker.run(TestMethodWorker.java:128)
at java.base/java.util.ArrayList.forEach(ArrayList.java:1511)
at org.testng.TestRunner.privateRun(TestRunner.java:794)
at org.testng.TestRunner.run(TestRunner.java:596)
at org.testng.SuiteRunner.runTest(SuiteRunner.java:377)
at org.testng.SuiteRunner.runSequentially(SuiteRunner.java:371)
at org.testng.SuiteRunner.privateRun(SuiteRunner.java:332)
at org.testng.SuiteRunner.run(SuiteRunner.java:276)
at org.testng.SuiteRunnerWorker.runSuite(SuiteRunnerWorker.java:53)
at org.testng.SuiteRunnerWorker.run(SuiteRunnerWorker.java:96)
at org.testng.TestNG.runSuitesSequentially(TestNG.java:1212)
at org.testng.TestNG.runSuitesLocally(TestNG.java:1134)
at org.testng.TestNG.runSuites(TestNG.java:1063)
at org.testng.TestNG.run(TestNG.java:1031)
at com.intellij.rt.testng.IDEARemoteTestNG.run(IDEARemoteTestNG.java:66)
at com.intellij.rt.testng.RemoteTestNGStarter.main(RemoteTestNGStarter.java:109)
]]>
            </full-stacktrace>
          </exception> <!-- java.lang.AssertionError -->
          <reporter-output>
          </reporter-output>
        </test-method> <!-- SearchByName -->
        <test-method is-config="true" signature="TearDown()[pri:0, instance:ShopizerAdmin.TestCase.InventoryManagement.BrandTest.BrandTest@78e117e3]" started-at="2023-07-26T22:37:21 ICT" name="TearDown" finished-at="2023-07-26T22:37:24 ICT" duration-ms="2635" status="PASS">
          <reporter-output>
          </reporter-output>
        </test-method> <!-- TearDown -->
        <test-method is-config="true" signature="Setup()[pri:0, instance:ShopizerAdmin.TestCase.InventoryManagement.BrandTest.BrandTest@78e117e3]" started-at="2023-07-26T22:37:24 ICT" name="Setup" finished-at="2023-07-26T22:37:26 ICT" duration-ms="1831" status="PASS">
          <reporter-output>
          </reporter-output>
        </test-method> <!-- Setup -->
        <test-method signature="SearchByCode()[pri:3, instance:ShopizerAdmin.TestCase.InventoryManagement.BrandTest.BrandTest@78e117e3]" started-at="2023-07-26T22:37:26 ICT" name="SearchByCode" finished-at="2023-07-26T22:37:41 ICT" duration-ms="15306" status="PASS">
          <reporter-output>
          </reporter-output>
        </test-method> <!-- SearchByCode -->
        <test-method is-config="true" signature="TearDown()[pri:0, instance:ShopizerAdmin.TestCase.InventoryManagement.BrandTest.BrandTest@78e117e3]" started-at="2023-07-26T22:37:41 ICT" name="TearDown" finished-at="2023-07-26T22:37:44 ICT" duration-ms="2619" status="PASS">
          <reporter-output>
          </reporter-output>
        </test-method> <!-- TearDown -->
        <test-method is-config="true" signature="Setup()[pri:0, instance:ShopizerAdmin.TestCase.InventoryManagement.BrandTest.BrandTest@78e117e3]" started-at="2023-07-26T22:37:44 ICT" name="Setup" finished-at="2023-07-26T22:37:46 ICT" duration-ms="1803" status="PASS">
          <reporter-output>
          </reporter-output>
        </test-method> <!-- Setup -->
        <test-method signature="AddBrandSameID()[pri:4, instance:ShopizerAdmin.TestCase.InventoryManagement.BrandTest.BrandTest@78e117e3]" started-at="2023-07-26T22:37:46 ICT" name="AddBrandSameID" finished-at="2023-07-26T22:38:27 ICT" duration-ms="41126" status="PASS">
          <reporter-output>
          </reporter-output>
        </test-method> <!-- AddBrandSameID -->
        <test-method is-config="true" signature="TearDown()[pri:0, instance:ShopizerAdmin.TestCase.InventoryManagement.BrandTest.BrandTest@78e117e3]" started-at="2023-07-26T22:38:27 ICT" name="TearDown" finished-at="2023-07-26T22:38:29 ICT" duration-ms="2613" status="PASS">
          <reporter-output>
          </reporter-output>
        </test-method> <!-- TearDown -->
        <test-method is-config="true" signature="Setup()[pri:0, instance:ShopizerAdmin.TestCase.InventoryManagement.BrandTest.BrandTest@78e117e3]" started-at="2023-07-26T22:38:29 ICT" name="Setup" finished-at="2023-07-26T22:38:31 ICT" duration-ms="2107" status="PASS">
          <reporter-output>
          </reporter-output>
        </test-method> <!-- Setup -->
        <test-method signature="EditBrand()[pri:5, instance:ShopizerAdmin.TestCase.InventoryManagement.BrandTest.BrandTest@78e117e3]" started-at="2023-07-26T22:38:31 ICT" name="EditBrand" finished-at="2023-07-26T22:38:48 ICT" duration-ms="16797" status="PASS">
          <reporter-output>
          </reporter-output>
        </test-method> <!-- EditBrand -->
        <test-method is-config="true" signature="TearDown()[pri:0, instance:ShopizerAdmin.TestCase.InventoryManagement.BrandTest.BrandTest@78e117e3]" started-at="2023-07-26T22:38:48 ICT" name="TearDown" finished-at="2023-07-26T22:38:51 ICT" duration-ms="2667" status="PASS">
          <reporter-output>
          </reporter-output>
        </test-method> <!-- TearDown -->
        <test-method is-config="true" signature="Setup()[pri:0, instance:ShopizerAdmin.TestCase.InventoryManagement.BrandTest.BrandTest@78e117e3]" started-at="2023-07-26T22:38:51 ICT" name="Setup" finished-at="2023-07-26T22:38:53 ICT" duration-ms="2177" status="PASS">
          <reporter-output>
          </reporter-output>
        </test-method> <!-- Setup -->
        <test-method signature="RemoveBrand()[pri:6, instance:ShopizerAdmin.TestCase.InventoryManagement.BrandTest.BrandTest@78e117e3]" started-at="2023-07-26T22:38:53 ICT" name="RemoveBrand" finished-at="2023-07-26T22:39:29 ICT" duration-ms="35578" status="PASS">
          <reporter-output>
          </reporter-output>
        </test-method> <!-- RemoveBrand -->
        <test-method is-config="true" signature="TearDown()[pri:0, instance:ShopizerAdmin.TestCase.InventoryManagement.BrandTest.BrandTest@78e117e3]" started-at="2023-07-26T22:39:29 ICT" name="TearDown" finished-at="2023-07-26T22:39:31 ICT" duration-ms="2624" status="PASS">
          <reporter-output>
          </reporter-output>
        </test-method> <!-- TearDown -->
      </class> <!-- ShopizerAdmin.TestCase.InventoryManagement.BrandTest.BrandTest -->
      <class name="ShopizerAdmin.TestCase.ContentManagement.PagesTest.PagesTest">
        <test-method is-config="true" signature="Setup()[pri:0, instance:ShopizerAdmin.TestCase.ContentManagement.PagesTest.PagesTest@3eb7fc54]" started-at="2023-07-26T23:28:06 ICT" name="Setup" finished-at="2023-07-26T23:28:08 ICT" duration-ms="1882" status="PASS">
          <reporter-output>
          </reporter-output>
        </test-method> <!-- Setup -->
        <test-method signature="AddPage()[pri:1, instance:ShopizerAdmin.TestCase.ContentManagement.PagesTest.PagesTest@3eb7fc54]" started-at="2023-07-26T23:28:08 ICT" name="AddPage" finished-at="2023-07-26T23:28:35 ICT" duration-ms="27585" status="PASS">
          <reporter-output>
          </reporter-output>
        </test-method> <!-- AddPage -->
        <test-method is-config="true" signature="TearDown()[pri:0, instance:ShopizerAdmin.TestCase.ContentManagement.PagesTest.PagesTest@3eb7fc54]" started-at="2023-07-26T23:28:35 ICT" name="TearDown" finished-at="2023-07-26T23:28:38 ICT" duration-ms="2632" status="PASS">
          <reporter-output>
          </reporter-output>
        </test-method> <!-- TearDown -->
        <test-method is-config="true" signature="Setup()[pri:0, instance:ShopizerAdmin.TestCase.ContentManagement.PagesTest.PagesTest@3eb7fc54]" started-at="2023-07-26T23:28:38 ICT" name="Setup" finished-at="2023-07-26T23:28:40 ICT" duration-ms="1886" status="PASS">
          <reporter-output>
          </reporter-output>
        </test-method> <!-- Setup -->
        <test-method signature="EditPage()[pri:2, instance:ShopizerAdmin.TestCase.ContentManagement.PagesTest.PagesTest@3eb7fc54]" started-at="2023-07-26T23:28:40 ICT" name="EditPage" finished-at="2023-07-26T23:28:55 ICT" duration-ms="14831" status="PASS">
          <reporter-output>
          </reporter-output>
        </test-method> <!-- EditPage -->
        <test-method is-config="true" signature="TearDown()[pri:0, instance:ShopizerAdmin.TestCase.ContentManagement.PagesTest.PagesTest@3eb7fc54]" started-at="2023-07-26T23:28:55 ICT" name="TearDown" finished-at="2023-07-26T23:28:57 ICT" duration-ms="2638" status="PASS">
          <reporter-output>
          </reporter-output>
        </test-method> <!-- TearDown -->
        <test-method is-config="true" signature="Setup()[pri:0, instance:ShopizerAdmin.TestCase.ContentManagement.PagesTest.PagesTest@3eb7fc54]" started-at="2023-07-26T23:28:57 ICT" name="Setup" finished-at="2023-07-26T23:28:59 ICT" duration-ms="1793" status="PASS">
          <reporter-output>
          </reporter-output>
        </test-method> <!-- Setup -->
        <test-method signature="RemovePage()[pri:3, instance:ShopizerAdmin.TestCase.ContentManagement.PagesTest.PagesTest@3eb7fc54]" started-at="2023-07-26T23:28:59 ICT" name="RemovePage" finished-at="2023-07-26T23:29:34 ICT" duration-ms="34404" status="PASS">
          <reporter-output>
          </reporter-output>
        </test-method> <!-- RemovePage -->
        <test-method is-config="true" signature="TearDown()[pri:0, instance:ShopizerAdmin.TestCase.ContentManagement.PagesTest.PagesTest@3eb7fc54]" started-at="2023-07-26T23:29:34 ICT" name="TearDown" finished-at="2023-07-26T23:29:36 ICT" duration-ms="2626" status="PASS">
          <reporter-output>
          </reporter-output>
        </test-method> <!-- TearDown -->
      </class> <!-- ShopizerAdmin.TestCase.ContentManagement.PagesTest.PagesTest -->
      <class name="ShopizerUser.TestCase.CheckoutTest.CheckoutTest">
        <test-method is-config="true" signature="Setup()[pri:0, instance:ShopizerUser.TestCase.CheckoutTest.CheckoutTest@7880cdf3]" started-at="2023-07-26T23:50:21 ICT" name="Setup" finished-at="2023-07-26T23:50:23 ICT" duration-ms="1910" status="PASS">
          <reporter-output>
          </reporter-output>
        </test-method> <!-- Setup -->
        <test-method signature="CheckoutTest()[pri:0, instance:ShopizerUser.TestCase.CheckoutTest.CheckoutTest@7880cdf3]" started-at="2023-07-26T23:50:23 ICT" name="CheckoutTest" finished-at="2023-07-26T23:50:48 ICT" duration-ms="25524" status="FAIL">
          <exception class="java.lang.AssertionError">
            <message>
              <![CDATA[expected [false] but found [true]]]>
            </message>
            <full-stacktrace>
              <![CDATA[java.lang.AssertionError: expected [false] but found [true]
at org.testng.Assert.fail(Assert.java:99)
at org.testng.Assert.failNotEquals(Assert.java:1037)
at org.testng.Assert.assertFalse(Assert.java:67)
at org.testng.Assert.assertFalse(Assert.java:77)
at ShopizerUser.Pages.CheckoutPage.CheckoutPage.CheckoutTest(CheckoutPage.java:38)
at ShopizerUser.TestCase.CheckoutTest.CheckoutTest.CheckoutTest(CheckoutTest.java:27)
at java.base/jdk.internal.reflect.NativeMethodAccessorImpl.invoke0(Native Method)
at java.base/jdk.internal.reflect.NativeMethodAccessorImpl.invoke(NativeMethodAccessorImpl.java:64)
at java.base/jdk.internal.reflect.DelegatingMethodAccessorImpl.invoke(DelegatingMethodAccessorImpl.java:43)
at java.base/java.lang.reflect.Method.invoke(Method.java:564)
at org.testng.internal.MethodInvocationHelper.invokeMethod(MethodInvocationHelper.java:133)
at org.testng.internal.TestInvoker.invokeMethod(TestInvoker.java:598)
at org.testng.internal.TestInvoker.invokeTestMethod(TestInvoker.java:173)
at org.testng.internal.MethodRunner.runInSequence(MethodRunner.java:46)
at org.testng.internal.TestInvoker$MethodInvocationAgent.invoke(TestInvoker.java:824)
at org.testng.internal.TestInvoker.invokeTestMethods(TestInvoker.java:146)
at org.testng.internal.TestMethodWorker.invokeTestMethods(TestMethodWorker.java:146)
at org.testng.internal.TestMethodWorker.run(TestMethodWorker.java:128)
at java.base/java.util.ArrayList.forEach(ArrayList.java:1511)
at org.testng.TestRunner.privateRun(TestRunner.java:794)
at org.testng.TestRunner.run(TestRunner.java:596)
at org.testng.SuiteRunner.runTest(SuiteRunner.java:377)
at org.testng.SuiteRunner.runSequentially(SuiteRunner.java:371)
at org.testng.SuiteRunner.privateRun(SuiteRunner.java:332)
at org.testng.SuiteRunner.run(SuiteRunner.java:276)
at org.testng.SuiteRunnerWorker.runSuite(SuiteRunnerWorker.java:53)
at org.testng.SuiteRunnerWorker.run(SuiteRunnerWorker.java:96)
at org.testng.TestNG.runSuitesSequentially(TestNG.java:1212)
at org.testng.TestNG.runSuitesLocally(TestNG.java:1134)
at org.testng.TestNG.runSuites(TestNG.java:1063)
at org.testng.TestNG.run(TestNG.java:1031)
at com.intellij.rt.testng.IDEARemoteTestNG.run(IDEARemoteTestNG.java:66)
at com.intellij.rt.testng.RemoteTestNGStarter.main(RemoteTestNGStarter.java:109)
]]>
            </full-stacktrace>
          </exception> <!-- java.lang.AssertionError -->
          <reporter-output>
          </reporter-output>
        </test-method> <!-- CheckoutTest -->
        <test-method is-config="true" signature="TearDown()[pri:0, instance:ShopizerUser.TestCase.CheckoutTest.CheckoutTest@7880cdf3]" started-at="2023-07-26T23:50:48 ICT" name="TearDown" finished-at="2023-07-26T23:50:51 ICT" duration-ms="2638" status="PASS">
          <reporter-output>
          </reporter-output>
        </test-method> <!-- TearDown -->
      </class> <!-- ShopizerUser.TestCase.CheckoutTest.CheckoutTest -->
      <class name="ShopizerUser.TestCase.AccountTest.AccountTest">
        <test-method is-config="true" signature="Setup()[pri:0, instance:ShopizerUser.TestCase.AccountTest.AccountTest@6af93788]" started-at="2023-07-26T23:45:25 ICT" name="Setup" finished-at="2023-07-26T23:45:27 ICT" duration-ms="1800" status="PASS">
          <reporter-output>
          </reporter-output>
        </test-method> <!-- Setup -->
        <test-method signature="UpdateBillingAddress()[pri:0, instance:ShopizerUser.TestCase.AccountTest.AccountTest@6af93788]" started-at="2023-07-26T23:45:27 ICT" name="UpdateBillingAddress" finished-at="2023-07-26T23:47:23 ICT" duration-ms="115999" status="PASS">
          <reporter-output>
          </reporter-output>
        </test-method> <!-- UpdateBillingAddress -->
        <test-method is-config="true" signature="TearDown()[pri:0, instance:ShopizerUser.TestCase.AccountTest.AccountTest@6af93788]" started-at="2023-07-26T23:47:23 ICT" name="TearDown" finished-at="2023-07-26T23:47:25 ICT" duration-ms="2656" status="PASS">
          <reporter-output>
          </reporter-output>
        </test-method> <!-- TearDown -->
      </class> <!-- ShopizerUser.TestCase.AccountTest.AccountTest -->
      <class name="ShopizerAdmin.TestCase.InventoryManagement.ProductOptionsTest.OptionsTest.OptionsTest">
        <test-method is-config="true" signature="Setup()[pri:0, instance:ShopizerAdmin.TestCase.InventoryManagement.ProductOptionsTest.OptionsTest.OptionsTest@4386f16]" started-at="2023-07-26T22:42:54 ICT" name="Setup" finished-at="2023-07-26T22:42:56 ICT" duration-ms="1838" status="PASS">
          <reporter-output>
          </reporter-output>
        </test-method> <!-- Setup -->
        <test-method signature="OptionsTest()[pri:1, instance:ShopizerAdmin.TestCase.InventoryManagement.ProductOptionsTest.OptionsTest.OptionsTest@4386f16]" started-at="2023-07-26T22:42:56 ICT" name="OptionsTest" finished-at="2023-07-26T22:43:58 ICT" duration-ms="62065" status="PASS">
          <reporter-output>
          </reporter-output>
        </test-method> <!-- OptionsTest -->
        <test-method is-config="true" signature="TearDown()[pri:0, instance:ShopizerAdmin.TestCase.InventoryManagement.ProductOptionsTest.OptionsTest.OptionsTest@4386f16]" started-at="2023-07-26T22:43:58 ICT" name="TearDown" finished-at="2023-07-26T22:44:01 ICT" duration-ms="2606" status="PASS">
          <reporter-output>
          </reporter-output>
        </test-method> <!-- TearDown -->
        <test-method is-config="true" signature="Setup()[pri:0, instance:ShopizerAdmin.TestCase.InventoryManagement.ProductOptionsTest.OptionsTest.OptionsTest@4386f16]" started-at="2023-07-26T22:44:01 ICT" name="Setup" finished-at="2023-07-26T22:44:03 ICT" duration-ms="2457" status="PASS">
          <reporter-output>
          </reporter-output>
        </test-method> <!-- Setup -->
        <test-method signature="SearchByName()[pri:2, instance:ShopizerAdmin.TestCase.InventoryManagement.ProductOptionsTest.OptionsTest.OptionsTest@4386f16]" started-at="2023-07-26T22:44:03 ICT" name="SearchByName" finished-at="2023-07-26T22:44:39 ICT" duration-ms="35359" status="FAIL">
          <exception class="java.lang.AssertionError">
            <message>
              <![CDATA[expected [true] but found [false]]]>
            </message>
            <full-stacktrace>
              <![CDATA[java.lang.AssertionError: expected [true] but found [false]
at org.testng.Assert.fail(Assert.java:99)
at org.testng.Assert.failNotEquals(Assert.java:1037)
at org.testng.Assert.assertTrue(Assert.java:45)
at org.testng.Assert.assertTrue(Assert.java:55)
at ShopizerAdmin.Pages.InventoryManagementPage.ProductOptionsPage.OptionsPage.OptionsPage.SearchByName(OptionsPage.java:75)
at ShopizerAdmin.TestCase.InventoryManagement.ProductOptionsTest.OptionsTest.OptionsTest.SearchByName(OptionsTest.java:34)
at java.base/jdk.internal.reflect.NativeMethodAccessorImpl.invoke0(Native Method)
at java.base/jdk.internal.reflect.NativeMethodAccessorImpl.invoke(NativeMethodAccessorImpl.java:64)
at java.base/jdk.internal.reflect.DelegatingMethodAccessorImpl.invoke(DelegatingMethodAccessorImpl.java:43)
at java.base/java.lang.reflect.Method.invoke(Method.java:564)
at org.testng.internal.MethodInvocationHelper.invokeMethod(MethodInvocationHelper.java:133)
at org.testng.internal.TestInvoker.invokeMethod(TestInvoker.java:598)
at org.testng.internal.TestInvoker.invokeTestMethod(TestInvoker.java:173)
at org.testng.internal.MethodRunner.runInSequence(MethodRunner.java:46)
at org.testng.internal.TestInvoker$MethodInvocationAgent.invoke(TestInvoker.java:824)
at org.testng.internal.TestInvoker.invokeTestMethods(TestInvoker.java:146)
at org.testng.internal.TestMethodWorker.invokeTestMethods(TestMethodWorker.java:146)
at org.testng.internal.TestMethodWorker.run(TestMethodWorker.java:128)
at java.base/java.util.ArrayList.forEach(ArrayList.java:1511)
at org.testng.TestRunner.privateRun(TestRunner.java:794)
at org.testng.TestRunner.run(TestRunner.java:596)
at org.testng.SuiteRunner.runTest(SuiteRunner.java:377)
at org.testng.SuiteRunner.runSequentially(SuiteRunner.java:371)
at org.testng.SuiteRunner.privateRun(SuiteRunner.java:332)
at org.testng.SuiteRunner.run(SuiteRunner.java:276)
at org.testng.SuiteRunnerWorker.runSuite(SuiteRunnerWorker.java:53)
at org.testng.SuiteRunnerWorker.run(SuiteRunnerWorker.java:96)
at org.testng.TestNG.runSuitesSequentially(TestNG.java:1212)
at org.testng.TestNG.runSuitesLocally(TestNG.java:1134)
at org.testng.TestNG.runSuites(TestNG.java:1063)
at org.testng.TestNG.run(TestNG.java:1031)
at com.intellij.rt.testng.IDEARemoteTestNG.run(IDEARemoteTestNG.java:66)
at com.intellij.rt.testng.RemoteTestNGStarter.main(RemoteTestNGStarter.java:109)
]]>
            </full-stacktrace>
          </exception> <!-- java.lang.AssertionError -->
          <reporter-output>
          </reporter-output>
        </test-method> <!-- SearchByName -->
        <test-method is-config="true" signature="TearDown()[pri:0, instance:ShopizerAdmin.TestCase.InventoryManagement.ProductOptionsTest.OptionsTest.OptionsTest@4386f16]" started-at="2023-07-26T22:44:39 ICT" name="TearDown" finished-at="2023-07-26T22:44:41 ICT" duration-ms="2619" status="PASS">
          <reporter-output>
          </reporter-output>
        </test-method> <!-- TearDown -->
        <test-method is-config="true" signature="Setup()[pri:0, instance:ShopizerAdmin.TestCase.InventoryManagement.ProductOptionsTest.OptionsTest.OptionsTest@4386f16]" started-at="2023-07-26T22:44:41 ICT" name="Setup" finished-at="2023-07-26T22:44:43 ICT" duration-ms="1826" status="PASS">
          <reporter-output>
          </reporter-output>
        </test-method> <!-- Setup -->
        <test-method signature="AddOptionsSameID()[pri:3, instance:ShopizerAdmin.TestCase.InventoryManagement.ProductOptionsTest.OptionsTest.OptionsTest@4386f16]" started-at="2023-07-26T22:44:43 ICT" name="AddOptionsSameID" finished-at="2023-07-26T22:45:23 ICT" duration-ms="39698" status="PASS">
          <reporter-output>
          </reporter-output>
        </test-method> <!-- AddOptionsSameID -->
        <test-method is-config="true" signature="TearDown()[pri:0, instance:ShopizerAdmin.TestCase.InventoryManagement.ProductOptionsTest.OptionsTest.OptionsTest@4386f16]" started-at="2023-07-26T22:45:23 ICT" name="TearDown" finished-at="2023-07-26T22:45:25 ICT" duration-ms="2621" status="PASS">
          <reporter-output>
          </reporter-output>
        </test-method> <!-- TearDown -->
        <test-method is-config="true" signature="Setup()[pri:0, instance:ShopizerAdmin.TestCase.InventoryManagement.ProductOptionsTest.OptionsTest.OptionsTest@4386f16]" started-at="2023-07-26T22:45:25 ICT" name="Setup" finished-at="2023-07-26T22:45:27 ICT" duration-ms="1816" status="PASS">
          <reporter-output>
          </reporter-output>
        </test-method> <!-- Setup -->
        <test-method signature="EditOptions()[pri:4, instance:ShopizerAdmin.TestCase.InventoryManagement.ProductOptionsTest.OptionsTest.OptionsTest@4386f16]" started-at="2023-07-26T22:45:27 ICT" name="EditOptions" finished-at="2023-07-26T22:45:45 ICT" duration-ms="17989" status="PASS">
          <reporter-output>
          </reporter-output>
        </test-method> <!-- EditOptions -->
        <test-method is-config="true" signature="TearDown()[pri:0, instance:ShopizerAdmin.TestCase.InventoryManagement.ProductOptionsTest.OptionsTest.OptionsTest@4386f16]" started-at="2023-07-26T22:45:45 ICT" name="TearDown" finished-at="2023-07-26T22:45:48 ICT" duration-ms="2627" status="PASS">
          <reporter-output>
          </reporter-output>
        </test-method> <!-- TearDown -->
        <test-method is-config="true" signature="Setup()[pri:0, instance:ShopizerAdmin.TestCase.InventoryManagement.ProductOptionsTest.OptionsTest.OptionsTest@4386f16]" started-at="2023-07-26T22:45:48 ICT" name="Setup" finished-at="2023-07-26T22:45:50 ICT" duration-ms="1903" status="PASS">
          <reporter-output>
          </reporter-output>
        </test-method> <!-- Setup -->
        <test-method signature="RemoveOptions()[pri:5, instance:ShopizerAdmin.TestCase.InventoryManagement.ProductOptionsTest.OptionsTest.OptionsTest@4386f16]" started-at="2023-07-26T22:45:50 ICT" name="RemoveOptions" finished-at="2023-07-26T22:46:25 ICT" duration-ms="35479" status="PASS">
          <reporter-output>
          </reporter-output>
        </test-method> <!-- RemoveOptions -->
        <test-method is-config="true" signature="TearDown()[pri:0, instance:ShopizerAdmin.TestCase.InventoryManagement.ProductOptionsTest.OptionsTest.OptionsTest@4386f16]" started-at="2023-07-26T22:46:25 ICT" name="TearDown" finished-at="2023-07-26T22:46:28 ICT" duration-ms="2610" status="PASS">
          <reporter-output>
          </reporter-output>
        </test-method> <!-- TearDown -->
      </class> <!-- ShopizerAdmin.TestCase.InventoryManagement.ProductOptionsTest.OptionsTest.OptionsTest -->
      <class name="ShopizerUser.TestCase.ProductInforTest.ProductInforTest">
        <test-method is-config="true" signature="Setup()[pri:0, instance:ShopizerUser.TestCase.ProductInforTest.ProductInforTest@ef9296d]" started-at="2023-07-26T23:47:25 ICT" name="Setup" finished-at="2023-07-26T23:47:28 ICT" duration-ms="2058" status="PASS">
          <reporter-output>
          </reporter-output>
        </test-method> <!-- Setup -->
        <test-method signature="ProductInfor()[pri:1, instance:ShopizerUser.TestCase.ProductInforTest.ProductInforTest@ef9296d]" started-at="2023-07-26T23:47:28 ICT" name="ProductInfor" finished-at="2023-07-26T23:47:59 ICT" duration-ms="31258" status="FAIL">
          <exception class="org.openqa.selenium.NoSuchElementException">
            <message>
              <![CDATA[no such element: Unable to locate element: {"method":"xpath","selector":"/html[1]/body[1]/div[1]/div[3]/div[1]/div[1]/div[2]/div[1]/h2[1]"}
  (Session info: chrome=115.0.5790.110)
For documentation on this error, please visit: https://www.seleniumhq.org/exceptions/no_such_element.html
Build info: version: '3.141.59', revision: 'e82be7d358', time: '2018-11-14T08:17:03'
System info: host: 'DESKTOP-EU216N6', ip: '192.168.1.106', os.name: 'Windows 10', os.arch: 'amd64', os.version: '10.0', java.version: '15.0.2'
Driver info: org.openqa.selenium.chrome.ChromeDriver
Capabilities {acceptInsecureCerts: false, browserName: chrome, browserVersion: 115.0.5790.110, chrome: {chromedriverVersion: 114.0.5735.90 (386bc09e8f4f..., userDataDir: C:\Users\ANHTU~1\AppData\Lo...}, goog:chromeOptions: {debuggerAddress: localhost:56008}, javascriptEnabled: true, networkConnectionEnabled: false, pageLoadStrategy: normal, platform: WINDOWS, platformName: WINDOWS, proxy: Proxy(), setWindowRect: true, strictFileInteractability: false, timeouts: {implicit: 0, pageLoad: 300000, script: 30000}, unhandledPromptBehavior: dismiss and notify, webauthn:extension:credBlob: true, webauthn:extension:largeBlob: true, webauthn:extension:minPinLength: true, webauthn:extension:prf: true, webauthn:virtualAuthenticators: true}
Session ID: 1154752770f4f4655b20f1b3edac8601
*** Element info: {Using=xpath, value=/html[1]/body[1]/div[1]/div[3]/div[1]/div[1]/div[2]/div[1]/h2[1]}]]>
            </message>
            <full-stacktrace>
              <![CDATA[org.openqa.selenium.NoSuchElementException: no such element: Unable to locate element: {"method":"xpath","selector":"/html[1]/body[1]/div[1]/div[3]/div[1]/div[1]/div[2]/div[1]/h2[1]"}
  (Session info: chrome=115.0.5790.110)
For documentation on this error, please visit: https://www.seleniumhq.org/exceptions/no_such_element.html
Build info: version: '3.141.59', revision: 'e82be7d358', time: '2018-11-14T08:17:03'
System info: host: 'DESKTOP-EU216N6', ip: '192.168.1.106', os.name: 'Windows 10', os.arch: 'amd64', os.version: '10.0', java.version: '15.0.2'
Driver info: org.openqa.selenium.chrome.ChromeDriver
Capabilities {acceptInsecureCerts: false, browserName: chrome, browserVersion: 115.0.5790.110, chrome: {chromedriverVersion: 114.0.5735.90 (386bc09e8f4f..., userDataDir: C:\Users\ANHTU~1\AppData\Lo...}, goog:chromeOptions: {debuggerAddress: localhost:56008}, javascriptEnabled: true, networkConnectionEnabled: false, pageLoadStrategy: normal, platform: WINDOWS, platformName: WINDOWS, proxy: Proxy(), setWindowRect: true, strictFileInteractability: false, timeouts: {implicit: 0, pageLoad: 300000, script: 30000}, unhandledPromptBehavior: dismiss and notify, webauthn:extension:credBlob: true, webauthn:extension:largeBlob: true, webauthn:extension:minPinLength: true, webauthn:extension:prf: true, webauthn:virtualAuthenticators: true}
Session ID: 1154752770f4f4655b20f1b3edac8601
*** Element info: {Using=xpath, value=/html[1]/body[1]/div[1]/div[3]/div[1]/div[1]/div[2]/div[1]/h2[1]}
at jdk.internal.reflect.GeneratedConstructorAccessor56.newInstance(Unknown Source)
at java.base/jdk.internal.reflect.DelegatingConstructorAccessorImpl.newInstance(DelegatingConstructorAccessorImpl.java:45)
at java.base/java.lang.reflect.Constructor.newInstanceWithCaller(Constructor.java:500)
at java.base/java.lang.reflect.Constructor.newInstance(Constructor.java:481)
at org.openqa.selenium.remote.http.W3CHttpResponseCodec.createException(W3CHttpResponseCodec.java:187)
at org.openqa.selenium.remote.http.W3CHttpResponseCodec.decode(W3CHttpResponseCodec.java:122)
at org.openqa.selenium.remote.http.W3CHttpResponseCodec.decode(W3CHttpResponseCodec.java:49)
at org.openqa.selenium.remote.HttpCommandExecutor.execute(HttpCommandExecutor.java:158)
at org.openqa.selenium.remote.service.DriverCommandExecutor.execute(DriverCommandExecutor.java:83)
at org.openqa.selenium.remote.RemoteWebDriver.execute(RemoteWebDriver.java:552)
at org.openqa.selenium.remote.RemoteWebDriver.findElement(RemoteWebDriver.java:323)
at org.openqa.selenium.remote.RemoteWebDriver.findElementByXPath(RemoteWebDriver.java:428)
at org.openqa.selenium.By$ByXPath.findElement(By.java:353)
at org.openqa.selenium.remote.RemoteWebDriver.findElement(RemoteWebDriver.java:315)
at Initialization.ValidateHelper.getText(ValidateHelper.java:80)
at ShopizerUser.Pages.ProductInforPage.ProductInforPage.ProductInfor(ProductInforPage.java:34)
at ShopizerUser.TestCase.ProductInforTest.ProductInforTest.ProductInfor(ProductInforTest.java:22)
at java.base/jdk.internal.reflect.NativeMethodAccessorImpl.invoke0(Native Method)
at java.base/jdk.internal.reflect.NativeMethodAccessorImpl.invoke(NativeMethodAccessorImpl.java:64)
at java.base/jdk.internal.reflect.DelegatingMethodAccessorImpl.invoke(DelegatingMethodAccessorImpl.java:43)
at java.base/java.lang.reflect.Method.invoke(Method.java:564)
at org.testng.internal.MethodInvocationHelper.invokeMethod(MethodInvocationHelper.java:133)
at org.testng.internal.TestInvoker.invokeMethod(TestInvoker.java:598)
at org.testng.internal.TestInvoker.invokeTestMethod(TestInvoker.java:173)
at org.testng.internal.MethodRunner.runInSequence(MethodRunner.java:46)
at org.testng.internal.TestInvoker$MethodInvocationAgent.invoke(TestInvoker.java:824)
at org.testng.internal.TestInvoker.invokeTestMethods(TestInvoker.java:146)
at org.testng.internal.TestMethodWorker.invokeTestMethods(TestMethodWorker.java:146)
at org.testng.internal.TestMethodWorker.run(TestMethodWorker.java:128)
at java.base/java.util.ArrayList.forEach(ArrayList.java:1511)
at org.testng.TestRunner.privateRun(TestRunner.java:794)
at org.testng.TestRunner.run(TestRunner.java:596)
at org.testng.SuiteRunner.runTest(SuiteRunner.java:377)
at org.testng.SuiteRunner.runSequentially(SuiteRunner.java:371)
at org.testng.SuiteRunner.privateRun(SuiteRunner.java:332)
at org.testng.SuiteRunner.run(SuiteRunner.java:276)
at org.testng.SuiteRunnerWorker.runSuite(SuiteRunnerWorker.java:53)
at org.testng.SuiteRunnerWorker.run(SuiteRunnerWorker.java:96)
at org.testng.TestNG.runSuitesSequentially(TestNG.java:1212)
at org.testng.TestNG.runSuitesLocally(TestNG.java:1134)
at org.testng.TestNG.runSuites(TestNG.java:1063)
at org.testng.TestNG.run(TestNG.java:1031)
at com.intellij.rt.testng.IDEARemoteTestNG.run(IDEARemoteTestNG.java:66)
at com.intellij.rt.testng.RemoteTestNGStarter.main(RemoteTestNGStarter.java:109)
]]>
            </full-stacktrace>
          </exception> <!-- org.openqa.selenium.NoSuchElementException -->
          <reporter-output>
          </reporter-output>
        </test-method> <!-- ProductInfor -->
        <test-method is-config="true" signature="TearDown()[pri:0, instance:ShopizerUser.TestCase.ProductInforTest.ProductInforTest@ef9296d]" started-at="2023-07-26T23:47:59 ICT" name="TearDown" finished-at="2023-07-26T23:48:01 ICT" duration-ms="2627" status="PASS">
          <reporter-output>
          </reporter-output>
        </test-method> <!-- TearDown -->
        <test-method is-config="true" signature="Setup()[pri:0, instance:ShopizerUser.TestCase.ProductInforTest.ProductInforTest@ef9296d]" started-at="2023-07-26T23:48:01 ICT" name="Setup" finished-at="2023-07-26T23:48:03 ICT" duration-ms="1901" status="PASS">
          <reporter-output>
          </reporter-output>
        </test-method> <!-- Setup -->
        <test-method signature="AddReview()[pri:2, instance:ShopizerUser.TestCase.ProductInforTest.ProductInforTest@ef9296d]" started-at="2023-07-26T23:48:03 ICT" name="AddReview" finished-at="2023-07-26T23:48:23 ICT" duration-ms="20089" status="FAIL">
          <exception class="java.lang.AssertionError">
            <message>
              <![CDATA[expected [] but found [Áo đẹp]]]>
            </message>
            <full-stacktrace>
              <![CDATA[java.lang.AssertionError: expected [] but found [Áo đẹp]
at org.testng.Assert.fail(Assert.java:99)
at org.testng.Assert.failNotEquals(Assert.java:1037)
at org.testng.Assert.assertEqualsImpl(Assert.java:140)
at org.testng.Assert.assertEquals(Assert.java:122)
at org.testng.Assert.assertEquals(Assert.java:629)
at org.testng.Assert.assertEquals(Assert.java:639)
at ShopizerUser.Pages.ProductInforPage.ProductInforPage.AddReview(ProductInforPage.java:53)
at ShopizerUser.TestCase.ProductInforTest.ProductInforTest.AddReview(ProductInforTest.java:33)
at java.base/jdk.internal.reflect.NativeMethodAccessorImpl.invoke0(Native Method)
at java.base/jdk.internal.reflect.NativeMethodAccessorImpl.invoke(NativeMethodAccessorImpl.java:64)
at java.base/jdk.internal.reflect.DelegatingMethodAccessorImpl.invoke(DelegatingMethodAccessorImpl.java:43)
at java.base/java.lang.reflect.Method.invoke(Method.java:564)
at org.testng.internal.MethodInvocationHelper.invokeMethod(MethodInvocationHelper.java:133)
at org.testng.internal.TestInvoker.invokeMethod(TestInvoker.java:598)
at org.testng.internal.TestInvoker.invokeTestMethod(TestInvoker.java:173)
at org.testng.internal.MethodRunner.runInSequence(MethodRunner.java:46)
at org.testng.internal.TestInvoker$MethodInvocationAgent.invoke(TestInvoker.java:824)
at org.testng.internal.TestInvoker.invokeTestMethods(TestInvoker.java:146)
at org.testng.internal.TestMethodWorker.invokeTestMethods(TestMethodWorker.java:146)
at org.testng.internal.TestMethodWorker.run(TestMethodWorker.java:128)
at java.base/java.util.ArrayList.forEach(ArrayList.java:1511)
at org.testng.TestRunner.privateRun(TestRunner.java:794)
at org.testng.TestRunner.run(TestRunner.java:596)
at org.testng.SuiteRunner.runTest(SuiteRunner.java:377)
at org.testng.SuiteRunner.runSequentially(SuiteRunner.java:371)
at org.testng.SuiteRunner.privateRun(SuiteRunner.java:332)
at org.testng.SuiteRunner.run(SuiteRunner.java:276)
at org.testng.SuiteRunnerWorker.runSuite(SuiteRunnerWorker.java:53)
at org.testng.SuiteRunnerWorker.run(SuiteRunnerWorker.java:96)
at org.testng.TestNG.runSuitesSequentially(TestNG.java:1212)
at org.testng.TestNG.runSuitesLocally(TestNG.java:1134)
at org.testng.TestNG.runSuites(TestNG.java:1063)
at org.testng.TestNG.run(TestNG.java:1031)
at com.intellij.rt.testng.IDEARemoteTestNG.run(IDEARemoteTestNG.java:66)
at com.intellij.rt.testng.RemoteTestNGStarter.main(RemoteTestNGStarter.java:109)
]]>
            </full-stacktrace>
          </exception> <!-- java.lang.AssertionError -->
          <reporter-output>
          </reporter-output>
        </test-method> <!-- AddReview -->
        <test-method is-config="true" signature="TearDown()[pri:0, instance:ShopizerUser.TestCase.ProductInforTest.ProductInforTest@ef9296d]" started-at="2023-07-26T23:48:23 ICT" name="TearDown" finished-at="2023-07-26T23:48:26 ICT" duration-ms="2643" status="PASS">
          <reporter-output>
          </reporter-output>
        </test-method> <!-- TearDown -->
      </class> <!-- ShopizerUser.TestCase.ProductInforTest.ProductInforTest -->
      <class name="ShopizerAdmin.TestCase.StoreManagement.StoreManagementTest">
        <test-method is-config="true" signature="Setup()[pri:0, instance:ShopizerAdmin.TestCase.StoreManagement.StoreManagementTest@65466a6a]" started-at="2023-07-26T22:26:00 ICT" name="Setup" finished-at="2023-07-26T22:26:02 ICT" duration-ms="2342" status="PASS">
          <reporter-output>
          </reporter-output>
        </test-method> <!-- Setup -->
        <test-method signature="StoreTest()[pri:1, instance:ShopizerAdmin.TestCase.StoreManagement.StoreManagementTest@65466a6a]" started-at="2023-07-26T22:26:02 ICT" name="StoreTest" finished-at="2023-07-26T22:26:31 ICT" duration-ms="28743" status="PASS">
          <reporter-output>
          </reporter-output>
        </test-method> <!-- StoreTest -->
        <test-method is-config="true" signature="TearDown()[pri:0, instance:ShopizerAdmin.TestCase.StoreManagement.StoreManagementTest@65466a6a]" started-at="2023-07-26T22:26:31 ICT" name="TearDown" finished-at="2023-07-26T22:26:34 ICT" duration-ms="2655" status="PASS">
          <reporter-output>
          </reporter-output>
        </test-method> <!-- TearDown -->
        <test-method is-config="true" signature="Setup()[pri:0, instance:ShopizerAdmin.TestCase.StoreManagement.StoreManagementTest@65466a6a]" started-at="2023-07-26T22:26:34 ICT" name="Setup" finished-at="2023-07-26T22:26:36 ICT" duration-ms="1960" status="PASS">
          <reporter-output>
          </reporter-output>
        </test-method> <!-- Setup -->
        <test-method signature="SearchByName()[pri:2, instance:ShopizerAdmin.TestCase.StoreManagement.StoreManagementTest@65466a6a]" started-at="2023-07-26T22:26:36 ICT" name="SearchByName" finished-at="2023-07-26T22:26:51 ICT" duration-ms="14807" status="PASS">
          <reporter-output>
          </reporter-output>
        </test-method> <!-- SearchByName -->
        <test-method is-config="true" signature="TearDown()[pri:0, instance:ShopizerAdmin.TestCase.StoreManagement.StoreManagementTest@65466a6a]" started-at="2023-07-26T22:26:51 ICT" name="TearDown" finished-at="2023-07-26T22:26:53 ICT" duration-ms="2645" status="PASS">
          <reporter-output>
          </reporter-output>
        </test-method> <!-- TearDown -->
        <test-method is-config="true" signature="Setup()[pri:0, instance:ShopizerAdmin.TestCase.StoreManagement.StoreManagementTest@65466a6a]" started-at="2023-07-26T22:26:53 ICT" name="Setup" finished-at="2023-07-26T22:26:55 ICT" duration-ms="1958" status="PASS">
          <reporter-output>
          </reporter-output>
        </test-method> <!-- Setup -->
        <test-method signature="SearchByEmail()[pri:3, instance:ShopizerAdmin.TestCase.StoreManagement.StoreManagementTest@65466a6a]" started-at="2023-07-26T22:26:55 ICT" name="SearchByEmail" finished-at="2023-07-26T22:27:10 ICT" duration-ms="14645" status="PASS">
          <reporter-output>
          </reporter-output>
        </test-method> <!-- SearchByEmail -->
        <test-method is-config="true" signature="TearDown()[pri:0, instance:ShopizerAdmin.TestCase.StoreManagement.StoreManagementTest@65466a6a]" started-at="2023-07-26T22:27:10 ICT" name="TearDown" finished-at="2023-07-26T22:27:12 ICT" duration-ms="2608" status="PASS">
          <reporter-output>
          </reporter-output>
        </test-method> <!-- TearDown -->
        <test-method is-config="true" signature="Setup()[pri:0, instance:ShopizerAdmin.TestCase.StoreManagement.StoreManagementTest@65466a6a]" started-at="2023-07-26T22:27:12 ICT" name="Setup" finished-at="2023-07-26T22:27:14 ICT" duration-ms="1873" status="PASS">
          <reporter-output>
          </reporter-output>
        </test-method> <!-- Setup -->
        <test-method signature="EditStore()[pri:4, instance:ShopizerAdmin.TestCase.StoreManagement.StoreManagementTest@65466a6a]" started-at="2023-07-26T22:27:14 ICT" name="EditStore" finished-at="2023-07-26T22:27:29 ICT" duration-ms="14821" status="PASS">
          <reporter-output>
          </reporter-output>
        </test-method> <!-- EditStore -->
[...]
          </reporter-output>
        </test-method> <!-- TearDown -->
        <test-method is-config="true" signature="Setup()[pri:0, instance:ShopizerUser.TestCase.Register.RegisterTest@1b1473ab]" started-at="2023-07-26T23:42:42 ICT" name="Setup" finished-at="2023-07-26T23:42:43 ICT" duration-ms="1817" status="PASS">
          <reporter-output>
          </reporter-output>
        </test-method> <!-- Setup -->
        <test-method signature="RegisterWithWrongPassword()[pri:2, instance:ShopizerUser.TestCase.Register.RegisterTest@1b1473ab]" started-at="2023-07-26T23:42:43 ICT" name="RegisterWithWrongPassword" finished-at="2023-07-26T23:42:54 ICT" duration-ms="10137" status="PASS">
          <reporter-output>
          </reporter-output>
        </test-method> <!-- RegisterWithWrongPassword -->
        <test-method is-config="true" signature="TearDown()[pri:0, instance:ShopizerUser.TestCase.Register.RegisterTest@1b1473ab]" started-at="2023-07-26T23:42:54 ICT" name="TearDown" finished-at="2023-07-26T23:42:56 ICT" duration-ms="2648" status="PASS">
          <reporter-output>
          </reporter-output>
        </test-method> <!-- TearDown -->
        <test-method is-config="true" signature="Setup()[pri:0, instance:ShopizerUser.TestCase.Register.RegisterTest@1b1473ab]" started-at="2023-07-26T23:42:56 ICT" name="Setup" finished-at="2023-07-26T23:42:58 ICT" duration-ms="1757" status="PASS">
          <reporter-output>
          </reporter-output>
        </test-method> <!-- Setup -->
        <test-method signature="RegisterTest()[pri:3, instance:ShopizerUser.TestCase.Register.RegisterTest@1b1473ab]" started-at="2023-07-26T23:42:58 ICT" name="RegisterTest" finished-at="2023-07-26T23:44:23 ICT" duration-ms="84971" status="PASS">
          <reporter-output>
          </reporter-output>
        </test-method> <!-- RegisterTest -->
        <test-method is-config="true" signature="TearDown()[pri:0, instance:ShopizerUser.TestCase.Register.RegisterTest@1b1473ab]" started-at="2023-07-26T23:44:23 ICT" name="TearDown" finished-at="2023-07-26T23:44:26 ICT" duration-ms="2657" status="PASS">
          <reporter-output>
          </reporter-output>
        </test-method> <!-- TearDown -->
        <test-method is-config="true" signature="Setup()[pri:0, instance:ShopizerUser.TestCase.Register.RegisterTest@1b1473ab]" started-at="2023-07-26T23:44:26 ICT" name="Setup" finished-at="2023-07-26T23:44:28 ICT" duration-ms="1873" status="PASS">
          <reporter-output>
          </reporter-output>
        </test-method> <!-- Setup -->
        <test-method signature="RegisterWithSameEmail()[pri:4, instance:ShopizerUser.TestCase.Register.RegisterTest@1b1473ab]" started-at="2023-07-26T23:44:28 ICT" name="RegisterWithSameEmail" finished-at="2023-07-26T23:44:43 ICT" duration-ms="15553" status="PASS">
          <reporter-output>
          </reporter-output>
        </test-method> <!-- RegisterWithSameEmail -->
        <test-method is-config="true" signature="TearDown()[pri:0, instance:ShopizerUser.TestCase.Register.RegisterTest@1b1473ab]" started-at="2023-07-26T23:44:43 ICT" name="TearDown" finished-at="2023-07-26T23:44:46 ICT" duration-ms="2629" status="PASS">
          <reporter-output>
          </reporter-output>
        </test-method> <!-- TearDown -->
      </class> <!-- ShopizerUser.TestCase.Register.RegisterTest -->
      <class name="ShopizerUser.TestCase.Login.LoginTest">
        <test-method is-config="true" signature="Setup()[pri:0, instance:ShopizerUser.TestCase.Login.LoginTest@2f7c2f4f]" started-at="2023-07-26T23:44:46 ICT" name="Setup" finished-at="2023-07-26T23:44:47 ICT" duration-ms="1740" status="PASS">
          <reporter-output>
          </reporter-output>
        </test-method> <!-- Setup -->
        <test-method signature="LoginWithInvalidEmail()[pri:1, instance:ShopizerUser.TestCase.Login.LoginTest@2f7c2f4f]" started-at="2023-07-26T23:44:47 ICT" name="LoginWithInvalidEmail" finished-at="2023-07-26T23:44:55 ICT" duration-ms="7895" status="PASS">
          <reporter-output>
          </reporter-output>
        </test-method> <!-- LoginWithInvalidEmail -->
        <test-method is-config="true" signature="TearDown()[pri:0, instance:ShopizerUser.TestCase.Login.LoginTest@2f7c2f4f]" started-at="2023-07-26T23:44:55 ICT" name="TearDown" finished-at="2023-07-26T23:44:58 ICT" duration-ms="2612" status="PASS">
          <reporter-output>
          </reporter-output>
        </test-method> <!-- TearDown -->
        <test-method is-config="true" signature="Setup()[pri:0, instance:ShopizerUser.TestCase.Login.LoginTest@2f7c2f4f]" started-at="2023-07-26T23:44:58 ICT" name="Setup" finished-at="2023-07-26T23:45:00 ICT" duration-ms="1769" status="PASS">
          <reporter-output>
          </reporter-output>
        </test-method> <!-- Setup -->
        <test-method signature="LoginWithWrongPassword()[pri:2, instance:ShopizerUser.TestCase.Login.LoginTest@2f7c2f4f]" started-at="2023-07-26T23:45:00 ICT" name="LoginWithWrongPassword" finished-at="2023-07-26T23:45:09 ICT" duration-ms="8982" status="PASS">
          <reporter-output>
          </reporter-output>
        </test-method> <!-- LoginWithWrongPassword -->
        <test-method is-config="true" signature="TearDown()[pri:0, instance:ShopizerUser.TestCase.Login.LoginTest@2f7c2f4f]" started-at="2023-07-26T23:45:09 ICT" name="TearDown" finished-at="2023-07-26T23:45:11 ICT" duration-ms="2609" status="PASS">
          <reporter-output>
          </reporter-output>
        </test-method> <!-- TearDown -->
        <test-method is-config="true" signature="Setup()[pri:0, instance:ShopizerUser.TestCase.Login.LoginTest@2f7c2f4f]" started-at="2023-07-26T23:45:11 ICT" name="Setup" finished-at="2023-07-26T23:45:13 ICT" duration-ms="1826" status="PASS">
          <reporter-output>
          </reporter-output>
        </test-method> <!-- Setup -->
        <test-method signature="LoginTest()[pri:3, instance:ShopizerUser.TestCase.Login.LoginTest@2f7c2f4f]" started-at="2023-07-26T23:45:13 ICT" name="LoginTest" finished-at="2023-07-26T23:45:22 ICT" duration-ms="9279" status="PASS">
          <reporter-output>
          </reporter-output>
        </test-method> <!-- LoginTest -->
        <test-method is-config="true" signature="TearDown()[pri:0, instance:ShopizerUser.TestCase.Login.LoginTest@2f7c2f4f]" started-at="2023-07-26T23:45:22 ICT" name="TearDown" finished-at="2023-07-26T23:45:25 ICT" duration-ms="2609" status="PASS">
          <reporter-output>
          </reporter-output>
        </test-method> <!-- TearDown -->
      </class> <!-- ShopizerUser.TestCase.Login.LoginTest -->
      <class name="ShopizerUser.TestCase.CartTest.CartTest">
        <test-method is-config="true" signature="Setup()[pri:0, instance:ShopizerUser.TestCase.CartTest.CartTest@36c88a32]" started-at="2023-07-26T23:48:26 ICT" name="Setup" finished-at="2023-07-26T23:48:28 ICT" duration-ms="1901" status="PASS">
          <reporter-output>
          </reporter-output>
        </test-method> <!-- Setup -->
        <test-method signature="AddCartTest()[pri:1, instance:ShopizerUser.TestCase.CartTest.CartTest@36c88a32]" started-at="2023-07-26T23:48:28 ICT" name="AddCartTest" finished-at="2023-07-26T23:48:48 ICT" duration-ms="20074" status="PASS">
          <reporter-output>
          </reporter-output>
        </test-method> <!-- AddCartTest -->
        <test-method is-config="true" signature="TearDown()[pri:0, instance:ShopizerUser.TestCase.CartTest.CartTest@36c88a32]" started-at="2023-07-26T23:48:48 ICT" name="TearDown" finished-at="2023-07-26T23:48:51 ICT" duration-ms="2669" status="PASS">
          <reporter-output>
          </reporter-output>
        </test-method> <!-- TearDown -->
        <test-method is-config="true" signature="Setup()[pri:0, instance:ShopizerUser.TestCase.CartTest.CartTest@36c88a32]" started-at="2023-07-26T23:48:51 ICT" name="Setup" finished-at="2023-07-26T23:48:53 ICT" duration-ms="1824" status="PASS">
          <reporter-output>
          </reporter-output>
        </test-method> <!-- Setup -->
        <test-method signature="RemoveProductFromCart()[pri:2, instance:ShopizerUser.TestCase.CartTest.CartTest@36c88a32]" started-at="2023-07-26T23:48:53 ICT" name="RemoveProductFromCart" finished-at="2023-07-26T23:49:05 ICT" duration-ms="12827" status="FAIL">
          <exception class="java.lang.AssertionError">
            <message>
              <![CDATA[expected [false] but found [true]]]>
            </message>
            <full-stacktrace>
              <![CDATA[java.lang.AssertionError: expected [false] but found [true]
at org.testng.Assert.fail(Assert.java:99)
at org.testng.Assert.failNotEquals(Assert.java:1037)
at org.testng.Assert.assertFalse(Assert.java:67)
at org.testng.Assert.assertFalse(Assert.java:77)
at ShopizerUser.Pages.CartPage.CartPage.RemoveProductFromCart(CartPage.java:82)
at ShopizerUser.TestCase.CartTest.CartTest.RemoveProductFromCart(CartTest.java:34)
at java.base/jdk.internal.reflect.NativeMethodAccessorImpl.invoke0(Native Method)
at java.base/jdk.internal.reflect.NativeMethodAccessorImpl.invoke(NativeMethodAccessorImpl.java:64)
at java.base/jdk.internal.reflect.DelegatingMethodAccessorImpl.invoke(DelegatingMethodAccessorImpl.java:43)
at java.base/java.lang.reflect.Method.invoke(Method.java:564)
at org.testng.internal.MethodInvocationHelper.invokeMethod(MethodInvocationHelper.java:133)
at org.testng.internal.TestInvoker.invokeMethod(TestInvoker.java:598)
at org.testng.internal.TestInvoker.invokeTestMethod(TestInvoker.java:173)
at org.testng.internal.MethodRunner.runInSequence(MethodRunner.java:46)
at org.testng.internal.TestInvoker$MethodInvocationAgent.invoke(TestInvoker.java:824)
at org.testng.internal.TestInvoker.invokeTestMethods(TestInvoker.java:146)
at org.testng.internal.TestMethodWorker.invokeTestMethods(TestMethodWorker.java:146)
at org.testng.internal.TestMethodWorker.run(TestMethodWorker.java:128)
at java.base/java.util.ArrayList.forEach(ArrayList.java:1511)
at org.testng.TestRunner.privateRun(TestRunner.java:794)
at org.testng.TestRunner.run(TestRunner.java:596)
at org.testng.SuiteRunner.runTest(SuiteRunner.java:377)
at org.testng.SuiteRunner.runSequentially(SuiteRunner.java:371)
at org.testng.SuiteRunner.privateRun(SuiteRunner.java:332)
at org.testng.SuiteRunner.run(SuiteRunner.java:276)
at org.testng.SuiteRunnerWorker.runSuite(SuiteRunnerWorker.java:53)
at org.testng.SuiteRunnerWorker.run(SuiteRunnerWorker.java:96)
at org.testng.TestNG.runSuitesSequentially(TestNG.java:1212)
at org.testng.TestNG.runSuitesLocally(TestNG.java:1134)
at org.testng.TestNG.runSuites(TestNG.java:1063)
at org.testng.TestNG.run(TestNG.java:1031)
at com.intellij.rt.testng.IDEARemoteTestNG.run(IDEARemoteTestNG.java:66)
at com.intellij.rt.testng.RemoteTestNGStarter.main(RemoteTestNGStarter.java:109)
]]>
            </full-stacktrace>
          </exception> <!-- java.lang.AssertionError -->
          <reporter-output>
          </reporter-output>
        </test-method> <!-- RemoveProductFromCart -->
        <test-method is-config="true" signature="TearDown()[pri:0, instance:ShopizerUser.TestCase.CartTest.CartTest@36c88a32]" started-at="2023-07-26T23:49:05 ICT" name="TearDown" finished-at="2023-07-26T23:49:08 ICT" duration-ms="2630" status="PASS">
          <reporter-output>
          </reporter-output>
        </test-method> <!-- TearDown -->
        <test-method is-config="true" signature="Setup()[pri:0, instance:ShopizerUser.TestCase.CartTest.CartTest@36c88a32]" started-at="2023-07-26T23:49:08 ICT" name="Setup" finished-at="2023-07-26T23:49:10 ICT" duration-ms="2056" status="PASS">
          <reporter-output>
          </reporter-output>
        </test-method> <!-- Setup -->
        <test-method signature="RemoveProductFromMiniCart()[pri:3, instance:ShopizerUser.TestCase.CartTest.CartTest@36c88a32]" started-at="2023-07-26T23:49:10 ICT" name="RemoveProductFromMiniCart" finished-at="2023-07-26T23:49:22 ICT" duration-ms="11699" status="FAIL">
          <exception class="java.lang.AssertionError">
            <message>
              <![CDATA[expected [false] but found [true]]]>
            </message>
            <full-stacktrace>
              <![CDATA[java.lang.AssertionError: expected [false] but found [true]
at org.testng.Assert.fail(Assert.java:99)
at org.testng.Assert.failNotEquals(Assert.java:1037)
at org.testng.Assert.assertFalse(Assert.java:67)
at org.testng.Assert.assertFalse(Assert.java:77)
at ShopizerUser.Pages.CartPage.CartPage.RemoveProductFromMiniCart(CartPage.java:96)
at ShopizerUser.TestCase.CartTest.CartTest.RemoveProductFromMiniCart(CartTest.java:46)
at java.base/jdk.internal.reflect.NativeMethodAccessorImpl.invoke0(Native Method)
at java.base/jdk.internal.reflect.NativeMethodAccessorImpl.invoke(NativeMethodAccessorImpl.java:64)
at java.base/jdk.internal.reflect.DelegatingMethodAccessorImpl.invoke(DelegatingMethodAccessorImpl.java:43)
at java.base/java.lang.reflect.Method.invoke(Method.java:564)
at org.testng.internal.MethodInvocationHelper.invokeMethod(MethodInvocationHelper.java:133)
at org.testng.internal.TestInvoker.invokeMethod(TestInvoker.java:598)
at org.testng.internal.TestInvoker.invokeTestMethod(TestInvoker.java:173)
at org.testng.internal.MethodRunner.runInSequence(MethodRunner.java:46)
at org.testng.internal.TestInvoker$MethodInvocationAgent.invoke(TestInvoker.java:824)
at org.testng.internal.TestInvoker.invokeTestMethods(TestInvoker.java:146)
at org.testng.internal.TestMethodWorker.invokeTestMethods(TestMethodWorker.java:146)
at org.testng.internal.TestMethodWorker.run(TestMethodWorker.java:128)
at java.base/java.util.ArrayList.forEach(ArrayList.java:1511)
at org.testng.TestRunner.privateRun(TestRunner.java:794)
at org.testng.TestRunner.run(TestRunner.java:596)
at org.testng.SuiteRunner.runTest(SuiteRunner.java:377)
at org.testng.SuiteRunner.runSequentially(SuiteRunner.java:371)
at org.testng.SuiteRunner.privateRun(SuiteRunner.java:332)
at org.testng.SuiteRunner.run(SuiteRunner.java:276)
at org.testng.SuiteRunnerWorker.runSuite(SuiteRunnerWorker.java:53)
at org.testng.SuiteRunnerWorker.run(SuiteRunnerWorker.java:96)
at org.testng.TestNG.runSuitesSequentially(TestNG.java:1212)
at org.testng.TestNG.runSuitesLocally(TestNG.java:1134)
at org.testng.TestNG.runSuites(TestNG.java:1063)
at org.testng.TestNG.run(TestNG.java:1031)
at com.intellij.rt.testng.IDEARemoteTestNG.run(IDEARemoteTestNG.java:66)
at com.intellij.rt.testng.RemoteTestNGStarter.main(RemoteTestNGStarter.java:109)
]]>
            </full-stacktrace>
          </exception> <!-- java.lang.AssertionError -->
          <reporter-output>
          </reporter-output>
        </test-method> <!-- RemoveProductFromMiniCart -->
        <test-method is-config="true" signature="TearDown()[pri:0, instance:ShopizerUser.TestCase.CartTest.CartTest@36c88a32]" started-at="2023-07-26T23:49:22 ICT" name="TearDown" finished-at="2023-07-26T23:49:24 ICT" duration-ms="2641" status="PASS">
          <reporter-output>
          </reporter-output>
        </test-method> <!-- TearDown -->
        <test-method is-config="true" signature="Setup()[pri:0, instance:ShopizerUser.TestCase.CartTest.CartTest@36c88a32]" started-at="2023-07-26T23:49:24 ICT" name="Setup" finished-at="2023-07-26T23:49:26 ICT" duration-ms="1821" status="PASS">
          <reporter-output>
          </reporter-output>
        </test-method> <!-- Setup -->
        <test-method signature="RemoveProductFromCartByQuantity()[pri:4, instance:ShopizerUser.TestCase.CartTest.CartTest@36c88a32]" started-at="2023-07-26T23:49:26 ICT" name="RemoveProductFromCartByQuantity" finished-at="2023-07-26T23:49:59 ICT" duration-ms="32904" status="PASS">
          <reporter-output>
          </reporter-output>
        </test-method> <!-- RemoveProductFromCartByQuantity -->
        <test-method is-config="true" signature="TearDown()[pri:0, instance:ShopizerUser.TestCase.CartTest.CartTest@36c88a32]" started-at="2023-07-26T23:49:59 ICT" name="TearDown" finished-at="2023-07-26T23:50:02 ICT" duration-ms="2638" status="PASS">
          <reporter-output>
          </reporter-output>
        </test-method> <!-- TearDown -->
        <test-method is-config="true" signature="Setup()[pri:0, instance:ShopizerUser.TestCase.CartTest.CartTest@36c88a32]" started-at="2023-07-26T23:50:02 ICT" name="Setup" finished-at="2023-07-26T23:50:05 ICT" duration-ms="3067" status="PASS">
          <reporter-output>
          </reporter-output>
        </test-method> <!-- Setup -->
        <test-method signature="RemoveAllProductsFromCart()[pri:5, instance:ShopizerUser.TestCase.CartTest.CartTest@36c88a32]" started-at="2023-07-26T23:50:05 ICT" name="RemoveAllProductsFromCart" finished-at="2023-07-26T23:50:18 ICT" duration-ms="13095" status="FAIL">
          <exception class="java.lang.AssertionError">
            <message>
              <![CDATA[expected [false] but found [true]]]>
            </message>
            <full-stacktrace>
              <![CDATA[java.lang.AssertionError: expected [false] but found [true]
at org.testng.Assert.fail(Assert.java:99)
at org.testng.Assert.failNotEquals(Assert.java:1037)
at org.testng.Assert.assertFalse(Assert.java:67)
at org.testng.Assert.assertFalse(Assert.java:77)
at ShopizerUser.Pages.CartPage.CartPage.RemoveAllProductsFromCart(CartPage.java:67)
at ShopizerUser.TestCase.CartTest.CartTest.RemoveAllProductsFromCart(CartTest.java:70)
at java.base/jdk.internal.reflect.NativeMethodAccessorImpl.invoke0(Native Method)
at java.base/jdk.internal.reflect.NativeMethodAccessorImpl.invoke(NativeMethodAccessorImpl.java:64)
at java.base/jdk.internal.reflect.DelegatingMethodAccessorImpl.invoke(DelegatingMethodAccessorImpl.java:43)
at java.base/java.lang.reflect.Method.invoke(Method.java:564)
at org.testng.internal.MethodInvocationHelper.invokeMethod(MethodInvocationHelper.java:133)
at org.testng.internal.TestInvoker.invokeMethod(TestInvoker.java:598)
at org.testng.internal.TestInvoker.invokeTestMethod(TestInvoker.java:173)
at org.testng.internal.MethodRunner.runInSequence(MethodRunner.java:46)
at org.testng.internal.TestInvoker$MethodInvocationAgent.invoke(TestInvoker.java:824)
at org.testng.internal.TestInvoker.invokeTestMethods(TestInvoker.java:146)
at org.testng.internal.TestMethodWorker.invokeTestMethods(TestMethodWorker.java:146)
at org.testng.internal.TestMethodWorker.run(TestMethodWorker.java:128)
at java.base/java.util.ArrayList.forEach(ArrayList.java:1511)
at org.testng.TestRunner.privateRun(TestRunner.java:794)
at org.testng.TestRunner.run(TestRunner.java:596)
at org.testng.SuiteRunner.runTest(SuiteRunner.java:377)
at org.testng.SuiteRunner.runSequentially(SuiteRunner.java:371)
at org.testng.SuiteRunner.privateRun(SuiteRunner.java:332)
at org.testng.SuiteRunner.run(SuiteRunner.java:276)
at org.testng.SuiteRunnerWorker.runSuite(SuiteRunnerWorker.java:53)
at org.testng.SuiteRunnerWorker.run(SuiteRunnerWorker.java:96)
at org.testng.TestNG.runSuitesSequentially(TestNG.java:1212)
at org.testng.TestNG.runSuitesLocally(TestNG.java:1134)
at org.testng.TestNG.runSuites(TestNG.java:1063)
at org.testng.TestNG.run(TestNG.java:1031)
at com.intellij.rt.testng.IDEARemoteTestNG.run(IDEARemoteTestNG.java:66)
at com.intellij.rt.testng.RemoteTestNGStarter.main(RemoteTestNGStarter.java:109)
]]>
            </full-stacktrace>
          </exception> <!-- java.lang.AssertionError -->
          <reporter-output>
          </reporter-output>
        </test-method> <!-- RemoveAllProductsFromCart -->
        <test-method is-config="true" signature="TearDown()[pri:0, instance:ShopizerUser.TestCase.CartTest.CartTest@36c88a32]" started-at="2023-07-26T23:50:18 ICT" name="TearDown" finished-at="2023-07-26T23:50:21 ICT" duration-ms="2675" status="PASS">
          <reporter-output>
          </reporter-output>
        </test-method> <!-- TearDown -->
      </class> <!-- ShopizerUser.TestCase.CartTest.CartTest -->
    </test> <!-- D:/Shopizer_test/shopizertest -->
  </suite> <!-- All Test Suite -->
</testng-results>
